cd rakudo && make test
make[1]: Entering directory '/home/coke/sandbox/rakudo-star-daily/star-jvm/rakudo-star-daily/rakudo'
/home/coke/perl5/perlbrew/perls/perl-5.20.1/bin/perl t/harness --jvm t/01-sanity
t/01-sanity/01-literals.t ............ ok
t/01-sanity/02-op-math.t ............. ok
t/01-sanity/03-op-logic.t ............ ok
t/01-sanity/04-op-cmp.t .............. ok
t/01-sanity/05-var.t ................. ok
t/01-sanity/06-op-inplace.t .......... ok
t/01-sanity/07-op-string.t ........... ok
t/01-sanity/08-var-array.t ........... ok
t/01-sanity/09-end-blocks.t .......... ok
t/01-sanity/10-regex.t ............... ok
t/01-sanity/11-tap.t ................. ok
t/01-sanity/12-counter.t ............. ok
t/01-sanity/13-equal.t ............... ok
t/01-sanity/14-if.t .................. ok
t/01-sanity/15-sub.t ................. ok
t/01-sanity/16-eqv.t ................. ok
t/01-sanity/17-isa.t ................. ok
t/01-sanity/18-simple-multisubs.t .... ok
t/01-sanity/19-say.t ................. ok
t/01-sanity/20-defined.t ............. ok
t/01-sanity/21-try.t ................. ok
t/01-sanity/52-parse-include-spec.t .. ok
t/01-sanity/53-transpose.t ........... ok
t/01-sanity/54-use-lib.t ............. ok
t/01-sanity/55-use-trace.t ........... ok
t/01-sanity/99-test-basic.t .......... ok
All tests successful.
Files=26, Tests=332, 36 wallclock secs ( 0.12 usr  0.02 sys +  0.87 cusr  0.05 csys =  1.06 CPU)
Result: PASS
/home/coke/perl5/perlbrew/perls/perl-5.20.1/bin/perl t/harness --jvm t/03-jvm
t/03-jvm/01-interop.t .. 
Failed 17/25 subtests 

Test Summary Report
-------------------
t/03-jvm/01-interop.t (Wstat: 0 Tests: 8 Failed: 0)
  Parse errors: Bad plan.  You planned 25 tests but ran 8.
Files=1, Tests=8,  8 wallclock secs ( 0.02 usr  0.01 sys +  0.03 cusr  0.00 csys =  0.06 CPU)
Result: FAIL
/home/coke/perl5/perlbrew/perls/perl-5.20.1/bin/perl t/harness --jvm t/04-nativecall
t/04-nativecall/01-argless.t ......... 
Failed 3/3 subtests 
t/04-nativecall/02-simple-args.t ..... 
Failed 12/12 subtests 
t/04-nativecall/03-simple-returns.t .. 
Failed 11/11 subtests 
t/04-nativecall/04-pointers.t ........ 
Failed 15/15 subtests 
t/04-nativecall/05-arrays.t .......... 
Failed 33/33 subtests 
t/04-nativecall/06-struct.t .......... 
Failed 20/25 subtests 
t/04-nativecall/07-writebarrier.t .... 
Failed 7/7 subtests 
t/04-nativecall/08-callbacks.t ....... 
Failed 8/8 subtests 
t/04-nativecall/09-nativecast.t ...... 
Failed 9/9 subtests 
t/04-nativecall/10-cglobals.t ........ 
Failed 7/7 subtests 
t/04-nativecall/12-sizeof.t .......... 
Failed 7/7 subtests 
t/04-nativecall/13-union.t ........... 
Failed 27/28 subtests 
t/04-nativecall/14-rw-attrs.t ........ 
Failed 12/16 subtests 
t/04-nativecall/15-rw-args.t ......... 
Failed 10/10 subtests 
t/04-nativecall/16-rt125408.t ........ 
Failed 1/1 subtests 
t/04-nativecall/16-rt125729.t ........ ok

Test Summary Report
-------------------
t/04-nativecall/01-argless.t       (Wstat: 0 Tests: 0 Failed: 0)
  Parse errors: Bad plan.  You planned 3 tests but ran 0.
t/04-nativecall/02-simple-args.t   (Wstat: 0 Tests: 0 Failed: 0)
  Parse errors: Bad plan.  You planned 12 tests but ran 0.
t/04-nativecall/03-simple-returns.t (Wstat: 0 Tests: 0 Failed: 0)
  Parse errors: Bad plan.  You planned 11 tests but ran 0.
t/04-nativecall/04-pointers.t      (Wstat: 0 Tests: 0 Failed: 0)
  Parse errors: Bad plan.  You planned 15 tests but ran 0.
t/04-nativecall/05-arrays.t        (Wstat: 0 Tests: 0 Failed: 0)
  Parse errors: Bad plan.  You planned 33 tests but ran 0.
t/04-nativecall/06-struct.t        (Wstat: 0 Tests: 5 Failed: 0)
  Parse errors: Bad plan.  You planned 25 tests but ran 5.
t/04-nativecall/07-writebarrier.t  (Wstat: 0 Tests: 0 Failed: 0)
  Parse errors: Bad plan.  You planned 7 tests but ran 0.
t/04-nativecall/08-callbacks.t     (Wstat: 0 Tests: 0 Failed: 0)
  Parse errors: Bad plan.  You planned 8 tests but ran 0.
t/04-nativecall/09-nativecast.t    (Wstat: 0 Tests: 0 Failed: 0)
  Parse errors: Bad plan.  You planned 9 tests but ran 0.
t/04-nativecall/10-cglobals.t      (Wstat: 0 Tests: 0 Failed: 0)
  Parse errors: Bad plan.  You planned 7 tests but ran 0.
t/04-nativecall/12-sizeof.t        (Wstat: 0 Tests: 0 Failed: 0)
  Parse errors: Bad plan.  You planned 7 tests but ran 0.
t/04-nativecall/13-union.t         (Wstat: 0 Tests: 1 Failed: 0)
  Parse errors: Bad plan.  You planned 28 tests but ran 1.
t/04-nativecall/14-rw-attrs.t      (Wstat: 0 Tests: 4 Failed: 0)
  Parse errors: Bad plan.  You planned 16 tests but ran 4.
t/04-nativecall/15-rw-args.t       (Wstat: 0 Tests: 0 Failed: 0)
  Parse errors: Bad plan.  You planned 10 tests but ran 0.
t/04-nativecall/16-rt125408.t      (Wstat: 0 Tests: 1 Failed: 1)
  Failed test:  1
Files=16, Tests=12, 59 wallclock secs ( 0.07 usr  0.02 sys +  0.49 cusr  0.02 csys =  0.60 CPU)
Result: FAIL
make[1]: Leaving directory '/home/coke/sandbox/rakudo-star-daily/star-jvm/rakudo-star-daily/rakudo'
