/home/coke/perl5/perlbrew/perls/perl-5.20.1/bin/perl tools/build/modules-test.pl /home/coke/sandbox/rakudo-star-daily/star-jvm/rakudo-star-daily /home/coke/sandbox/rakudo-star-daily/star-jvm/rakudo-star-daily/install/bin/perl6-j modules/MODULES.txt
Testing modules/xml-writer with /home/coke/sandbox/rakudo-star-daily/star-jvm/rakudo-star-daily/install/bin/perl6-j...
t/escaping.t ... ok
t/structure.t .. ok
All tests successful.
Files=2, Tests=11, 13 wallclock secs ( 0.03 usr  0.01 sys + 29.94 cusr  0.71 csys = 30.69 CPU)
Result: PASS

Testing modules/svg with /home/coke/sandbox/rakudo-star-daily/star-jvm/rakudo-star-daily/install/bin/perl6-j...
t/basics.t .. ok
All tests successful.
Files=1, Tests=3,  8 wallclock secs ( 0.02 usr  0.01 sys + 16.39 cusr  0.34 csys = 16.76 CPU)
Result: PASS

Testing modules/svg-plot with /home/coke/sandbox/rakudo-star-daily/star-jvm/rakudo-star-daily/install/bin/perl6-j...
t/series.t .. ok
t/ticks.t ... ok
All tests successful.
Files=2, Tests=10, 12 wallclock secs ( 0.02 usr  0.00 sys + 27.20 cusr  0.62 csys = 27.84 CPU)
Result: PASS

Testing modules/Terminal-ANSIColor with /home/coke/sandbox/rakudo-star-daily/star-jvm/rakudo-star-daily/install/bin/perl6-j...
t/00-load.t .. ok
All tests successful.
Files=1, Tests=1,  5 wallclock secs ( 0.01 usr  0.01 sys + 12.08 cusr  0.28 csys = 12.38 CPU)
Result: PASS

Testing modules/test-mock with /home/coke/sandbox/rakudo-star-daily/star-jvm/rakudo-star-daily/install/bin/perl6-j...
t/returning.t .. ok
t/synopsis.t ... ok
t/with.t ....... ok
All tests successful.
Files=3, Tests=13, 20 wallclock secs ( 0.03 usr  0.00 sys + 43.65 cusr  0.98 csys = 44.66 CPU)
Result: PASS

Testing modules/Grammar-Profiler-Simple with /home/coke/sandbox/rakudo-star-daily/star-jvm/rakudo-star-daily/install/bin/perl6-j...

# Failed test 'Rule ``value'' was called 6 times'
# at t/csv.t line 27
# expected: '3'
#      got: '6'

# Failed test 'Rule ``value'' was called 7 times'
# at t/csv.t line 27
# expected: '4'
#      got: '7'

# Failed test 'Rule ``value'' was called 14 times'
# at t/csv.t line 27
# expected: '5'
#      got: '14'
# Looks like you failed 3 tests of 15
t/csv.t .. 
Dubious, test returned 3 (wstat 768, 0x300)
Failed 3/15 subtests 

Test Summary Report
-------------------
t/csv.t (Wstat: 768 Tests: 15 Failed: 3)
  Failed tests:  7, 10, 13
  Non-zero exit status: 3
Files=1, Tests=15,  8 wallclock secs ( 0.02 usr  0.00 sys + 19.28 cusr  0.34 csys = 19.64 CPU)
Result: FAIL

Testing modules/grammar-debugger with /home/coke/sandbox/rakudo-star-daily/star-jvm/rakudo-star-daily/install/bin/perl6-j...
t/debugger.t .. ok
t/tracer.t .... ok
All tests successful.
Files=2, Tests=2, 14 wallclock secs ( 0.02 usr  0.00 sys + 31.62 cusr  0.68 csys = 32.32 CPU)
Result: PASS

Testing modules/Perl6-MIME-Base64 with /home/coke/sandbox/rakudo-star-daily/star-jvm/rakudo-star-daily/install/bin/perl6-j...
t/basic.t ................. ok
t/binary-and-long-line.t .. ok
t/oneline.t ............... ok
t/rfc4648-test-vector.t ... ok
All tests successful.
Files=4, Tests=47, 33 wallclock secs ( 0.02 usr  0.02 sys + 78.67 cusr  1.57 csys = 80.28 CPU)
Result: PASS

Testing modules/uri with /home/coke/sandbox/rakudo-star-daily/star-jvm/rakudo-star-daily/install/bin/perl6-j...

# Failed test 'query param foo'
# at t/01.t line 84
# expected: 'cod'
#      got: (Any)

# Failed test 'snake case query param foo'
# at t/01.t line 85
# expected: 'cod'
#      got: (Any)

# Failed test 'query param bell'
# at t/01.t line 86
# expected: 'bob'
#      got: (Any)

# Failed test 'query param foo - el 1'
# at t/01.t line 89
# expected: 'cod'
#      got: (Any)

# Failed test 'query param foo - el 2'
# at t/01.t line 90
# expected: 'trout'
#      got: (Any)

# Failed test 'query param foo - el 2 without frag'
# at t/01.t line 94
# expected: 'trout'
#      got: (Any)

# Failed test 'query param foo - el 2 relative path'
# at t/01.t line 97
# expected: 'trout'
#      got: (Any)

# Failed test 'query param foo - el 2 relative path without frag'
# at t/01.t line 100
# expected: 'trout'
#      got: (Any)
# Looks like you failed 8 tests of 47
t/01.t ................... 
Dubious, test returned 8 (wstat 2048, 0x800)
Failed 8/47 subtests 
t/escape.t ............... ok
t/november-urlencoded.t .. ok
t/rfc-3986-examples.t .... ok

Test Summary Report
-------------------
t/01.t                 (Wstat: 2048 Tests: 47 Failed: 8)
  Failed tests:  33-37, 39-41
  Non-zero exit status: 8
Files=4, Tests=93, 36 wallclock secs ( 0.05 usr  0.01 sys + 82.71 cusr  1.53 csys = 84.30 CPU)
Result: FAIL

Testing modules/perl6-lwp-simple with /home/coke/sandbox/rakudo-star-daily/star-jvm/rakudo-star-daily/install/bin/perl6-j...
t/000-load-module.t ............. ok
java.lang.RuntimeException: Cannot access a native attribute as a reference attribute
  in method parse_response at /home/coke/sandbox/rakudo-star-daily/star-jvm/rakudo-star-daily/install/share/perl6/lib/LWP/Simple.pm:290
  in method make_request at /home/coke/sandbox/rakudo-star-daily/star-jvm/rakudo-star-daily/install/share/perl6/lib/LWP/Simple.pm:242
  in method request_shell at /home/coke/sandbox/rakudo-star-daily/star-jvm/rakudo-star-daily/install/share/perl6/lib/LWP/Simple.pm:79
  in method get at /home/coke/sandbox/rakudo-star-daily/star-jvm/rakudo-star-daily/install/share/perl6/lib/LWP/Simple.pm:30
  in block <unit> at t/basic-auth.t:32

# Looks like you planned 9 tests, but ran 8
t/basic-auth.t .................. 
Dubious, test returned 255 (wstat 65280, 0xff00)
Failed 1/9 subtests 
java.lang.RuntimeException: Cannot access a native attribute as a reference attribute
  in method parse_response at /home/coke/sandbox/rakudo-star-daily/star-jvm/rakudo-star-daily/install/share/perl6/lib/LWP/Simple.pm:290
  in method make_request at /home/coke/sandbox/rakudo-star-daily/star-jvm/rakudo-star-daily/install/share/perl6/lib/LWP/Simple.pm:242
  in method request_shell at /home/coke/sandbox/rakudo-star-daily/star-jvm/rakudo-star-daily/install/share/perl6/lib/LWP/Simple.pm:79
  in method post at /home/coke/sandbox/rakudo-star-daily/star-jvm/rakudo-star-daily/install/share/perl6/lib/LWP/Simple.pm:38
  in block <unit> at t/custom-headers-and-content.t:11

t/custom-headers-and-content.t .. 
Dubious, test returned 255 (wstat 65280, 0xff00)
Failed 1/1 subtests 
java.lang.RuntimeException: Cannot access a native attribute as a reference attribute
  in method parse_response at /home/coke/sandbox/rakudo-star-daily/star-jvm/rakudo-star-daily/install/share/perl6/lib/LWP/Simple.pm:290
  in method make_request at /home/coke/sandbox/rakudo-star-daily/star-jvm/rakudo-star-daily/install/share/perl6/lib/LWP/Simple.pm:242
  in method request_shell at /home/coke/sandbox/rakudo-star-daily/star-jvm/rakudo-star-daily/install/share/perl6/lib/LWP/Simple.pm:79
  in method get at /home/coke/sandbox/rakudo-star-daily/star-jvm/rakudo-star-daily/install/share/perl6/lib/LWP/Simple.pm:30
  in block <unit> at t/get-binary-camelia.t:9

t/get-binary-camelia.t .......... 
Dubious, test returned 255 (wstat 65280, 0xff00)
Failed 1/1 subtests 
java.lang.RuntimeException: Cannot access a native attribute as a reference attribute
  in method parse_response at /home/coke/sandbox/rakudo-star-daily/star-jvm/rakudo-star-daily/install/share/perl6/lib/LWP/Simple.pm:290
  in method make_request at /home/coke/sandbox/rakudo-star-daily/star-jvm/rakudo-star-daily/install/share/perl6/lib/LWP/Simple.pm:242
  in method request_shell at /home/coke/sandbox/rakudo-star-daily/star-jvm/rakudo-star-daily/install/share/perl6/lib/LWP/Simple.pm:79
  in method get at /home/coke/sandbox/rakudo-star-daily/star-jvm/rakudo-star-daily/install/share/perl6/lib/LWP/Simple.pm:30
  in block <unit> at t/get-chunked-6guts.t:10

t/get-chunked-6guts.t ........... 
Dubious, test returned 255 (wstat 65280, 0xff00)
Failed 1/1 subtests 
java.lang.RuntimeException: Cannot access a native attribute as a reference attribute
  in method parse_response at /home/coke/sandbox/rakudo-star-daily/star-jvm/rakudo-star-daily/install/share/perl6/lib/LWP/Simple.pm:290
  in method make_request at /home/coke/sandbox/rakudo-star-daily/star-jvm/rakudo-star-daily/install/share/perl6/lib/LWP/Simple.pm:242
  in method request_shell at /home/coke/sandbox/rakudo-star-daily/star-jvm/rakudo-star-daily/install/share/perl6/lib/LWP/Simple.pm:79
  in method get at /home/coke/sandbox/rakudo-star-daily/star-jvm/rakudo-star-daily/install/share/perl6/lib/LWP/Simple.pm:30
  in block <unit> at t/get-perl6-org.t:9

t/get-perl6-org.t ............... 
Dubious, test returned 255 (wstat 65280, 0xff00)
Failed 2/2 subtests 
java.lang.RuntimeException: Cannot access a native attribute as a reference attribute
  in method parse_response at /home/coke/sandbox/rakudo-star-daily/star-jvm/rakudo-star-daily/install/share/perl6/lib/LWP/Simple.pm:290
  in method make_request at /home/coke/sandbox/rakudo-star-daily/star-jvm/rakudo-star-daily/install/share/perl6/lib/LWP/Simple.pm:242
  in method request_shell at /home/coke/sandbox/rakudo-star-daily/star-jvm/rakudo-star-daily/install/share/perl6/lib/LWP/Simple.pm:79
  in method get at /home/coke/sandbox/rakudo-star-daily/star-jvm/rakudo-star-daily/install/share/perl6/lib/LWP/Simple.pm:30
  in block <unit> at t/get-unsized.t:10

t/get-unsized.t ................. 
Dubious, test returned 255 (wstat 65280, 0xff00)
Failed 1/1 subtests 
java.lang.RuntimeException: Cannot access a native attribute as a reference attribute
  in method parse_response at /home/coke/sandbox/rakudo-star-daily/star-jvm/rakudo-star-daily/install/share/perl6/lib/LWP/Simple.pm:290
  in method make_request at /home/coke/sandbox/rakudo-star-daily/star-jvm/rakudo-star-daily/install/share/perl6/lib/LWP/Simple.pm:242
  in method request_shell at /home/coke/sandbox/rakudo-star-daily/star-jvm/rakudo-star-daily/install/share/perl6/lib/LWP/Simple.pm:79
  in method get at /home/coke/sandbox/rakudo-star-daily/star-jvm/rakudo-star-daily/install/share/perl6/lib/LWP/Simple.pm:30
  in block <unit> at t/get-w3-latin1-utf8.t:8

t/get-w3-latin1-utf8.t .......... 
Dubious, test returned 255 (wstat 65280, 0xff00)
Failed 2/2 subtests 
java.lang.RuntimeException: Cannot access a native attribute as a reference attribute
  in method parse_response at /home/coke/sandbox/rakudo-star-daily/star-jvm/rakudo-star-daily/install/share/perl6/lib/LWP/Simple.pm:290
  in method make_request at /home/coke/sandbox/rakudo-star-daily/star-jvm/rakudo-star-daily/install/share/perl6/lib/LWP/Simple.pm:242
  in method request_shell at /home/coke/sandbox/rakudo-star-daily/star-jvm/rakudo-star-daily/install/share/perl6/lib/LWP/Simple.pm:79
  in method get at /home/coke/sandbox/rakudo-star-daily/star-jvm/rakudo-star-daily/install/share/perl6/lib/LWP/Simple.pm:30
  in block <unit> at t/get-w3-redirect.t:9

t/get-w3-redirect.t ............. 
Dubious, test returned 255 (wstat 65280, 0xff00)
Failed 1/1 subtests 
java.lang.RuntimeException: Cannot access a native attribute as a reference attribute
  in method parse_response at /home/coke/sandbox/rakudo-star-daily/star-jvm/rakudo-star-daily/install/share/perl6/lib/LWP/Simple.pm:290
  in method make_request at /home/coke/sandbox/rakudo-star-daily/star-jvm/rakudo-star-daily/install/share/perl6/lib/LWP/Simple.pm:242
  in method request_shell at /home/coke/sandbox/rakudo-star-daily/star-jvm/rakudo-star-daily/install/share/perl6/lib/LWP/Simple.pm:79
  in method get at /home/coke/sandbox/rakudo-star-daily/star-jvm/rakudo-star-daily/install/share/perl6/lib/LWP/Simple.pm:30
  in method getstore at /home/coke/sandbox/rakudo-star-daily/star-jvm/rakudo-star-daily/install/share/perl6/lib/LWP/Simple.pm:317
  in block <unit> at t/getstore.t:11

t/getstore.t .................... 
Dubious, test returned 255 (wstat 65280, 0xff00)
Failed 4/4 subtests 
t/parse-url.t ................... ok
t/socket-sanity.t ............... ok
t/stringify-headers.t ........... ok

Test Summary Report
-------------------
t/basic-auth.t                (Wstat: 65280 Tests: 8 Failed: 0)
  Non-zero exit status: 255
  Parse errors: Bad plan.  You planned 9 tests but ran 8.
t/custom-headers-and-content.t (Wstat: 65280 Tests: 0 Failed: 0)
  Non-zero exit status: 255
  Parse errors: Bad plan.  You planned 1 tests but ran 0.
t/get-binary-camelia.t        (Wstat: 65280 Tests: 0 Failed: 0)
  Non-zero exit status: 255
  Parse errors: Bad plan.  You planned 1 tests but ran 0.
t/get-chunked-6guts.t         (Wstat: 65280 Tests: 0 Failed: 0)
  Non-zero exit status: 255
  Parse errors: Bad plan.  You planned 1 tests but ran 0.
t/get-perl6-org.t             (Wstat: 65280 Tests: 0 Failed: 0)
  Non-zero exit status: 255
  Parse errors: Bad plan.  You planned 2 tests but ran 0.
t/get-unsized.t               (Wstat: 65280 Tests: 0 Failed: 0)
  Non-zero exit status: 255
  Parse errors: Bad plan.  You planned 1 tests but ran 0.
t/get-w3-latin1-utf8.t        (Wstat: 65280 Tests: 0 Failed: 0)
  Non-zero exit status: 255
  Parse errors: Bad plan.  You planned 2 tests but ran 0.
t/get-w3-redirect.t           (Wstat: 65280 Tests: 0 Failed: 0)
  Non-zero exit status: 255
  Parse errors: Bad plan.  You planned 1 tests but ran 0.
t/getstore.t                  (Wstat: 65280 Tests: 0 Failed: 0)
  Non-zero exit status: 255
  Parse errors: Bad plan.  You planned 4 tests but ran 0.
Files=13, Tests=42, 124 wallclock secs ( 0.06 usr  0.02 sys + 278.21 cusr  5.28 csys = 283.57 CPU)
Result: FAIL

Testing modules/json with /home/coke/sandbox/rakudo-star-daily/star-jvm/rakudo-star-daily/install/bin/perl6-j...
t/01-parse.t ...... ok
t/02-structure.t .. ok
t/03-unicode.t .... ok
t/04-roundtrip.t .. ok
t/05-utf16.t ...... ok
All tests successful.
Files=5, Tests=122, 42 wallclock secs ( 0.05 usr  0.02 sys + 94.88 cusr  1.80 csys = 96.75 CPU)
Result: PASS

Testing modules/perl6-digest-md5 with /home/coke/sandbox/rakudo-star-daily/star-jvm/rakudo-star-daily/install/bin/perl6-j...
t/0-load-module.t .. ok
Use of Nil in numeric context  in sub infix:<⊞> at /home/coke/sandbox/rakudo-star-daily/star-jvm/rakudo-star-daily/install/share/perl6/lib/Digest/MD5.pm:7
Use of Nil in numeric context  in sub infix:<⊞> at /home/coke/sandbox/rakudo-star-daily/star-jvm/rakudo-star-daily/install/share/perl6/lib/Digest/MD5.pm:7
Use of Nil in numeric context  in sub infix:<⊞> at /home/coke/sandbox/rakudo-star-daily/star-jvm/rakudo-star-daily/install/share/perl6/lib/Digest/MD5.pm:7
Use of Nil in numeric context  in sub infix:<⊞> at /home/coke/sandbox/rakudo-star-daily/star-jvm/rakudo-star-daily/install/share/perl6/lib/Digest/MD5.pm:7
Use of Nil in numeric context  in sub infix:<⊞> at /home/coke/sandbox/rakudo-star-daily/star-jvm/rakudo-star-daily/install/share/perl6/lib/Digest/MD5.pm:7
Use of Nil in numeric context  in sub infix:<⊞> at /home/coke/sandbox/rakudo-star-daily/star-jvm/rakudo-star-daily/install/share/perl6/lib/Digest/MD5.pm:7
Use of Nil in numeric context  in sub infix:<⊞> at /home/coke/sandbox/rakudo-star-daily/star-jvm/rakudo-star-daily/install/share/perl6/lib/Digest/MD5.pm:7
Use of Nil in numeric context  in sub infix:<⊞> at /home/coke/sandbox/rakudo-star-daily/star-jvm/rakudo-star-daily/install/share/perl6/lib/Digest/MD5.pm:7
Use of Nil in numeric context  in sub infix:<⊞> at /home/coke/sandbox/rakudo-star-daily/star-jvm/rakudo-star-daily/install/share/perl6/lib/Digest/MD5.pm:7
Use of Nil in numeric context  in sub infix:<⊞> at /home/coke/sandbox/rakudo-star-daily/star-jvm/rakudo-star-daily/install/share/perl6/lib/Digest/MD5.pm:7
Use of Nil in numeric context  in sub infix:<⊞> at /home/coke/sandbox/rakudo-star-daily/star-jvm/rakudo-star-daily/install/share/perl6/lib/Digest/MD5.pm:7
Use of Nil in numeric context  in sub infix:<⊞> at /home/coke/sandbox/rakudo-star-daily/star-jvm/rakudo-star-daily/install/share/perl6/lib/Digest/MD5.pm:7
Use of Nil in numeric context  in sub infix:<⊞> at /home/coke/sandbox/rakudo-star-daily/star-jvm/rakudo-star-daily/install/share/perl6/lib/Digest/MD5.pm:7
Use of Nil in numeric context  in sub infix:<⊞> at /home/coke/sandbox/rakudo-star-daily/star-jvm/rakudo-star-daily/install/share/perl6/lib/Digest/MD5.pm:7
Use of Nil in numeric context  in sub infix:<⊞> at /home/coke/sandbox/rakudo-star-daily/star-jvm/rakudo-star-daily/install/share/perl6/lib/Digest/MD5.pm:7
Use of Nil in numeric context  in sub infix:<⊞> at /home/coke/sandbox/rakudo-star-daily/star-jvm/rakudo-star-daily/install/share/perl6/lib/Digest/MD5.pm:7
Use of Nil in numeric context  in sub infix:<⊞> at /home/coke/sandbox/rakudo-star-daily/star-jvm/rakudo-star-daily/install/share/perl6/lib/Digest/MD5.pm:7
Use of Nil in numeric context  in sub infix:<⊞> at /home/coke/sandbox/rakudo-star-daily/star-jvm/rakudo-star-daily/install/share/perl6/lib/Digest/MD5.pm:7
Use of Nil in numeric context  in sub infix:<⊞> at /home/coke/sandbox/rakudo-star-daily/star-jvm/rakudo-star-daily/install/share/perl6/lib/Digest/MD5.pm:7
Use of Nil in numeric context  in sub infix:<⊞> at /home/coke/sandbox/rakudo-star-daily/star-jvm/rakudo-star-daily/install/share/perl6/lib/Digest/MD5.pm:7
Use of Nil in numeric context  in sub infix:<⊞> at /home/coke/sandbox/rakudo-star-daily/star-jvm/rakudo-star-daily/install/share/perl6/lib/Digest/MD5.pm:7
Use of Nil in numeric context  in sub infix:<⊞> at /home/coke/sandbox/rakudo-star-daily/star-jvm/rakudo-star-daily/install/share/perl6/lib/Digest/MD5.pm:7
Use of Nil in numeric context  in sub infix:<⊞> at /home/coke/sandbox/rakudo-star-daily/star-jvm/rakudo-star-daily/install/share/perl6/lib/Digest/MD5.pm:7
Use of Nil in numeric context  in sub infix:<⊞> at /home/coke/sandbox/rakudo-star-daily/star-jvm/rakudo-star-daily/install/share/perl6/lib/Digest/MD5.pm:7
Use of Nil in numeric context  in sub infix:<⊞> at /home/coke/sandbox/rakudo-star-daily/star-jvm/rakudo-star-daily/install/share/perl6/lib/Digest/MD5.pm:7
Use of Nil in numeric context  in sub infix:<⊞> at /home/coke/sandbox/rakudo-star-daily/star-jvm/rakudo-star-daily/install/share/perl6/lib/Digest/MD5.pm:7
Use of Nil in numeric context  in sub infix:<⊞> at /home/coke/sandbox/rakudo-star-daily/star-jvm/rakudo-star-daily/install/share/perl6/lib/Digest/MD5.pm:7
Use of Nil in numeric context  in sub infix:<⊞> at /home/coke/sandbox/rakudo-star-daily/star-jvm/rakudo-star-daily/install/share/perl6/lib/Digest/MD5.pm:7
Use of Nil in numeric context  in sub infix:<⊞> at /home/coke/sandbox/rakudo-star-daily/star-jvm/rakudo-star-daily/install/share/perl6/lib/Digest/MD5.pm:7
Use of Nil in numeric context  in sub infix:<⊞> at /home/coke/sandbox/rakudo-star-daily/star-jvm/rakudo-star-daily/install/share/perl6/lib/Digest/MD5.pm:7
Use of Nil in numeric context  in sub infix:<⊞> at /home/coke/sandbox/rakudo-star-daily/star-jvm/rakudo-star-daily/install/share/perl6/lib/Digest/MD5.pm:7
Use of Nil in numeric context  in sub infix:<⊞> at /home/coke/sandbox/rakudo-star-daily/star-jvm/rakudo-star-daily/install/share/perl6/lib/Digest/MD5.pm:7
Use of Nil in numeric context  in sub infix:<⊞> at /home/coke/sandbox/rakudo-star-daily/star-jvm/rakudo-star-daily/install/share/perl6/lib/Digest/MD5.pm:7
Use of Nil in numeric context  in sub infix:<⊞> at /home/coke/sandbox/rakudo-star-daily/star-jvm/rakudo-star-daily/install/share/perl6/lib/Digest/MD5.pm:7
Use of Nil in numeric context  in sub infix:<⊞> at /home/coke/sandbox/rakudo-star-daily/star-jvm/rakudo-star-daily/install/share/perl6/lib/Digest/MD5.pm:7
Use of Nil in numeric context  in sub infix:<⊞> at /home/coke/sandbox/rakudo-star-daily/star-jvm/rakudo-star-daily/install/share/perl6/lib/Digest/MD5.pm:7
Use of Nil in numeric context  in sub infix:<⊞> at /home/coke/sandbox/rakudo-star-daily/star-jvm/rakudo-star-daily/install/share/perl6/lib/Digest/MD5.pm:7
Use of Nil in numeric context  in sub infix:<⊞> at /home/coke/sandbox/rakudo-star-daily/star-jvm/rakudo-star-daily/install/share/perl6/lib/Digest/MD5.pm:7
Use of Nil in numeric context  in sub infix:<⊞> at /home/coke/sandbox/rakudo-star-daily/star-jvm/rakudo-star-daily/install/share/perl6/lib/Digest/MD5.pm:7
Use of Nil in numeric context  in sub infix:<⊞> at /home/coke/sandbox/rakudo-star-daily/star-jvm/rakudo-star-daily/install/share/perl6/lib/Digest/MD5.pm:7
Use of Nil in numeric context  in sub infix:<⊞> at /home/coke/sandbox/rakudo-star-daily/star-jvm/rakudo-star-daily/install/share/perl6/lib/Digest/MD5.pm:7
Use of Nil in numeric context  in sub infix:<⊞> at /home/coke/sandbox/rakudo-star-daily/star-jvm/rakudo-star-daily/install/share/perl6/lib/Digest/MD5.pm:7
Use of Nil in numeric context  in sub infix:<⊞> at /home/coke/sandbox/rakudo-star-daily/star-jvm/rakudo-star-daily/install/share/perl6/lib/Digest/MD5.pm:7
Use of Nil in numeric context  in sub infix:<⊞> at /home/coke/sandbox/rakudo-star-daily/star-jvm/rakudo-star-daily/install/share/perl6/lib/Digest/MD5.pm:7
Use of Nil in numeric context  in sub infix:<⊞> at /home/coke/sandbox/rakudo-star-daily/star-jvm/rakudo-star-daily/install/share/perl6/lib/Digest/MD5.pm:7
Use of Nil in numeric context  in sub infix:<⊞> at /home/coke/sandbox/rakudo-star-daily/star-jvm/rakudo-star-daily/install/share/perl6/lib/Digest/MD5.pm:7
Use of Nil in numeric context  in sub infix:<⊞> at /home/coke/sandbox/rakudo-star-daily/star-jvm/rakudo-star-daily/install/share/perl6/lib/Digest/MD5.pm:7
Use of Nil in numeric context  in sub infix:<⊞> at /home/coke/sandbox/rakudo-star-daily/star-jvm/rakudo-star-daily/install/share/perl6/lib/Digest/MD5.pm:7
Use of Nil in numeric context  in sub infix:<⊞> at /home/coke/sandbox/rakudo-star-daily/star-jvm/rakudo-star-daily/install/share/perl6/lib/Digest/MD5.pm:7
Use of Nil in numeric context  in sub infix:<⊞> at /home/coke/sandbox/rakudo-star-daily/star-jvm/rakudo-star-daily/install/share/perl6/lib/Digest/MD5.pm:7
Use of Nil in numeric context  in sub infix:<⊞> at /home/coke/sandbox/rakudo-star-daily/star-jvm/rakudo-star-daily/install/share/perl6/lib/Digest/MD5.pm:7
Use of Nil in numeric context  in sub infix:<⊞> at /home/coke/sandbox/rakudo-star-daily/star-jvm/rakudo-star-daily/install/share/perl6/lib/Digest/MD5.pm:7
Use of Nil in numeric context  in sub infix:<⊞> at /home/coke/sandbox/rakudo-star-daily/star-jvm/rakudo-star-daily/install/share/perl6/lib/Digest/MD5.pm:7
Use of Nil in numeric context  in sub infix:<⊞> at /home/coke/sandbox/rakudo-star-daily/star-jvm/rakudo-star-daily/install/share/perl6/lib/Digest/MD5.pm:7
Use of Nil in numeric context  in sub infix:<⊞> at /home/coke/sandbox/rakudo-star-daily/star-jvm/rakudo-star-daily/install/share/perl6/lib/Digest/MD5.pm:7
Use of Nil in numeric context  in sub infix:<⊞> at /home/coke/sandbox/rakudo-star-daily/star-jvm/rakudo-star-daily/install/share/perl6/lib/Digest/MD5.pm:7
Use of Nil in numeric context  in sub infix:<⊞> at /home/coke/sandbox/rakudo-star-daily/star-jvm/rakudo-star-daily/install/share/perl6/lib/Digest/MD5.pm:7
Use of Nil in numeric context  in sub infix:<⊞> at /home/coke/sandbox/rakudo-star-daily/star-jvm/rakudo-star-daily/install/share/perl6/lib/Digest/MD5.pm:7
Use of Nil in numeric context  in sub infix:<⊞> at /home/coke/sandbox/rakudo-star-daily/star-jvm/rakudo-star-daily/install/share/perl6/lib/Digest/MD5.pm:7
Use of Nil in numeric context  in sub infix:<⊞> at /home/coke/sandbox/rakudo-star-daily/star-jvm/rakudo-star-daily/install/share/perl6/lib/Digest/MD5.pm:7
Use of Nil in numeric context  in sub infix:<⊞> at /home/coke/sandbox/rakudo-star-daily/star-jvm/rakudo-star-daily/install/share/perl6/lib/Digest/MD5.pm:7
Use of Nil in numeric context  in sub infix:<⊞> at /home/coke/sandbox/rakudo-star-daily/star-jvm/rakudo-star-daily/install/share/perl6/lib/Digest/MD5.pm:7
Use of Nil in numeric context  in sub infix:<⊞> at /home/coke/sandbox/rakudo-star-daily/star-jvm/rakudo-star-daily/install/share/perl6/lib/Digest/MD5.pm:7
Use of Nil in numeric context  in sub infix:<⊞> at /home/coke/sandbox/rakudo-star-daily/star-jvm/rakudo-star-daily/install/share/perl6/lib/Digest/MD5.pm:7

# Failed test 'MD5 hex of 'Hello World' must be 'b10a8db164e0754105b7a99be72e3fe5' (static method)'
# at t/perl5-compat.t line 20
# expected: 'b10a8db164e0754105b7a99be72e3fe5'
#      got: '9915155faf30250834866ff42c29307a'
Use of Nil in numeric context  in sub infix:<⊞> at /home/coke/sandbox/rakudo-star-daily/star-jvm/rakudo-star-daily/install/share/perl6/lib/Digest/MD5.pm:7
Use of Nil in numeric context  in sub infix:<⊞> at /home/coke/sandbox/rakudo-star-daily/star-jvm/rakudo-star-daily/install/share/perl6/lib/Digest/MD5.pm:7
Use of Nil in numeric context  in sub infix:<⊞> at /home/coke/sandbox/rakudo-star-daily/star-jvm/rakudo-star-daily/install/share/perl6/lib/Digest/MD5.pm:7
Use of Nil in numeric context  in sub infix:<⊞> at /home/coke/sandbox/rakudo-star-daily/star-jvm/rakudo-star-daily/install/share/perl6/lib/Digest/MD5.pm:7
Use of Nil in numeric context  in sub infix:<⊞> at /home/coke/sandbox/rakudo-star-daily/star-jvm/rakudo-star-daily/install/share/perl6/lib/Digest/MD5.pm:7
Use of Nil in numeric context  in sub infix:<⊞> at /home/coke/sandbox/rakudo-star-daily/star-jvm/rakudo-star-daily/install/share/perl6/lib/Digest/MD5.pm:7
Use of Nil in numeric context  in sub infix:<⊞> at /home/coke/sandbox/rakudo-star-daily/star-jvm/rakudo-star-daily/install/share/perl6/lib/Digest/MD5.pm:7
Use of Nil in numeric context  in sub infix:<⊞> at /home/coke/sandbox/rakudo-star-daily/star-jvm/rakudo-star-daily/install/share/perl6/lib/Digest/MD5.pm:7
Use of Nil in numeric context  in sub infix:<⊞> at /home/coke/sandbox/rakudo-star-daily/star-jvm/rakudo-star-daily/install/share/perl6/lib/Digest/MD5.pm:7
Use of Nil in numeric context  in sub infix:<⊞> at /home/coke/sandbox/rakudo-star-daily/star-jvm/rakudo-star-daily/install/share/perl6/lib/Digest/MD5.pm:7
Use of Nil in numeric context  in sub infix:<⊞> at /home/coke/sandbox/rakudo-star-daily/star-jvm/rakudo-star-daily/install/share/perl6/lib/Digest/MD5.pm:7
Use of Nil in numeric context  in sub infix:<⊞> at /home/coke/sandbox/rakudo-star-daily/star-jvm/rakudo-star-daily/install/share/perl6/lib/Digest/MD5.pm:7
Use of Nil in numeric context  in sub infix:<⊞> at /home/coke/sandbox/rakudo-star-daily/star-jvm/rakudo-star-daily/install/share/perl6/lib/Digest/MD5.pm:7
Use of Nil in numeric context  in sub infix:<⊞> at /home/coke/sandbox/rakudo-star-daily/star-jvm/rakudo-star-daily/install/share/perl6/lib/Digest/MD5.pm:7
Use of Nil in numeric context  in sub infix:<⊞> at /home/coke/sandbox/rakudo-star-daily/star-jvm/rakudo-star-daily/install/share/perl6/lib/Digest/MD5.pm:7
Use of Nil in numeric context  in sub infix:<⊞> at /home/coke/sandbox/rakudo-star-daily/star-jvm/rakudo-star-daily/install/share/perl6/lib/Digest/MD5.pm:7
Use of Nil in numeric context  in sub infix:<⊞> at /home/coke/sandbox/rakudo-star-daily/star-jvm/rakudo-star-daily/install/share/perl6/lib/Digest/MD5.pm:7
Use of Nil in numeric context  in sub infix:<⊞> at /home/coke/sandbox/rakudo-star-daily/star-jvm/rakudo-star-daily/install/share/perl6/lib/Digest/MD5.pm:7
Use of Nil in numeric context  in sub infix:<⊞> at /home/coke/sandbox/rakudo-star-daily/star-jvm/rakudo-star-daily/install/share/perl6/lib/Digest/MD5.pm:7
Use of Nil in numeric context  in sub infix:<⊞> at /home/coke/sandbox/rakudo-star-daily/star-jvm/rakudo-star-daily/install/share/perl6/lib/Digest/MD5.pm:7
Use of Nil in numeric context  in sub infix:<⊞> at /home/coke/sandbox/rakudo-star-daily/star-jvm/rakudo-star-daily/install/share/perl6/lib/Digest/MD5.pm:7
Use of Nil in numeric context  in sub infix:<⊞> at /home/coke/sandbox/rakudo-star-daily/star-jvm/rakudo-star-daily/install/share/perl6/lib/Digest/MD5.pm:7
Use of Nil in numeric context  in sub infix:<⊞> at /home/coke/sandbox/rakudo-star-daily/star-jvm/rakudo-star-daily/install/share/perl6/lib/Digest/MD5.pm:7
Use of Nil in numeric context  in sub infix:<⊞> at /home/coke/sandbox/rakudo-star-daily/star-jvm/rakudo-star-daily/install/share/perl6/lib/Digest/MD5.pm:7
Use of Nil in numeric context  in sub infix:<⊞> at /home/coke/sandbox/rakudo-star-daily/star-jvm/rakudo-star-daily/install/share/perl6/lib/Digest/MD5.pm:7
Use of Nil in numeric context  in sub infix:<⊞> at /home/coke/sandbox/rakudo-star-daily/star-jvm/rakudo-star-daily/install/share/perl6/lib/Digest/MD5.pm:7
Use of Nil in numeric context  in sub infix:<⊞> at /home/coke/sandbox/rakudo-star-daily/star-jvm/rakudo-star-daily/install/share/perl6/lib/Digest/MD5.pm:7
Use of Nil in numeric context  in sub infix:<⊞> at /home/coke/sandbox/rakudo-star-daily/star-jvm/rakudo-star-daily/install/share/perl6/lib/Digest/MD5.pm:7
Use of Nil in numeric context  in sub infix:<⊞> at /home/coke/sandbox/rakudo-star-daily/star-jvm/rakudo-star-daily/install/share/perl6/lib/Digest/MD5.pm:7
Use of Nil in numeric context  in sub infix:<⊞> at /home/coke/sandbox/rakudo-star-daily/star-jvm/rakudo-star-daily/install/share/perl6/lib/Digest/MD5.pm:7
Use of Nil in numeric context  in sub infix:<⊞> at /home/coke/sandbox/rakudo-star-daily/star-jvm/rakudo-star-daily/install/share/perl6/lib/Digest/MD5.pm:7
Use of Nil in numeric context  in sub infix:<⊞> at /home/coke/sandbox/rakudo-star-daily/star-jvm/rakudo-star-daily/install/share/perl6/lib/Digest/MD5.pm:7
Use of Nil in numeric context  in sub infix:<⊞> at /home/coke/sandbox/rakudo-star-daily/star-jvm/rakudo-star-daily/install/share/perl6/lib/Digest/MD5.pm:7
Use of Nil in numeric context  in sub infix:<⊞> at /home/coke/sandbox/rakudo-star-daily/star-jvm/rakudo-star-daily/install/share/perl6/lib/Digest/MD5.pm:7
Use of Nil in numeric context  in sub infix:<⊞> at /home/coke/sandbox/rakudo-star-daily/star-jvm/rakudo-star-daily/install/share/perl6/lib/Digest/MD5.pm:7
Use of Nil in numeric context  in sub infix:<⊞> at /home/coke/sandbox/rakudo-star-daily/star-jvm/rakudo-star-daily/install/share/perl6/lib/Digest/MD5.pm:7
Use of Nil in numeric context  in sub infix:<⊞> at /home/coke/sandbox/rakudo-star-daily/star-jvm/rakudo-star-daily/install/share/perl6/lib/Digest/MD5.pm:7
Use of Nil in numeric context  in sub infix:<⊞> at /home/coke/sandbox/rakudo-star-daily/star-jvm/rakudo-star-daily/install/share/perl6/lib/Digest/MD5.pm:7
Use of Nil in numeric context  in sub infix:<⊞> at /home/coke/sandbox/rakudo-star-daily/star-jvm/rakudo-star-daily/install/share/perl6/lib/Digest/MD5.pm:7
Use of Nil in numeric context  in sub infix:<⊞> at /home/coke/sandbox/rakudo-star-daily/star-jvm/rakudo-star-daily/install/share/perl6/lib/Digest/MD5.pm:7
Use of Nil in numeric context  in sub infix:<⊞> at /home/coke/sandbox/rakudo-star-daily/star-jvm/rakudo-star-daily/install/share/perl6/lib/Digest/MD5.pm:7
Use of Nil in numeric context  in sub infix:<⊞> at /home/coke/sandbox/rakudo-star-daily/star-jvm/rakudo-star-daily/install/share/perl6/lib/Digest/MD5.pm:7
Use of Nil in numeric context  in sub infix:<⊞> at /home/coke/sandbox/rakudo-star-daily/star-jvm/rakudo-star-daily/install/share/perl6/lib/Digest/MD5.pm:7
Use of Nil in numeric context  in sub infix:<⊞> at /home/coke/sandbox/rakudo-star-daily/star-jvm/rakudo-star-daily/install/share/perl6/lib/Digest/MD5.pm:7
Use of Nil in numeric context  in sub infix:<⊞> at /home/coke/sandbox/rakudo-star-daily/star-jvm/rakudo-star-daily/install/share/perl6/lib/Digest/MD5.pm:7
Use of Nil in numeric context  in sub infix:<⊞> at /home/coke/sandbox/rakudo-star-daily/star-jvm/rakudo-star-daily/install/share/perl6/lib/Digest/MD5.pm:7
Use of Nil in numeric context  in sub infix:<⊞> at /home/coke/sandbox/rakudo-star-daily/star-jvm/rakudo-star-daily/install/share/perl6/lib/Digest/MD5.pm:7
Use of Nil in numeric context  in sub infix:<⊞> at /home/coke/sandbox/rakudo-star-daily/star-jvm/rakudo-star-daily/install/share/perl6/lib/Digest/MD5.pm:7
Use of Nil in numeric context  in sub infix:<⊞> at /home/coke/sandbox/rakudo-star-daily/star-jvm/rakudo-star-daily/install/share/perl6/lib/Digest/MD5.pm:7
Use of Nil in numeric context  in sub infix:<⊞> at /home/coke/sandbox/rakudo-star-daily/star-jvm/rakudo-star-daily/install/share/perl6/lib/Digest/MD5.pm:7
Use of Nil in numeric context  in sub infix:<⊞> at /home/coke/sandbox/rakudo-star-daily/star-jvm/rakudo-star-daily/install/share/perl6/lib/Digest/MD5.pm:7
Use of Nil in numeric context  in sub infix:<⊞> at /home/coke/sandbox/rakudo-star-daily/star-jvm/rakudo-star-daily/install/share/perl6/lib/Digest/MD5.pm:7
Use of Nil in numeric context  in sub infix:<⊞> at /home/coke/sandbox/rakudo-star-daily/star-jvm/rakudo-star-daily/install/share/perl6/lib/Digest/MD5.pm:7
Use of Nil in numeric context  in sub infix:<⊞> at /home/coke/sandbox/rakudo-star-daily/star-jvm/rakudo-star-daily/install/share/perl6/lib/Digest/MD5.pm:7
Use of Nil in numeric context  in sub infix:<⊞> at /home/coke/sandbox/rakudo-star-daily/star-jvm/rakudo-star-daily/install/share/perl6/lib/Digest/MD5.pm:7
Use of Nil in numeric context  in sub infix:<⊞> at /home/coke/sandbox/rakudo-star-daily/star-jvm/rakudo-star-daily/install/share/perl6/lib/Digest/MD5.pm:7
Use of Nil in numeric context  in sub infix:<⊞> at /home/coke/sandbox/rakudo-star-daily/star-jvm/rakudo-star-daily/install/share/perl6/lib/Digest/MD5.pm:7
Use of Nil in numeric context  in sub infix:<⊞> at /home/coke/sandbox/rakudo-star-daily/star-jvm/rakudo-star-daily/install/share/perl6/lib/Digest/MD5.pm:7
Use of Nil in numeric context  in sub infix:<⊞> at /home/coke/sandbox/rakudo-star-daily/star-jvm/rakudo-star-daily/install/share/perl6/lib/Digest/MD5.pm:7
Use of Nil in numeric context  in sub infix:<⊞> at /home/coke/sandbox/rakudo-star-daily/star-jvm/rakudo-star-daily/install/share/perl6/lib/Digest/MD5.pm:7
Use of Nil in numeric context  in sub infix:<⊞> at /home/coke/sandbox/rakudo-star-daily/star-jvm/rakudo-star-daily/install/share/perl6/lib/Digest/MD5.pm:7
Use of Nil in numeric context  in sub infix:<⊞> at /home/coke/sandbox/rakudo-star-daily/star-jvm/rakudo-star-daily/install/share/perl6/lib/Digest/MD5.pm:7
Use of Nil in numeric context  in sub infix:<⊞> at /home/coke/sandbox/rakudo-star-daily/star-jvm/rakudo-star-daily/install/share/perl6/lib/Digest/MD5.pm:7
Use of Nil in numeric context  in sub infix:<⊞> at /home/coke/sandbox/rakudo-star-daily/star-jvm/rakudo-star-daily/install/share/perl6/lib/Digest/MD5.pm:7

# Failed test 'MD5 hex of 'Hello World' must be 'b10a8db164e0754105b7a99be72e3fe5' (instance method)'
# at t/perl5-compat.t line 25
# expected: 'b10a8db164e0754105b7a99be72e3fe5'
#      got: '9915155faf30250834866ff42c29307a'
Use of Nil in numeric context  in sub infix:<⊞> at /home/coke/sandbox/rakudo-star-daily/star-jvm/rakudo-star-daily/install/share/perl6/lib/Digest/MD5.pm:7
Use of Nil in numeric context  in sub infix:<⊞> at /home/coke/sandbox/rakudo-star-daily/star-jvm/rakudo-star-daily/install/share/perl6/lib/Digest/MD5.pm:7
Use of Nil in numeric context  in sub infix:<⊞> at /home/coke/sandbox/rakudo-star-daily/star-jvm/rakudo-star-daily/install/share/perl6/lib/Digest/MD5.pm:7
Use of Nil in numeric context  in sub infix:<⊞> at /home/coke/sandbox/rakudo-star-daily/star-jvm/rakudo-star-daily/install/share/perl6/lib/Digest/MD5.pm:7
Use of Nil in numeric context  in sub infix:<⊞> at /home/coke/sandbox/rakudo-star-daily/star-jvm/rakudo-star-daily/install/share/perl6/lib/Digest/MD5.pm:7
Use of Nil in numeric context  in sub infix:<⊞> at /home/coke/sandbox/rakudo-star-daily/star-jvm/rakudo-star-daily/install/share/perl6/lib/Digest/MD5.pm:7
Use of Nil in numeric context  in sub infix:<⊞> at /home/coke/sandbox/rakudo-star-daily/star-jvm/rakudo-star-daily/install/share/perl6/lib/Digest/MD5.pm:7
Use of Nil in numeric context  in sub infix:<⊞> at /home/coke/sandbox/rakudo-star-daily/star-jvm/rakudo-star-daily/install/share/perl6/lib/Digest/MD5.pm:7
Use of Nil in numeric context  in sub infix:<⊞> at /home/coke/sandbox/rakudo-star-daily/star-jvm/rakudo-star-daily/install/share/perl6/lib/Digest/MD5.pm:7
Use of Nil in numeric context  in sub infix:<⊞> at /home/coke/sandbox/rakudo-star-daily/star-jvm/rakudo-star-daily/install/share/perl6/lib/Digest/MD5.pm:7
Use of Nil in numeric context  in sub infix:<⊞> at /home/coke/sandbox/rakudo-star-daily/star-jvm/rakudo-star-daily/install/share/perl6/lib/Digest/MD5.pm:7
Use of Nil in numeric context  in sub infix:<⊞> at /home/coke/sandbox/rakudo-star-daily/star-jvm/rakudo-star-daily/install/share/perl6/lib/Digest/MD5.pm:7
Use of Nil in numeric context  in sub infix:<⊞> at /home/coke/sandbox/rakudo-star-daily/star-jvm/rakudo-star-daily/install/share/perl6/lib/Digest/MD5.pm:7
Use of Nil in numeric context  in sub infix:<⊞> at /home/coke/sandbox/rakudo-star-daily/star-jvm/rakudo-star-daily/install/share/perl6/lib/Digest/MD5.pm:7
Use of Nil in numeric context  in sub infix:<⊞> at /home/coke/sandbox/rakudo-star-daily/star-jvm/rakudo-star-daily/install/share/perl6/lib/Digest/MD5.pm:7
Use of Nil in numeric context  in sub infix:<⊞> at /home/coke/sandbox/rakudo-star-daily/star-jvm/rakudo-star-daily/install/share/perl6/lib/Digest/MD5.pm:7
Use of Nil in numeric context  in sub infix:<⊞> at /home/coke/sandbox/rakudo-star-daily/star-jvm/rakudo-star-daily/install/share/perl6/lib/Digest/MD5.pm:7
Use of Nil in numeric context  in sub infix:<⊞> at /home/coke/sandbox/rakudo-star-daily/star-jvm/rakudo-star-daily/install/share/perl6/lib/Digest/MD5.pm:7
Use of Nil in numeric context  in sub infix:<⊞> at /home/coke/sandbox/rakudo-star-daily/star-jvm/rakudo-star-daily/install/share/perl6/lib/Digest/MD5.pm:7
Use of Nil in numeric context  in sub infix:<⊞> at /home/coke/sandbox/rakudo-star-daily/star-jvm/rakudo-star-daily/install/share/perl6/lib/Digest/MD5.pm:7
Use of Nil in numeric context  in sub infix:<⊞> at /home/coke/sandbox/rakudo-star-daily/star-jvm/rakudo-star-daily/install/share/perl6/lib/Digest/MD5.pm:7
Use of Nil in numeric context  in sub infix:<⊞> at /home/coke/sandbox/rakudo-star-daily/star-jvm/rakudo-star-daily/install/share/perl6/lib/Digest/MD5.pm:7
Use of Nil in numeric context  in sub infix:<⊞> at /home/coke/sandbox/rakudo-star-daily/star-jvm/rakudo-star-daily/install/share/perl6/lib/Digest/MD5.pm:7
Use of Nil in numeric context  in sub infix:<⊞> at /home/coke/sandbox/rakudo-star-daily/star-jvm/rakudo-star-daily/install/share/perl6/lib/Digest/MD5.pm:7
Use of Nil in numeric context  in sub infix:<⊞> at /home/coke/sandbox/rakudo-star-daily/star-jvm/rakudo-star-daily/install/share/perl6/lib/Digest/MD5.pm:7
Use of Nil in numeric context  in sub infix:<⊞> at /home/coke/sandbox/rakudo-star-daily/star-jvm/rakudo-star-daily/install/share/perl6/lib/Digest/MD5.pm:7
Use of Nil in numeric context  in sub infix:<⊞> at /home/coke/sandbox/rakudo-star-daily/star-jvm/rakudo-star-daily/install/share/perl6/lib/Digest/MD5.pm:7
Use of Nil in numeric context  in sub infix:<⊞> at /home/coke/sandbox/rakudo-star-daily/star-jvm/rakudo-star-daily/install/share/perl6/lib/Digest/MD5.pm:7
Use of Nil in numeric context  in sub infix:<⊞> at /home/coke/sandbox/rakudo-star-daily/star-jvm/rakudo-star-daily/install/share/perl6/lib/Digest/MD5.pm:7
Use of Nil in numeric context  in sub infix:<⊞> at /home/coke/sandbox/rakudo-star-daily/star-jvm/rakudo-star-daily/install/share/perl6/lib/Digest/MD5.pm:7
Use of Nil in numeric context  in sub infix:<⊞> at /home/coke/sandbox/rakudo-star-daily/star-jvm/rakudo-star-daily/install/share/perl6/lib/Digest/MD5.pm:7
Use of Nil in numeric context  in sub infix:<⊞> at /home/coke/sandbox/rakudo-star-daily/star-jvm/rakudo-star-daily/install/share/perl6/lib/Digest/MD5.pm:7
Use of Nil in numeric context  in sub infix:<⊞> at /home/coke/sandbox/rakudo-star-daily/star-jvm/rakudo-star-daily/install/share/perl6/lib/Digest/MD5.pm:7
Use of Nil in numeric context  in sub infix:<⊞> at /home/coke/sandbox/rakudo-star-daily/star-jvm/rakudo-star-daily/install/share/perl6/lib/Digest/MD5.pm:7
Use of Nil in numeric context  in sub infix:<⊞> at /home/coke/sandbox/rakudo-star-daily/star-jvm/rakudo-star-daily/install/share/perl6/lib/Digest/MD5.pm:7
Use of Nil in numeric context  in sub infix:<⊞> at /home/coke/sandbox/rakudo-star-daily/star-jvm/rakudo-star-daily/install/share/perl6/lib/Digest/MD5.pm:7
Use of Nil in numeric context  in sub infix:<⊞> at /home/coke/sandbox/rakudo-star-daily/star-jvm/rakudo-star-daily/install/share/perl6/lib/Digest/MD5.pm:7
Use of Nil in numeric context  in sub infix:<⊞> at /home/coke/sandbox/rakudo-star-daily/star-jvm/rakudo-star-daily/install/share/perl6/lib/Digest/MD5.pm:7
Use of Nil in numeric context  in sub infix:<⊞> at /home/coke/sandbox/rakudo-star-daily/star-jvm/rakudo-star-daily/install/share/perl6/lib/Digest/MD5.pm:7
Use of Nil in numeric context  in sub infix:<⊞> at /home/coke/sandbox/rakudo-star-daily/star-jvm/rakudo-star-daily/install/share/perl6/lib/Digest/MD5.pm:7
Use of Nil in numeric context  in sub infix:<⊞> at /home/coke/sandbox/rakudo-star-daily/star-jvm/rakudo-star-daily/install/share/perl6/lib/Digest/MD5.pm:7
Use of Nil in numeric context  in sub infix:<⊞> at /home/coke/sandbox/rakudo-star-daily/star-jvm/rakudo-star-daily/install/share/perl6/lib/Digest/MD5.pm:7
Use of Nil in numeric context  in sub infix:<⊞> at /home/coke/sandbox/rakudo-star-daily/star-jvm/rakudo-star-daily/install/share/perl6/lib/Digest/MD5.pm:7
Use of Nil in numeric context  in sub infix:<⊞> at /home/coke/sandbox/rakudo-star-daily/star-jvm/rakudo-star-daily/install/share/perl6/lib/Digest/MD5.pm:7
Use of Nil in numeric context  in sub infix:<⊞> at /home/coke/sandbox/rakudo-star-daily/star-jvm/rakudo-star-daily/install/share/perl6/lib/Digest/MD5.pm:7
Use of Nil in numeric context  in sub infix:<⊞> at /home/coke/sandbox/rakudo-star-daily/star-jvm/rakudo-star-daily/install/share/perl6/lib/Digest/MD5.pm:7
Use of Nil in numeric context  in sub infix:<⊞> at /home/coke/sandbox/rakudo-star-daily/star-jvm/rakudo-star-daily/install/share/perl6/lib/Digest/MD5.pm:7
Use of Nil in numeric context  in sub infix:<⊞> at /home/coke/sandbox/rakudo-star-daily/star-jvm/rakudo-star-daily/install/share/perl6/lib/Digest/MD5.pm:7
Use of Nil in numeric context  in sub infix:<⊞> at /home/coke/sandbox/rakudo-star-daily/star-jvm/rakudo-star-daily/install/share/perl6/lib/Digest/MD5.pm:7
Use of Nil in numeric context  in sub infix:<⊞> at /home/coke/sandbox/rakudo-star-daily/star-jvm/rakudo-star-daily/install/share/perl6/lib/Digest/MD5.pm:7
Use of Nil in numeric context  in sub infix:<⊞> at /home/coke/sandbox/rakudo-star-daily/star-jvm/rakudo-star-daily/install/share/perl6/lib/Digest/MD5.pm:7
Use of Nil in numeric context  in sub infix:<⊞> at /home/coke/sandbox/rakudo-star-daily/star-jvm/rakudo-star-daily/install/share/perl6/lib/Digest/MD5.pm:7
Use of Nil in numeric context  in sub infix:<⊞> at /home/coke/sandbox/rakudo-star-daily/star-jvm/rakudo-star-daily/install/share/perl6/lib/Digest/MD5.pm:7
Use of Nil in numeric context  in sub infix:<⊞> at /home/coke/sandbox/rakudo-star-daily/star-jvm/rakudo-star-daily/install/share/perl6/lib/Digest/MD5.pm:7
Use of Nil in numeric context  in sub infix:<⊞> at /home/coke/sandbox/rakudo-star-daily/star-jvm/rakudo-star-daily/install/share/perl6/lib/Digest/MD5.pm:7
Use of Nil in numeric context  in sub infix:<⊞> at /home/coke/sandbox/rakudo-star-daily/star-jvm/rakudo-star-daily/install/share/perl6/lib/Digest/MD5.pm:7
Use of Nil in numeric context  in sub infix:<⊞> at /home/coke/sandbox/rakudo-star-daily/star-jvm/rakudo-star-daily/install/share/perl6/lib/Digest/MD5.pm:7
Use of Nil in numeric context  in sub infix:<⊞> at /home/coke/sandbox/rakudo-star-daily/star-jvm/rakudo-star-daily/install/share/perl6/lib/Digest/MD5.pm:7
Use of Nil in numeric context  in sub infix:<⊞> at /home/coke/sandbox/rakudo-star-daily/star-jvm/rakudo-star-daily/install/share/perl6/lib/Digest/MD5.pm:7
Use of Nil in numeric context  in sub infix:<⊞> at /home/coke/sandbox/rakudo-star-daily/star-jvm/rakudo-star-daily/install/share/perl6/lib/Digest/MD5.pm:7
Use of Nil in numeric context  in sub infix:<⊞> at /home/coke/sandbox/rakudo-star-daily/star-jvm/rakudo-star-daily/install/share/perl6/lib/Digest/MD5.pm:7
Use of Nil in numeric context  in sub infix:<⊞> at /home/coke/sandbox/rakudo-star-daily/star-jvm/rakudo-star-daily/install/share/perl6/lib/Digest/MD5.pm:7
Use of Nil in numeric context  in sub infix:<⊞> at /home/coke/sandbox/rakudo-star-daily/star-jvm/rakudo-star-daily/install/share/perl6/lib/Digest/MD5.pm:7
Use of Nil in numeric context  in sub infix:<⊞> at /home/coke/sandbox/rakudo-star-daily/star-jvm/rakudo-star-daily/install/share/perl6/lib/Digest/MD5.pm:7

# Failed test 'MD5 binary of 'Hello World' (static method)'
# at t/perl5-compat.t line 37
# expected: $(177, 10, 141, 177, 100, 224, 117, 65, 5, 183, 169, 155, 231, 46, 63, 229)
#      got: $(153, 21, 21, 95, 175, 48, 37, 8, 52, 134, 111, 244, 44, 41, 48, 122)
Use of Nil in numeric context  in sub infix:<⊞> at /home/coke/sandbox/rakudo-star-daily/star-jvm/rakudo-star-daily/install/share/perl6/lib/Digest/MD5.pm:7
Use of Nil in numeric context  in sub infix:<⊞> at /home/coke/sandbox/rakudo-star-daily/star-jvm/rakudo-star-daily/install/share/perl6/lib/Digest/MD5.pm:7
Use of Nil in numeric context  in sub infix:<⊞> at /home/coke/sandbox/rakudo-star-daily/star-jvm/rakudo-star-daily/install/share/perl6/lib/Digest/MD5.pm:7
Use of Nil in numeric context  in sub infix:<⊞> at /home/coke/sandbox/rakudo-star-daily/star-jvm/rakudo-star-daily/install/share/perl6/lib/Digest/MD5.pm:7
Use of Nil in numeric context  in sub infix:<⊞> at /home/coke/sandbox/rakudo-star-daily/star-jvm/rakudo-star-daily/install/share/perl6/lib/Digest/MD5.pm:7
Use of Nil in numeric context  in sub infix:<⊞> at /home/coke/sandbox/rakudo-star-daily/star-jvm/rakudo-star-daily/install/share/perl6/lib/Digest/MD5.pm:7
Use of Nil in numeric context  in sub infix:<⊞> at /home/coke/sandbox/rakudo-star-daily/star-jvm/rakudo-star-daily/install/share/perl6/lib/Digest/MD5.pm:7
Use of Nil in numeric context  in sub infix:<⊞> at /home/coke/sandbox/rakudo-star-daily/star-jvm/rakudo-star-daily/install/share/perl6/lib/Digest/MD5.pm:7
Use of Nil in numeric context  in sub infix:<⊞> at /home/coke/sandbox/rakudo-star-daily/star-jvm/rakudo-star-daily/install/share/perl6/lib/Digest/MD5.pm:7
Use of Nil in numeric context  in sub infix:<⊞> at /home/coke/sandbox/rakudo-star-daily/star-jvm/rakudo-star-daily/install/share/perl6/lib/Digest/MD5.pm:7
Use of Nil in numeric context  in sub infix:<⊞> at /home/coke/sandbox/rakudo-star-daily/star-jvm/rakudo-star-daily/install/share/perl6/lib/Digest/MD5.pm:7
Use of Nil in numeric context  in sub infix:<⊞> at /home/coke/sandbox/rakudo-star-daily/star-jvm/rakudo-star-daily/install/share/perl6/lib/Digest/MD5.pm:7
Use of Nil in numeric context  in sub infix:<⊞> at /home/coke/sandbox/rakudo-star-daily/star-jvm/rakudo-star-daily/install/share/perl6/lib/Digest/MD5.pm:7
Use of Nil in numeric context  in sub infix:<⊞> at /home/coke/sandbox/rakudo-star-daily/star-jvm/rakudo-star-daily/install/share/perl6/lib/Digest/MD5.pm:7
Use of Nil in numeric context  in sub infix:<⊞> at /home/coke/sandbox/rakudo-star-daily/star-jvm/rakudo-star-daily/install/share/perl6/lib/Digest/MD5.pm:7
Use of Nil in numeric context  in sub infix:<⊞> at /home/coke/sandbox/rakudo-star-daily/star-jvm/rakudo-star-daily/install/share/perl6/lib/Digest/MD5.pm:7
Use of Nil in numeric context  in sub infix:<⊞> at /home/coke/sandbox/rakudo-star-daily/star-jvm/rakudo-star-daily/install/share/perl6/lib/Digest/MD5.pm:7
Use of Nil in numeric context  in sub infix:<⊞> at /home/coke/sandbox/rakudo-star-daily/star-jvm/rakudo-star-daily/install/share/perl6/lib/Digest/MD5.pm:7
Use of Nil in numeric context  in sub infix:<⊞> at /home/coke/sandbox/rakudo-star-daily/star-jvm/rakudo-star-daily/install/share/perl6/lib/Digest/MD5.pm:7
Use of Nil in numeric context  in sub infix:<⊞> at /home/coke/sandbox/rakudo-star-daily/star-jvm/rakudo-star-daily/install/share/perl6/lib/Digest/MD5.pm:7
Use of Nil in numeric context  in sub infix:<⊞> at /home/coke/sandbox/rakudo-star-daily/star-jvm/rakudo-star-daily/install/share/perl6/lib/Digest/MD5.pm:7
Use of Nil in numeric context  in sub infix:<⊞> at /home/coke/sandbox/rakudo-star-daily/star-jvm/rakudo-star-daily/install/share/perl6/lib/Digest/MD5.pm:7
Use of Nil in numeric context  in sub infix:<⊞> at /home/coke/sandbox/rakudo-star-daily/star-jvm/rakudo-star-daily/install/share/perl6/lib/Digest/MD5.pm:7
Use of Nil in numeric context  in sub infix:<⊞> at /home/coke/sandbox/rakudo-star-daily/star-jvm/rakudo-star-daily/install/share/perl6/lib/Digest/MD5.pm:7
Use of Nil in numeric context  in sub infix:<⊞> at /home/coke/sandbox/rakudo-star-daily/star-jvm/rakudo-star-daily/install/share/perl6/lib/Digest/MD5.pm:7
Use of Nil in numeric context  in sub infix:<⊞> at /home/coke/sandbox/rakudo-star-daily/star-jvm/rakudo-star-daily/install/share/perl6/lib/Digest/MD5.pm:7
Use of Nil in numeric context  in sub infix:<⊞> at /home/coke/sandbox/rakudo-star-daily/star-jvm/rakudo-star-daily/install/share/perl6/lib/Digest/MD5.pm:7
Use of Nil in numeric context  in sub infix:<⊞> at /home/coke/sandbox/rakudo-star-daily/star-jvm/rakudo-star-daily/install/share/perl6/lib/Digest/MD5.pm:7
Use of Nil in numeric context  in sub infix:<⊞> at /home/coke/sandbox/rakudo-star-daily/star-jvm/rakudo-star-daily/install/share/perl6/lib/Digest/MD5.pm:7
Use of Nil in numeric context  in sub infix:<⊞> at /home/coke/sandbox/rakudo-star-daily/star-jvm/rakudo-star-daily/install/share/perl6/lib/Digest/MD5.pm:7
Use of Nil in numeric context  in sub infix:<⊞> at /home/coke/sandbox/rakudo-star-daily/star-jvm/rakudo-star-daily/install/share/perl6/lib/Digest/MD5.pm:7
Use of Nil in numeric context  in sub infix:<⊞> at /home/coke/sandbox/rakudo-star-daily/star-jvm/rakudo-star-daily/install/share/perl6/lib/Digest/MD5.pm:7
Use of Nil in numeric context  in sub infix:<⊞> at /home/coke/sandbox/rakudo-star-daily/star-jvm/rakudo-star-daily/install/share/perl6/lib/Digest/MD5.pm:7
Use of Nil in numeric context  in sub infix:<⊞> at /home/coke/sandbox/rakudo-star-daily/star-jvm/rakudo-star-daily/install/share/perl6/lib/Digest/MD5.pm:7
Use of Nil in numeric context  in sub infix:<⊞> at /home/coke/sandbox/rakudo-star-daily/star-jvm/rakudo-star-daily/install/share/perl6/lib/Digest/MD5.pm:7
Use of Nil in numeric context  in sub infix:<⊞> at /home/coke/sandbox/rakudo-star-daily/star-jvm/rakudo-star-daily/install/share/perl6/lib/Digest/MD5.pm:7
Use of Nil in numeric context  in sub infix:<⊞> at /home/coke/sandbox/rakudo-star-daily/star-jvm/rakudo-star-daily/install/share/perl6/lib/Digest/MD5.pm:7
Use of Nil in numeric context  in sub infix:<⊞> at /home/coke/sandbox/rakudo-star-daily/star-jvm/rakudo-star-daily/install/share/perl6/lib/Digest/MD5.pm:7
Use of Nil in numeric context  in sub infix:<⊞> at /home/coke/sandbox/rakudo-star-daily/star-jvm/rakudo-star-daily/install/share/perl6/lib/Digest/MD5.pm:7
Use of Nil in numeric context  in sub infix:<⊞> at /home/coke/sandbox/rakudo-star-daily/star-jvm/rakudo-star-daily/install/share/perl6/lib/Digest/MD5.pm:7
Use of Nil in numeric context  in sub infix:<⊞> at /home/coke/sandbox/rakudo-star-daily/star-jvm/rakudo-star-daily/install/share/perl6/lib/Digest/MD5.pm:7
Use of Nil in numeric context  in sub infix:<⊞> at /home/coke/sandbox/rakudo-star-daily/star-jvm/rakudo-star-daily/install/share/perl6/lib/Digest/MD5.pm:7
Use of Nil in numeric context  in sub infix:<⊞> at /home/coke/sandbox/rakudo-star-daily/star-jvm/rakudo-star-daily/install/share/perl6/lib/Digest/MD5.pm:7
Use of Nil in numeric context  in sub infix:<⊞> at /home/coke/sandbox/rakudo-star-daily/star-jvm/rakudo-star-daily/install/share/perl6/lib/Digest/MD5.pm:7
Use of Nil in numeric context  in sub infix:<⊞> at /home/coke/sandbox/rakudo-star-daily/star-jvm/rakudo-star-daily/install/share/perl6/lib/Digest/MD5.pm:7
Use of Nil in numeric context  in sub infix:<⊞> at /home/coke/sandbox/rakudo-star-daily/star-jvm/rakudo-star-daily/install/share/perl6/lib/Digest/MD5.pm:7
Use of Nil in numeric context  in sub infix:<⊞> at /home/coke/sandbox/rakudo-star-daily/star-jvm/rakudo-star-daily/install/share/perl6/lib/Digest/MD5.pm:7
Use of Nil in numeric context  in sub infix:<⊞> at /home/coke/sandbox/rakudo-star-daily/star-jvm/rakudo-star-daily/install/share/perl6/lib/Digest/MD5.pm:7
Use of Nil in numeric context  in sub infix:<⊞> at /home/coke/sandbox/rakudo-star-daily/star-jvm/rakudo-star-daily/install/share/perl6/lib/Digest/MD5.pm:7
Use of Nil in numeric context  in sub infix:<⊞> at /home/coke/sandbox/rakudo-star-daily/star-jvm/rakudo-star-daily/install/share/perl6/lib/Digest/MD5.pm:7
Use of Nil in numeric context  in sub infix:<⊞> at /home/coke/sandbox/rakudo-star-daily/star-jvm/rakudo-star-daily/install/share/perl6/lib/Digest/MD5.pm:7
Use of Nil in numeric context  in sub infix:<⊞> at /home/coke/sandbox/rakudo-star-daily/star-jvm/rakudo-star-daily/install/share/perl6/lib/Digest/MD5.pm:7
Use of Nil in numeric context  in sub infix:<⊞> at /home/coke/sandbox/rakudo-star-daily/star-jvm/rakudo-star-daily/install/share/perl6/lib/Digest/MD5.pm:7
Use of Nil in numeric context  in sub infix:<⊞> at /home/coke/sandbox/rakudo-star-daily/star-jvm/rakudo-star-daily/install/share/perl6/lib/Digest/MD5.pm:7
Use of Nil in numeric context  in sub infix:<⊞> at /home/coke/sandbox/rakudo-star-daily/star-jvm/rakudo-star-daily/install/share/perl6/lib/Digest/MD5.pm:7
Use of Nil in numeric context  in sub infix:<⊞> at /home/coke/sandbox/rakudo-star-daily/star-jvm/rakudo-star-daily/install/share/perl6/lib/Digest/MD5.pm:7
Use of Nil in numeric context  in sub infix:<⊞> at /home/coke/sandbox/rakudo-star-daily/star-jvm/rakudo-star-daily/install/share/perl6/lib/Digest/MD5.pm:7
Use of Nil in numeric context  in sub infix:<⊞> at /home/coke/sandbox/rakudo-star-daily/star-jvm/rakudo-star-daily/install/share/perl6/lib/Digest/MD5.pm:7
Use of Nil in numeric context  in sub infix:<⊞> at /home/coke/sandbox/rakudo-star-daily/star-jvm/rakudo-star-daily/install/share/perl6/lib/Digest/MD5.pm:7
Use of Nil in numeric context  in sub infix:<⊞> at /home/coke/sandbox/rakudo-star-daily/star-jvm/rakudo-star-daily/install/share/perl6/lib/Digest/MD5.pm:7
Use of Nil in numeric context  in sub infix:<⊞> at /home/coke/sandbox/rakudo-star-daily/star-jvm/rakudo-star-daily/install/share/perl6/lib/Digest/MD5.pm:7
Use of Nil in numeric context  in sub infix:<⊞> at /home/coke/sandbox/rakudo-star-daily/star-jvm/rakudo-star-daily/install/share/perl6/lib/Digest/MD5.pm:7
Use of Nil in numeric context  in sub infix:<⊞> at /home/coke/sandbox/rakudo-star-daily/star-jvm/rakudo-star-daily/install/share/perl6/lib/Digest/MD5.pm:7
Use of Nil in numeric context  in sub infix:<⊞> at /home/coke/sandbox/rakudo-star-daily/star-jvm/rakudo-star-daily/install/share/perl6/lib/Digest/MD5.pm:7

# Failed test 'MD5 binary of 'Hello World' (instance method)'
# at t/perl5-compat.t line 49
# expected: $(177, 10, 141, 177, 100, 224, 117, 65, 5, 183, 169, 155, 231, 46, 63, 229)
#      got: $(153, 21, 21, 95, 175, 48, 37, 8, 52, 134, 111, 244, 44, 41, 48, 122)
Use of Nil in numeric context  in sub infix:<⊞> at /home/coke/sandbox/rakudo-star-daily/star-jvm/rakudo-star-daily/install/share/perl6/lib/Digest/MD5.pm:7
Use of Nil in numeric context  in sub infix:<⊞> at /home/coke/sandbox/rakudo-star-daily/star-jvm/rakudo-star-daily/install/share/perl6/lib/Digest/MD5.pm:7
Use of Nil in numeric context  in sub infix:<⊞> at /home/coke/sandbox/rakudo-star-daily/star-jvm/rakudo-star-daily/install/share/perl6/lib/Digest/MD5.pm:7
Use of Nil in numeric context  in sub infix:<⊞> at /home/coke/sandbox/rakudo-star-daily/star-jvm/rakudo-star-daily/install/share/perl6/lib/Digest/MD5.pm:7
Use of Nil in numeric context  in sub infix:<⊞> at /home/coke/sandbox/rakudo-star-daily/star-jvm/rakudo-star-daily/install/share/perl6/lib/Digest/MD5.pm:7
Use of Nil in numeric context  in sub infix:<⊞> at /home/coke/sandbox/rakudo-star-daily/star-jvm/rakudo-star-daily/install/share/perl6/lib/Digest/MD5.pm:7
Use of Nil in numeric context  in sub infix:<⊞> at /home/coke/sandbox/rakudo-star-daily/star-jvm/rakudo-star-daily/install/share/perl6/lib/Digest/MD5.pm:7
Use of Nil in numeric context  in sub infix:<⊞> at /home/coke/sandbox/rakudo-star-daily/star-jvm/rakudo-star-daily/install/share/perl6/lib/Digest/MD5.pm:7
Use of Nil in numeric context  in sub infix:<⊞> at /home/coke/sandbox/rakudo-star-daily/star-jvm/rakudo-star-daily/install/share/perl6/lib/Digest/MD5.pm:7
Use of Nil in numeric context  in sub infix:<⊞> at /home/coke/sandbox/rakudo-star-daily/star-jvm/rakudo-star-daily/install/share/perl6/lib/Digest/MD5.pm:7
Use of Nil in numeric context  in sub infix:<⊞> at /home/coke/sandbox/rakudo-star-daily/star-jvm/rakudo-star-daily/install/share/perl6/lib/Digest/MD5.pm:7
Use of Nil in numeric context  in sub infix:<⊞> at /home/coke/sandbox/rakudo-star-daily/star-jvm/rakudo-star-daily/install/share/perl6/lib/Digest/MD5.pm:7
Use of Nil in numeric context  in sub infix:<⊞> at /home/coke/sandbox/rakudo-star-daily/star-jvm/rakudo-star-daily/install/share/perl6/lib/Digest/MD5.pm:7
Use of Nil in numeric context  in sub infix:<⊞> at /home/coke/sandbox/rakudo-star-daily/star-jvm/rakudo-star-daily/install/share/perl6/lib/Digest/MD5.pm:7
Use of Nil in numeric context  in sub infix:<⊞> at /home/coke/sandbox/rakudo-star-daily/star-jvm/rakudo-star-daily/install/share/perl6/lib/Digest/MD5.pm:7
Use of Nil in numeric context  in sub infix:<⊞> at /home/coke/sandbox/rakudo-star-daily/star-jvm/rakudo-star-daily/install/share/perl6/lib/Digest/MD5.pm:7
Use of Nil in numeric context  in sub infix:<⊞> at /home/coke/sandbox/rakudo-star-daily/star-jvm/rakudo-star-daily/install/share/perl6/lib/Digest/MD5.pm:7
Use of Nil in numeric context  in sub infix:<⊞> at /home/coke/sandbox/rakudo-star-daily/star-jvm/rakudo-star-daily/install/share/perl6/lib/Digest/MD5.pm:7
Use of Nil in numeric context  in sub infix:<⊞> at /home/coke/sandbox/rakudo-star-daily/star-jvm/rakudo-star-daily/install/share/perl6/lib/Digest/MD5.pm:7
Use of Nil in numeric context  in sub infix:<⊞> at /home/coke/sandbox/rakudo-star-daily/star-jvm/rakudo-star-daily/install/share/perl6/lib/Digest/MD5.pm:7
Use of Nil in numeric context  in sub infix:<⊞> at /home/coke/sandbox/rakudo-star-daily/star-jvm/rakudo-star-daily/install/share/perl6/lib/Digest/MD5.pm:7
Use of Nil in numeric context  in sub infix:<⊞> at /home/coke/sandbox/rakudo-star-daily/star-jvm/rakudo-star-daily/install/share/perl6/lib/Digest/MD5.pm:7
Use of Nil in numeric context  in sub infix:<⊞> at /home/coke/sandbox/rakudo-star-daily/star-jvm/rakudo-star-daily/install/share/perl6/lib/Digest/MD5.pm:7
Use of Nil in numeric context  in sub infix:<⊞> at /home/coke/sandbox/rakudo-star-daily/star-jvm/rakudo-star-daily/install/share/perl6/lib/Digest/MD5.pm:7
Use of Nil in numeric context  in sub infix:<⊞> at /home/coke/sandbox/rakudo-star-daily/star-jvm/rakudo-star-daily/install/share/perl6/lib/Digest/MD5.pm:7
Use of Nil in numeric context  in sub infix:<⊞> at /home/coke/sandbox/rakudo-star-daily/star-jvm/rakudo-star-daily/install/share/perl6/lib/Digest/MD5.pm:7
Use of Nil in numeric context  in sub infix:<⊞> at /home/coke/sandbox/rakudo-star-daily/star-jvm/rakudo-star-daily/install/share/perl6/lib/Digest/MD5.pm:7
Use of Nil in numeric context  in sub infix:<⊞> at /home/coke/sandbox/rakudo-star-daily/star-jvm/rakudo-star-daily/install/share/perl6/lib/Digest/MD5.pm:7
Use of Nil in numeric context  in sub infix:<⊞> at /home/coke/sandbox/rakudo-star-daily/star-jvm/rakudo-star-daily/install/share/perl6/lib/Digest/MD5.pm:7
Use of Nil in numeric context  in sub infix:<⊞> at /home/coke/sandbox/rakudo-star-daily/star-jvm/rakudo-star-daily/install/share/perl6/lib/Digest/MD5.pm:7
Use of Nil in numeric context  in sub infix:<⊞> at /home/coke/sandbox/rakudo-star-daily/star-jvm/rakudo-star-daily/install/share/perl6/lib/Digest/MD5.pm:7
Use of Nil in numeric context  in sub infix:<⊞> at /home/coke/sandbox/rakudo-star-daily/star-jvm/rakudo-star-daily/install/share/perl6/lib/Digest/MD5.pm:7
Use of Nil in numeric context  in sub infix:<⊞> at /home/coke/sandbox/rakudo-star-daily/star-jvm/rakudo-star-daily/install/share/perl6/lib/Digest/MD5.pm:7
Use of Nil in numeric context  in sub infix:<⊞> at /home/coke/sandbox/rakudo-star-daily/star-jvm/rakudo-star-daily/install/share/perl6/lib/Digest/MD5.pm:7
Use of Nil in numeric context  in sub infix:<⊞> at /home/coke/sandbox/rakudo-star-daily/star-jvm/rakudo-star-daily/install/share/perl6/lib/Digest/MD5.pm:7
Use of Nil in numeric context  in sub infix:<⊞> at /home/coke/sandbox/rakudo-star-daily/star-jvm/rakudo-star-daily/install/share/perl6/lib/Digest/MD5.pm:7
Use of Nil in numeric context  in sub infix:<⊞> at /home/coke/sandbox/rakudo-star-daily/star-jvm/rakudo-star-daily/install/share/perl6/lib/Digest/MD5.pm:7
Use of Nil in numeric context  in sub infix:<⊞> at /home/coke/sandbox/rakudo-star-daily/star-jvm/rakudo-star-daily/install/share/perl6/lib/Digest/MD5.pm:7
Use of Nil in numeric context  in sub infix:<⊞> at /home/coke/sandbox/rakudo-star-daily/star-jvm/rakudo-star-daily/install/share/perl6/lib/Digest/MD5.pm:7
Use of Nil in numeric context  in sub infix:<⊞> at /home/coke/sandbox/rakudo-star-daily/star-jvm/rakudo-star-daily/install/share/perl6/lib/Digest/MD5.pm:7
Use of Nil in numeric context  in sub infix:<⊞> at /home/coke/sandbox/rakudo-star-daily/star-jvm/rakudo-star-daily/install/share/perl6/lib/Digest/MD5.pm:7
Use of Nil in numeric context  in sub infix:<⊞> at /home/coke/sandbox/rakudo-star-daily/star-jvm/rakudo-star-daily/install/share/perl6/lib/Digest/MD5.pm:7
Use of Nil in numeric context  in sub infix:<⊞> at /home/coke/sandbox/rakudo-star-daily/star-jvm/rakudo-star-daily/install/share/perl6/lib/Digest/MD5.pm:7
Use of Nil in numeric context  in sub infix:<⊞> at /home/coke/sandbox/rakudo-star-daily/star-jvm/rakudo-star-daily/install/share/perl6/lib/Digest/MD5.pm:7
Use of Nil in numeric context  in sub infix:<⊞> at /home/coke/sandbox/rakudo-star-daily/star-jvm/rakudo-star-daily/install/share/perl6/lib/Digest/MD5.pm:7
Use of Nil in numeric context  in sub infix:<⊞> at /home/coke/sandbox/rakudo-star-daily/star-jvm/rakudo-star-daily/install/share/perl6/lib/Digest/MD5.pm:7
Use of Nil in numeric context  in sub infix:<⊞> at /home/coke/sandbox/rakudo-star-daily/star-jvm/rakudo-star-daily/install/share/perl6/lib/Digest/MD5.pm:7
Use of Nil in numeric context  in sub infix:<⊞> at /home/coke/sandbox/rakudo-star-daily/star-jvm/rakudo-star-daily/install/share/perl6/lib/Digest/MD5.pm:7
Use of Nil in numeric context  in sub infix:<⊞> at /home/coke/sandbox/rakudo-star-daily/star-jvm/rakudo-star-daily/install/share/perl6/lib/Digest/MD5.pm:7
Use of Nil in numeric context  in sub infix:<⊞> at /home/coke/sandbox/rakudo-star-daily/star-jvm/rakudo-star-daily/install/share/perl6/lib/Digest/MD5.pm:7
Use of Nil in numeric context  in sub infix:<⊞> at /home/coke/sandbox/rakudo-star-daily/star-jvm/rakudo-star-daily/install/share/perl6/lib/Digest/MD5.pm:7
Use of Nil in numeric context  in sub infix:<⊞> at /home/coke/sandbox/rakudo-star-daily/star-jvm/rakudo-star-daily/install/share/perl6/lib/Digest/MD5.pm:7
Use of Nil in numeric context  in sub infix:<⊞> at /home/coke/sandbox/rakudo-star-daily/star-jvm/rakudo-star-daily/install/share/perl6/lib/Digest/MD5.pm:7
Use of Nil in numeric context  in sub infix:<⊞> at /home/coke/sandbox/rakudo-star-daily/star-jvm/rakudo-star-daily/install/share/perl6/lib/Digest/MD5.pm:7
Use of Nil in numeric context  in sub infix:<⊞> at /home/coke/sandbox/rakudo-star-daily/star-jvm/rakudo-star-daily/install/share/perl6/lib/Digest/MD5.pm:7
Use of Nil in numeric context  in sub infix:<⊞> at /home/coke/sandbox/rakudo-star-daily/star-jvm/rakudo-star-daily/install/share/perl6/lib/Digest/MD5.pm:7
Use of Nil in numeric context  in sub infix:<⊞> at /home/coke/sandbox/rakudo-star-daily/star-jvm/rakudo-star-daily/install/share/perl6/lib/Digest/MD5.pm:7
Use of Nil in numeric context  in sub infix:<⊞> at /home/coke/sandbox/rakudo-star-daily/star-jvm/rakudo-star-daily/install/share/perl6/lib/Digest/MD5.pm:7
Use of Nil in numeric context  in sub infix:<⊞> at /home/coke/sandbox/rakudo-star-daily/star-jvm/rakudo-star-daily/install/share/perl6/lib/Digest/MD5.pm:7
Use of Nil in numeric context  in sub infix:<⊞> at /home/coke/sandbox/rakudo-star-daily/star-jvm/rakudo-star-daily/install/share/perl6/lib/Digest/MD5.pm:7
Use of Nil in numeric context  in sub infix:<⊞> at /home/coke/sandbox/rakudo-star-daily/star-jvm/rakudo-star-daily/install/share/perl6/lib/Digest/MD5.pm:7
Use of Nil in numeric context  in sub infix:<⊞> at /home/coke/sandbox/rakudo-star-daily/star-jvm/rakudo-star-daily/install/share/perl6/lib/Digest/MD5.pm:7
Use of Nil in numeric context  in sub infix:<⊞> at /home/coke/sandbox/rakudo-star-daily/star-jvm/rakudo-star-daily/install/share/perl6/lib/Digest/MD5.pm:7
Use of Nil in numeric context  in sub infix:<⊞> at /home/coke/sandbox/rakudo-star-daily/star-jvm/rakudo-star-daily/install/share/perl6/lib/Digest/MD5.pm:7

# Failed test 'MD5 hex of 'Hello World
# ' must be 'e59ff97941044f85df5297e1c302d260' (static method)'
# at t/perl5-compat.t line 20
# expected: 'e59ff97941044f85df5297e1c302d260'
#      got: 'f9c3811547b749f4b05c7f41638a42d9'
Use of Nil in numeric context  in sub infix:<⊞> at /home/coke/sandbox/rakudo-star-daily/star-jvm/rakudo-star-daily/install/share/perl6/lib/Digest/MD5.pm:7
Use of Nil in numeric context  in sub infix:<⊞> at /home/coke/sandbox/rakudo-star-daily/star-jvm/rakudo-star-daily/install/share/perl6/lib/Digest/MD5.pm:7
Use of Nil in numeric context  in sub infix:<⊞> at /home/coke/sandbox/rakudo-star-daily/star-jvm/rakudo-star-daily/install/share/perl6/lib/Digest/MD5.pm:7
Use of Nil in numeric context  in sub infix:<⊞> at /home/coke/sandbox/rakudo-star-daily/star-jvm/rakudo-star-daily/install/share/perl6/lib/Digest/MD5.pm:7
Use of Nil in numeric context  in sub infix:<⊞> at /home/coke/sandbox/rakudo-star-daily/star-jvm/rakudo-star-daily/install/share/perl6/lib/Digest/MD5.pm:7
Use of Nil in numeric context  in sub infix:<⊞> at /home/coke/sandbox/rakudo-star-daily/star-jvm/rakudo-star-daily/install/share/perl6/lib/Digest/MD5.pm:7
Use of Nil in numeric context  in sub infix:<⊞> at /home/coke/sandbox/rakudo-star-daily/star-jvm/rakudo-star-daily/install/share/perl6/lib/Digest/MD5.pm:7
Use of Nil in numeric context  in sub infix:<⊞> at /home/coke/sandbox/rakudo-star-daily/star-jvm/rakudo-star-daily/install/share/perl6/lib/Digest/MD5.pm:7
Use of Nil in numeric context  in sub infix:<⊞> at /home/coke/sandbox/rakudo-star-daily/star-jvm/rakudo-star-daily/install/share/perl6/lib/Digest/MD5.pm:7
Use of Nil in numeric context  in sub infix:<⊞> at /home/coke/sandbox/rakudo-star-daily/star-jvm/rakudo-star-daily/install/share/perl6/lib/Digest/MD5.pm:7
Use of Nil in numeric context  in sub infix:<⊞> at /home/coke/sandbox/rakudo-star-daily/star-jvm/rakudo-star-daily/install/share/perl6/lib/Digest/MD5.pm:7
Use of Nil in numeric context  in sub infix:<⊞> at /home/coke/sandbox/rakudo-star-daily/star-jvm/rakudo-star-daily/install/share/perl6/lib/Digest/MD5.pm:7
Use of Nil in numeric context  in sub infix:<⊞> at /home/coke/sandbox/rakudo-star-daily/star-jvm/rakudo-star-daily/install/share/perl6/lib/Digest/MD5.pm:7
Use of Nil in numeric context  in sub infix:<⊞> at /home/coke/sandbox/rakudo-star-daily/star-jvm/rakudo-star-daily/install/share/perl6/lib/Digest/MD5.pm:7
Use of Nil in numeric context  in sub infix:<⊞> at /home/coke/sandbox/rakudo-star-daily/star-jvm/rakudo-star-daily/install/share/perl6/lib/Digest/MD5.pm:7
Use of Nil in numeric context  in sub infix:<⊞> at /home/coke/sandbox/rakudo-star-daily/star-jvm/rakudo-star-daily/install/share/perl6/lib/Digest/MD5.pm:7
Use of Nil in numeric context  in sub infix:<⊞> at /home/coke/sandbox/rakudo-star-daily/star-jvm/rakudo-star-daily/install/share/perl6/lib/Digest/MD5.pm:7
Use of Nil in numeric context  in sub infix:<⊞> at /home/coke/sandbox/rakudo-star-daily/star-jvm/rakudo-star-daily/install/share/perl6/lib/Digest/MD5.pm:7
Use of Nil in numeric context  in sub infix:<⊞> at /home/coke/sandbox/rakudo-star-daily/star-jvm/rakudo-star-daily/install/share/perl6/lib/Digest/MD5.pm:7
Use of Nil in numeric context  in sub infix:<⊞> at /home/coke/sandbox/rakudo-star-daily/star-jvm/rakudo-star-daily/install/share/perl6/lib/Digest/MD5.pm:7
Use of Nil in numeric context  in sub infix:<⊞> at /home/coke/sandbox/rakudo-star-daily/star-jvm/rakudo-star-daily/install/share/perl6/lib/Digest/MD5.pm:7
Use of Nil in numeric context  in sub infix:<⊞> at /home/coke/sandbox/rakudo-star-daily/star-jvm/rakudo-star-daily/install/share/perl6/lib/Digest/MD5.pm:7
Use of Nil in numeric context  in sub infix:<⊞> at /home/coke/sandbox/rakudo-star-daily/star-jvm/rakudo-star-daily/install/share/perl6/lib/Digest/MD5.pm:7
Use of Nil in numeric context  in sub infix:<⊞> at /home/coke/sandbox/rakudo-star-daily/star-jvm/rakudo-star-daily/install/share/perl6/lib/Digest/MD5.pm:7
Use of Nil in numeric context  in sub infix:<⊞> at /home/coke/sandbox/rakudo-star-daily/star-jvm/rakudo-star-daily/install/share/perl6/lib/Digest/MD5.pm:7
Use of Nil in numeric context  in sub infix:<⊞> at /home/coke/sandbox/rakudo-star-daily/star-jvm/rakudo-star-daily/install/share/perl6/lib/Digest/MD5.pm:7
Use of Nil in numeric context  in sub infix:<⊞> at /home/coke/sandbox/rakudo-star-daily/star-jvm/rakudo-star-daily/install/share/perl6/lib/Digest/MD5.pm:7
Use of Nil in numeric context  in sub infix:<⊞> at /home/coke/sandbox/rakudo-star-daily/star-jvm/rakudo-star-daily/install/share/perl6/lib/Digest/MD5.pm:7
Use of Nil in numeric context  in sub infix:<⊞> at /home/coke/sandbox/rakudo-star-daily/star-jvm/rakudo-star-daily/install/share/perl6/lib/Digest/MD5.pm:7
Use of Nil in numeric context  in sub infix:<⊞> at /home/coke/sandbox/rakudo-star-daily/star-jvm/rakudo-star-daily/install/share/perl6/lib/Digest/MD5.pm:7
Use of Nil in numeric context  in sub infix:<⊞> at /home/coke/sandbox/rakudo-star-daily/star-jvm/rakudo-star-daily/install/share/perl6/lib/Digest/MD5.pm:7
Use of Nil in numeric context  in sub infix:<⊞> at /home/coke/sandbox/rakudo-star-daily/star-jvm/rakudo-star-daily/install/share/perl6/lib/Digest/MD5.pm:7
Use of Nil in numeric context  in sub infix:<⊞> at /home/coke/sandbox/rakudo-star-daily/star-jvm/rakudo-star-daily/install/share/perl6/lib/Digest/MD5.pm:7
Use of Nil in numeric context  in sub infix:<⊞> at /home/coke/sandbox/rakudo-star-daily/star-jvm/rakudo-star-daily/install/share/perl6/lib/Digest/MD5.pm:7
Use of Nil in numeric context  in sub infix:<⊞> at /home/coke/sandbox/rakudo-star-daily/star-jvm/rakudo-star-daily/install/share/perl6/lib/Digest/MD5.pm:7
Use of Nil in numeric context  in sub infix:<⊞> at /home/coke/sandbox/rakudo-star-daily/star-jvm/rakudo-star-daily/install/share/perl6/lib/Digest/MD5.pm:7
Use of Nil in numeric context  in sub infix:<⊞> at /home/coke/sandbox/rakudo-star-daily/star-jvm/rakudo-star-daily/install/share/perl6/lib/Digest/MD5.pm:7
Use of Nil in numeric context  in sub infix:<⊞> at /home/coke/sandbox/rakudo-star-daily/star-jvm/rakudo-star-daily/install/share/perl6/lib/Digest/MD5.pm:7
Use of Nil in numeric context  in sub infix:<⊞> at /home/coke/sandbox/rakudo-star-daily/star-jvm/rakudo-star-daily/install/share/perl6/lib/Digest/MD5.pm:7
Use of Nil in numeric context  in sub infix:<⊞> at /home/coke/sandbox/rakudo-star-daily/star-jvm/rakudo-star-daily/install/share/perl6/lib/Digest/MD5.pm:7
Use of Nil in numeric context  in sub infix:<⊞> at /home/coke/sandbox/rakudo-star-daily/star-jvm/rakudo-star-daily/install/share/perl6/lib/Digest/MD5.pm:7
Use of Nil in numeric context  in sub infix:<⊞> at /home/coke/sandbox/rakudo-star-daily/star-jvm/rakudo-star-daily/install/share/perl6/lib/Digest/MD5.pm:7
Use of Nil in numeric context  in sub infix:<⊞> at /home/coke/sandbox/rakudo-star-daily/star-jvm/rakudo-star-daily/install/share/perl6/lib/Digest/MD5.pm:7
Use of Nil in numeric context  in sub infix:<⊞> at /home/coke/sandbox/rakudo-star-daily/star-jvm/rakudo-star-daily/install/share/perl6/lib/Digest/MD5.pm:7
Use of Nil in numeric context  in sub infix:<⊞> at /home/coke/sandbox/rakudo-star-daily/star-jvm/rakudo-star-daily/install/share/perl6/lib/Digest/MD5.pm:7
Use of Nil in numeric context  in sub infix:<⊞> at /home/coke/sandbox/rakudo-star-daily/star-jvm/rakudo-star-daily/install/share/perl6/lib/Digest/MD5.pm:7
Use of Nil in numeric context  in sub infix:<⊞> at /home/coke/sandbox/rakudo-star-daily/star-jvm/rakudo-star-daily/install/share/perl6/lib/Digest/MD5.pm:7
Use of Nil in numeric context  in sub infix:<⊞> at /home/coke/sandbox/rakudo-star-daily/star-jvm/rakudo-star-daily/install/share/perl6/lib/Digest/MD5.pm:7
Use of Nil in numeric context  in sub infix:<⊞> at /home/coke/sandbox/rakudo-star-daily/star-jvm/rakudo-star-daily/install/share/perl6/lib/Digest/MD5.pm:7
Use of Nil in numeric context  in sub infix:<⊞> at /home/coke/sandbox/rakudo-star-daily/star-jvm/rakudo-star-daily/install/share/perl6/lib/Digest/MD5.pm:7
Use of Nil in numeric context  in sub infix:<⊞> at /home/coke/sandbox/rakudo-star-daily/star-jvm/rakudo-star-daily/install/share/perl6/lib/Digest/MD5.pm:7
Use of Nil in numeric context  in sub infix:<⊞> at /home/coke/sandbox/rakudo-star-daily/star-jvm/rakudo-star-daily/install/share/perl6/lib/Digest/MD5.pm:7
Use of Nil in numeric context  in sub infix:<⊞> at /home/coke/sandbox/rakudo-star-daily/star-jvm/rakudo-star-daily/install/share/perl6/lib/Digest/MD5.pm:7
Use of Nil in numeric context  in sub infix:<⊞> at /home/coke/sandbox/rakudo-star-daily/star-jvm/rakudo-star-daily/install/share/perl6/lib/Digest/MD5.pm:7
Use of Nil in numeric context  in sub infix:<⊞> at /home/coke/sandbox/rakudo-star-daily/star-jvm/rakudo-star-daily/install/share/perl6/lib/Digest/MD5.pm:7
Use of Nil in numeric context  in sub infix:<⊞> at /home/coke/sandbox/rakudo-star-daily/star-jvm/rakudo-star-daily/install/share/perl6/lib/Digest/MD5.pm:7
Use of Nil in numeric context  in sub infix:<⊞> at /home/coke/sandbox/rakudo-star-daily/star-jvm/rakudo-star-daily/install/share/perl6/lib/Digest/MD5.pm:7
Use of Nil in numeric context  in sub infix:<⊞> at /home/coke/sandbox/rakudo-star-daily/star-jvm/rakudo-star-daily/install/share/perl6/lib/Digest/MD5.pm:7
Use of Nil in numeric context  in sub infix:<⊞> at /home/coke/sandbox/rakudo-star-daily/star-jvm/rakudo-star-daily/install/share/perl6/lib/Digest/MD5.pm:7
Use of Nil in numeric context  in sub infix:<⊞> at /home/coke/sandbox/rakudo-star-daily/star-jvm/rakudo-star-daily/install/share/perl6/lib/Digest/MD5.pm:7
Use of Nil in numeric context  in sub infix:<⊞> at /home/coke/sandbox/rakudo-star-daily/star-jvm/rakudo-star-daily/install/share/perl6/lib/Digest/MD5.pm:7
Use of Nil in numeric context  in sub infix:<⊞> at /home/coke/sandbox/rakudo-star-daily/star-jvm/rakudo-star-daily/install/share/perl6/lib/Digest/MD5.pm:7
Use of Nil in numeric context  in sub infix:<⊞> at /home/coke/sandbox/rakudo-star-daily/star-jvm/rakudo-star-daily/install/share/perl6/lib/Digest/MD5.pm:7
Use of Nil in numeric context  in sub infix:<⊞> at /home/coke/sandbox/rakudo-star-daily/star-jvm/rakudo-star-daily/install/share/perl6/lib/Digest/MD5.pm:7

# Failed test 'MD5 hex of 'Hello World
# ' must be 'e59ff97941044f85df5297e1c302d260' (instance method)'
# at t/perl5-compat.t line 25
# expected: 'e59ff97941044f85df5297e1c302d260'
#      got: 'f9c3811547b749f4b05c7f41638a42d9'
Use of Nil in numeric context  in sub infix:<⊞> at /home/coke/sandbox/rakudo-star-daily/star-jvm/rakudo-star-daily/install/share/perl6/lib/Digest/MD5.pm:7
Use of Nil in numeric context  in sub infix:<⊞> at /home/coke/sandbox/rakudo-star-daily/star-jvm/rakudo-star-daily/install/share/perl6/lib/Digest/MD5.pm:7
Use of Nil in numeric context  in sub infix:<⊞> at /home/coke/sandbox/rakudo-star-daily/star-jvm/rakudo-star-daily/install/share/perl6/lib/Digest/MD5.pm:7
Use of Nil in numeric context  in sub infix:<⊞> at /home/coke/sandbox/rakudo-star-daily/star-jvm/rakudo-star-daily/install/share/perl6/lib/Digest/MD5.pm:7
Use of Nil in numeric context  in sub infix:<⊞> at /home/coke/sandbox/rakudo-star-daily/star-jvm/rakudo-star-daily/install/share/perl6/lib/Digest/MD5.pm:7
Use of Nil in numeric context  in sub infix:<⊞> at /home/coke/sandbox/rakudo-star-daily/star-jvm/rakudo-star-daily/install/share/perl6/lib/Digest/MD5.pm:7
Use of Nil in numeric context  in sub infix:<⊞> at /home/coke/sandbox/rakudo-star-daily/star-jvm/rakudo-star-daily/install/share/perl6/lib/Digest/MD5.pm:7
Use of Nil in numeric context  in sub infix:<⊞> at /home/coke/sandbox/rakudo-star-daily/star-jvm/rakudo-star-daily/install/share/perl6/lib/Digest/MD5.pm:7
Use of Nil in numeric context  in sub infix:<⊞> at /home/coke/sandbox/rakudo-star-daily/star-jvm/rakudo-star-daily/install/share/perl6/lib/Digest/MD5.pm:7
Use of Nil in numeric context  in sub infix:<⊞> at /home/coke/sandbox/rakudo-star-daily/star-jvm/rakudo-star-daily/install/share/perl6/lib/Digest/MD5.pm:7
Use of Nil in numeric context  in sub infix:<⊞> at /home/coke/sandbox/rakudo-star-daily/star-jvm/rakudo-star-daily/install/share/perl6/lib/Digest/MD5.pm:7
Use of Nil in numeric context  in sub infix:<⊞> at /home/coke/sandbox/rakudo-star-daily/star-jvm/rakudo-star-daily/install/share/perl6/lib/Digest/MD5.pm:7
Use of Nil in numeric context  in sub infix:<⊞> at /home/coke/sandbox/rakudo-star-daily/star-jvm/rakudo-star-daily/install/share/perl6/lib/Digest/MD5.pm:7
Use of Nil in numeric context  in sub infix:<⊞> at /home/coke/sandbox/rakudo-star-daily/star-jvm/rakudo-star-daily/install/share/perl6/lib/Digest/MD5.pm:7
Use of Nil in numeric context  in sub infix:<⊞> at /home/coke/sandbox/rakudo-star-daily/star-jvm/rakudo-star-daily/install/share/perl6/lib/Digest/MD5.pm:7
Use of Nil in numeric context  in sub infix:<⊞> at /home/coke/sandbox/rakudo-star-daily/star-jvm/rakudo-star-daily/install/share/perl6/lib/Digest/MD5.pm:7
Use of Nil in numeric context  in sub infix:<⊞> at /home/coke/sandbox/rakudo-star-daily/star-jvm/rakudo-star-daily/install/share/perl6/lib/Digest/MD5.pm:7
Use of Nil in numeric context  in sub infix:<⊞> at /home/coke/sandbox/rakudo-star-daily/star-jvm/rakudo-star-daily/install/share/perl6/lib/Digest/MD5.pm:7
Use of Nil in numeric context  in sub infix:<⊞> at /home/coke/sandbox/rakudo-star-daily/star-jvm/rakudo-star-daily/install/share/perl6/lib/Digest/MD5.pm:7
Use of Nil in numeric context  in sub infix:<⊞> at /home/coke/sandbox/rakudo-star-daily/star-jvm/rakudo-star-daily/install/share/perl6/lib/Digest/MD5.pm:7
Use of Nil in numeric context  in sub infix:<⊞> at /home/coke/sandbox/rakudo-star-daily/star-jvm/rakudo-star-daily/install/share/perl6/lib/Digest/MD5.pm:7
Use of Nil in numeric context  in sub infix:<⊞> at /home/coke/sandbox/rakudo-star-daily/star-jvm/rakudo-star-daily/install/share/perl6/lib/Digest/MD5.pm:7
Use of Nil in numeric context  in sub infix:<⊞> at /home/coke/sandbox/rakudo-star-daily/star-jvm/rakudo-star-daily/install/share/perl6/lib/Digest/MD5.pm:7
Use of Nil in numeric context  in sub infix:<⊞> at /home/coke/sandbox/rakudo-star-daily/star-jvm/rakudo-star-daily/install/share/perl6/lib/Digest/MD5.pm:7
Use of Nil in numeric context  in sub infix:<⊞> at /home/coke/sandbox/rakudo-star-daily/star-jvm/rakudo-star-daily/install/share/perl6/lib/Digest/MD5.pm:7
Use of Nil in numeric context  in sub infix:<⊞> at /home/coke/sandbox/rakudo-star-daily/star-jvm/rakudo-star-daily/install/share/perl6/lib/Digest/MD5.pm:7
Use of Nil in numeric context  in sub infix:<⊞> at /home/coke/sandbox/rakudo-star-daily/star-jvm/rakudo-star-daily/install/share/perl6/lib/Digest/MD5.pm:7
Use of Nil in numeric context  in sub infix:<⊞> at /home/coke/sandbox/rakudo-star-daily/star-jvm/rakudo-star-daily/install/share/perl6/lib/Digest/MD5.pm:7
Use of Nil in numeric context  in sub infix:<⊞> at /home/coke/sandbox/rakudo-star-daily/star-jvm/rakudo-star-daily/install/share/perl6/lib/Digest/MD5.pm:7
Use of Nil in numeric context  in sub infix:<⊞> at /home/coke/sandbox/rakudo-star-daily/star-jvm/rakudo-star-daily/install/share/perl6/lib/Digest/MD5.pm:7
Use of Nil in numeric context  in sub infix:<⊞> at /home/coke/sandbox/rakudo-star-daily/star-jvm/rakudo-star-daily/install/share/perl6/lib/Digest/MD5.pm:7
Use of Nil in numeric context  in sub infix:<⊞> at /home/coke/sandbox/rakudo-star-daily/star-jvm/rakudo-star-daily/install/share/perl6/lib/Digest/MD5.pm:7
Use of Nil in numeric context  in sub infix:<⊞> at /home/coke/sandbox/rakudo-star-daily/star-jvm/rakudo-star-daily/install/share/perl6/lib/Digest/MD5.pm:7
Use of Nil in numeric context  in sub infix:<⊞> at /home/coke/sandbox/rakudo-star-daily/star-jvm/rakudo-star-daily/install/share/perl6/lib/Digest/MD5.pm:7
Use of Nil in numeric context  in sub infix:<⊞> at /home/coke/sandbox/rakudo-star-daily/star-jvm/rakudo-star-daily/install/share/perl6/lib/Digest/MD5.pm:7
Use of Nil in numeric context  in sub infix:<⊞> at /home/coke/sandbox/rakudo-star-daily/star-jvm/rakudo-star-daily/install/share/perl6/lib/Digest/MD5.pm:7
Use of Nil in numeric context  in sub infix:<⊞> at /home/coke/sandbox/rakudo-star-daily/star-jvm/rakudo-star-daily/install/share/perl6/lib/Digest/MD5.pm:7
Use of Nil in numeric context  in sub infix:<⊞> at /home/coke/sandbox/rakudo-star-daily/star-jvm/rakudo-star-daily/install/share/perl6/lib/Digest/MD5.pm:7
Use of Nil in numeric context  in sub infix:<⊞> at /home/coke/sandbox/rakudo-star-daily/star-jvm/rakudo-star-daily/install/share/perl6/lib/Digest/MD5.pm:7
Use of Nil in numeric context  in sub infix:<⊞> at /home/coke/sandbox/rakudo-star-daily/star-jvm/rakudo-star-daily/install/share/perl6/lib/Digest/MD5.pm:7
Use of Nil in numeric context  in sub infix:<⊞> at /home/coke/sandbox/rakudo-star-daily/star-jvm/rakudo-star-daily/install/share/perl6/lib/Digest/MD5.pm:7
Use of Nil in numeric context  in sub infix:<⊞> at /home/coke/sandbox/rakudo-star-daily/star-jvm/rakudo-star-daily/install/share/perl6/lib/Digest/MD5.pm:7
Use of Nil in numeric context  in sub infix:<⊞> at /home/coke/sandbox/rakudo-star-daily/star-jvm/rakudo-star-daily/install/share/perl6/lib/Digest/MD5.pm:7
Use of Nil in numeric context  in sub infix:<⊞> at /home/coke/sandbox/rakudo-star-daily/star-jvm/rakudo-star-daily/install/share/perl6/lib/Digest/MD5.pm:7
Use of Nil in numeric context  in sub infix:<⊞> at /home/coke/sandbox/rakudo-star-daily/star-jvm/rakudo-star-daily/install/share/perl6/lib/Digest/MD5.pm:7
Use of Nil in numeric context  in sub infix:<⊞> at /home/coke/sandbox/rakudo-star-daily/star-jvm/rakudo-star-daily/install/share/perl6/lib/Digest/MD5.pm:7
Use of Nil in numeric context  in sub infix:<⊞> at /home/coke/sandbox/rakudo-star-daily/star-jvm/rakudo-star-daily/install/share/perl6/lib/Digest/MD5.pm:7
Use of Nil in numeric context  in sub infix:<⊞> at /home/coke/sandbox/rakudo-star-daily/star-jvm/rakudo-star-daily/install/share/perl6/lib/Digest/MD5.pm:7
Use of Nil in numeric context  in sub infix:<⊞> at /home/coke/sandbox/rakudo-star-daily/star-jvm/rakudo-star-daily/install/share/perl6/lib/Digest/MD5.pm:7
Use of Nil in numeric context  in sub infix:<⊞> at /home/coke/sandbox/rakudo-star-daily/star-jvm/rakudo-star-daily/install/share/perl6/lib/Digest/MD5.pm:7
Use of Nil in numeric context  in sub infix:<⊞> at /home/coke/sandbox/rakudo-star-daily/star-jvm/rakudo-star-daily/install/share/perl6/lib/Digest/MD5.pm:7
Use of Nil in numeric context  in sub infix:<⊞> at /home/coke/sandbox/rakudo-star-daily/star-jvm/rakudo-star-daily/install/share/perl6/lib/Digest/MD5.pm:7
Use of Nil in numeric context  in sub infix:<⊞> at /home/coke/sandbox/rakudo-star-daily/star-jvm/rakudo-star-daily/install/share/perl6/lib/Digest/MD5.pm:7
Use of Nil in numeric context  in sub infix:<⊞> at /home/coke/sandbox/rakudo-star-daily/star-jvm/rakudo-star-daily/install/share/perl6/lib/Digest/MD5.pm:7
Use of Nil in numeric context  in sub infix:<⊞> at /home/coke/sandbox/rakudo-star-daily/star-jvm/rakudo-star-daily/install/share/perl6/lib/Digest/MD5.pm:7
Use of Nil in numeric context  in sub infix:<⊞> at /home/coke/sandbox/rakudo-star-daily/star-jvm/rakudo-star-daily/install/share/perl6/lib/Digest/MD5.pm:7
Use of Nil in numeric context  in sub infix:<⊞> at /home/coke/sandbox/rakudo-star-daily/star-jvm/rakudo-star-daily/install/share/perl6/lib/Digest/MD5.pm:7
Use of Nil in numeric context  in sub infix:<⊞> at /home/coke/sandbox/rakudo-star-daily/star-jvm/rakudo-star-daily/install/share/perl6/lib/Digest/MD5.pm:7
Use of Nil in numeric context  in sub infix:<⊞> at /home/coke/sandbox/rakudo-star-daily/star-jvm/rakudo-star-daily/install/share/perl6/lib/Digest/MD5.pm:7
Use of Nil in numeric context  in sub infix:<⊞> at /home/coke/sandbox/rakudo-star-daily/star-jvm/rakudo-star-daily/install/share/perl6/lib/Digest/MD5.pm:7
Use of Nil in numeric context  in sub infix:<⊞> at /home/coke/sandbox/rakudo-star-daily/star-jvm/rakudo-star-daily/install/share/perl6/lib/Digest/MD5.pm:7
Use of Nil in numeric context  in sub infix:<⊞> at /home/coke/sandbox/rakudo-star-daily/star-jvm/rakudo-star-daily/install/share/perl6/lib/Digest/MD5.pm:7
Use of Nil in numeric context  in sub infix:<⊞> at /home/coke/sandbox/rakudo-star-daily/star-jvm/rakudo-star-daily/install/share/perl6/lib/Digest/MD5.pm:7
Use of Nil in numeric context  in sub infix:<⊞> at /home/coke/sandbox/rakudo-star-daily/star-jvm/rakudo-star-daily/install/share/perl6/lib/Digest/MD5.pm:7

# Failed test 'MD5 binary of 'Hello World
# ' (static method)'
# at t/perl5-compat.t line 37
# expected: $(229, 159, 249, 121, 65, 4, 79, 133, 223, 82, 151, 225, 195, 2, 210, 96)
#      got: $(249, 195, 129, 21, 71, 183, 73, 244, 176, 92, 127, 65, 99, 138, 66, 217)
Use of Nil in numeric context  in sub infix:<⊞> at /home/coke/sandbox/rakudo-star-daily/star-jvm/rakudo-star-daily/install/share/perl6/lib/Digest/MD5.pm:7
Use of Nil in numeric context  in sub infix:<⊞> at /home/coke/sandbox/rakudo-star-daily/star-jvm/rakudo-star-daily/install/share/perl6/lib/Digest/MD5.pm:7
Use of Nil in numeric context  in sub infix:<⊞> at /home/coke/sandbox/rakudo-star-daily/star-jvm/rakudo-star-daily/install/share/perl6/lib/Digest/MD5.pm:7
Use of Nil in numeric context  in sub infix:<⊞> at /home/coke/sandbox/rakudo-star-daily/star-jvm/rakudo-star-daily/install/share/perl6/lib/Digest/MD5.pm:7
Use of Nil in numeric context  in sub infix:<⊞> at /home/coke/sandbox/rakudo-star-daily/star-jvm/rakudo-star-daily/install/share/perl6/lib/Digest/MD5.pm:7
Use of Nil in numeric context  in sub infix:<⊞> at /home/coke/sandbox/rakudo-star-daily/star-jvm/rakudo-star-daily/install/share/perl6/lib/Digest/MD5.pm:7
Use of Nil in numeric context  in sub infix:<⊞> at /home/coke/sandbox/rakudo-star-daily/star-jvm/rakudo-star-daily/install/share/perl6/lib/Digest/MD5.pm:7
Use of Nil in numeric context  in sub infix:<⊞> at /home/coke/sandbox/rakudo-star-daily/star-jvm/rakudo-star-daily/install/share/perl6/lib/Digest/MD5.pm:7
Use of Nil in numeric context  in sub infix:<⊞> at /home/coke/sandbox/rakudo-star-daily/star-jvm/rakudo-star-daily/install/share/perl6/lib/Digest/MD5.pm:7
Use of Nil in numeric context  in sub infix:<⊞> at /home/coke/sandbox/rakudo-star-daily/star-jvm/rakudo-star-daily/install/share/perl6/lib/Digest/MD5.pm:7
Use of Nil in numeric context  in sub infix:<⊞> at /home/coke/sandbox/rakudo-star-daily/star-jvm/rakudo-star-daily/install/share/perl6/lib/Digest/MD5.pm:7
Use of Nil in numeric context  in sub infix:<⊞> at /home/coke/sandbox/rakudo-star-daily/star-jvm/rakudo-star-daily/install/share/perl6/lib/Digest/MD5.pm:7
Use of Nil in numeric context  in sub infix:<⊞> at /home/coke/sandbox/rakudo-star-daily/star-jvm/rakudo-star-daily/install/share/perl6/lib/Digest/MD5.pm:7
Use of Nil in numeric context  in sub infix:<⊞> at /home/coke/sandbox/rakudo-star-daily/star-jvm/rakudo-star-daily/install/share/perl6/lib/Digest/MD5.pm:7
Use of Nil in numeric context  in sub infix:<⊞> at /home/coke/sandbox/rakudo-star-daily/star-jvm/rakudo-star-daily/install/share/perl6/lib/Digest/MD5.pm:7
Use of Nil in numeric context  in sub infix:<⊞> at /home/coke/sandbox/rakudo-star-daily/star-jvm/rakudo-star-daily/install/share/perl6/lib/Digest/MD5.pm:7
Use of Nil in numeric context  in sub infix:<⊞> at /home/coke/sandbox/rakudo-star-daily/star-jvm/rakudo-star-daily/install/share/perl6/lib/Digest/MD5.pm:7
Use of Nil in numeric context  in sub infix:<⊞> at /home/coke/sandbox/rakudo-star-daily/star-jvm/rakudo-star-daily/install/share/perl6/lib/Digest/MD5.pm:7
Use of Nil in numeric context  in sub infix:<⊞> at /home/coke/sandbox/rakudo-star-daily/star-jvm/rakudo-star-daily/install/share/perl6/lib/Digest/MD5.pm:7
Use of Nil in numeric context  in sub infix:<⊞> at /home/coke/sandbox/rakudo-star-daily/star-jvm/rakudo-star-daily/install/share/perl6/lib/Digest/MD5.pm:7
Use of Nil in numeric context  in sub infix:<⊞> at /home/coke/sandbox/rakudo-star-daily/star-jvm/rakudo-star-daily/install/share/perl6/lib/Digest/MD5.pm:7
Use of Nil in numeric context  in sub infix:<⊞> at /home/coke/sandbox/rakudo-star-daily/star-jvm/rakudo-star-daily/install/share/perl6/lib/Digest/MD5.pm:7
Use of Nil in numeric context  in sub infix:<⊞> at /home/coke/sandbox/rakudo-star-daily/star-jvm/rakudo-star-daily/install/share/perl6/lib/Digest/MD5.pm:7
Use of Nil in numeric context  in sub infix:<⊞> at /home/coke/sandbox/rakudo-star-daily/star-jvm/rakudo-star-daily/install/share/perl6/lib/Digest/MD5.pm:7
Use of Nil in numeric context  in sub infix:<⊞> at /home/coke/sandbox/rakudo-star-daily/star-jvm/rakudo-star-daily/install/share/perl6/lib/Digest/MD5.pm:7
Use of Nil in numeric context  in sub infix:<⊞> at /home/coke/sandbox/rakudo-star-daily/star-jvm/rakudo-star-daily/install/share/perl6/lib/Digest/MD5.pm:7
Use of Nil in numeric context  in sub infix:<⊞> at /home/coke/sandbox/rakudo-star-daily/star-jvm/rakudo-star-daily/install/share/perl6/lib/Digest/MD5.pm:7
Use of Nil in numeric context  in sub infix:<⊞> at /home/coke/sandbox/rakudo-star-daily/star-jvm/rakudo-star-daily/install/share/perl6/lib/Digest/MD5.pm:7
Use of Nil in numeric context  in sub infix:<⊞> at /home/coke/sandbox/rakudo-star-daily/star-jvm/rakudo-star-daily/install/share/perl6/lib/Digest/MD5.pm:7
Use of Nil in numeric context  in sub infix:<⊞> at /home/coke/sandbox/rakudo-star-daily/star-jvm/rakudo-star-daily/install/share/perl6/lib/Digest/MD5.pm:7
Use of Nil in numeric context  in sub infix:<⊞> at /home/coke/sandbox/rakudo-star-daily/star-jvm/rakudo-star-daily/install/share/perl6/lib/Digest/MD5.pm:7
Use of Nil in numeric context  in sub infix:<⊞> at /home/coke/sandbox/rakudo-star-daily/star-jvm/rakudo-star-daily/install/share/perl6/lib/Digest/MD5.pm:7
Use of Nil in numeric context  in sub infix:<⊞> at /home/coke/sandbox/rakudo-star-daily/star-jvm/rakudo-star-daily/install/share/perl6/lib/Digest/MD5.pm:7
Use of Nil in numeric context  in sub infix:<⊞> at /home/coke/sandbox/rakudo-star-daily/star-jvm/rakudo-star-daily/install/share/perl6/lib/Digest/MD5.pm:7
Use of Nil in numeric context  in sub infix:<⊞> at /home/coke/sandbox/rakudo-star-daily/star-jvm/rakudo-star-daily/install/share/perl6/lib/Digest/MD5.pm:7
Use of Nil in numeric context  in sub infix:<⊞> at /home/coke/sandbox/rakudo-star-daily/star-jvm/rakudo-star-daily/install/share/perl6/lib/Digest/MD5.pm:7
Use of Nil in numeric context  in sub infix:<⊞> at /home/coke/sandbox/rakudo-star-daily/star-jvm/rakudo-star-daily/install/share/perl6/lib/Digest/MD5.pm:7
Use of Nil in numeric context  in sub infix:<⊞> at /home/coke/sandbox/rakudo-star-daily/star-jvm/rakudo-star-daily/install/share/perl6/lib/Digest/MD5.pm:7
Use of Nil in numeric context  in sub infix:<⊞> at /home/coke/sandbox/rakudo-star-daily/star-jvm/rakudo-star-daily/install/share/perl6/lib/Digest/MD5.pm:7
Use of Nil in numeric context  in sub infix:<⊞> at /home/coke/sandbox/rakudo-star-daily/star-jvm/rakudo-star-daily/install/share/perl6/lib/Digest/MD5.pm:7
Use of Nil in numeric context  in sub infix:<⊞> at /home/coke/sandbox/rakudo-star-daily/star-jvm/rakudo-star-daily/install/share/perl6/lib/Digest/MD5.pm:7
Use of Nil in numeric context  in sub infix:<⊞> at /home/coke/sandbox/rakudo-star-daily/star-jvm/rakudo-star-daily/install/share/perl6/lib/Digest/MD5.pm:7
Use of Nil in numeric context  in sub infix:<⊞> at /home/coke/sandbox/rakudo-star-daily/star-jvm/rakudo-star-daily/install/share/perl6/lib/Digest/MD5.pm:7
Use of Nil in numeric context  in sub infix:<⊞> at /home/coke/sandbox/rakudo-star-daily/star-jvm/rakudo-star-daily/install/share/perl6/lib/Digest/MD5.pm:7
Use of Nil in numeric context  in sub infix:<⊞> at /home/coke/sandbox/rakudo-star-daily/star-jvm/rakudo-star-daily/install/share/perl6/lib/Digest/MD5.pm:7
Use of Nil in numeric context  in sub infix:<⊞> at /home/coke/sandbox/rakudo-star-daily/star-jvm/rakudo-star-daily/install/share/perl6/lib/Digest/MD5.pm:7
Use of Nil in numeric context  in sub infix:<⊞> at /home/coke/sandbox/rakudo-star-daily/star-jvm/rakudo-star-daily/install/share/perl6/lib/Digest/MD5.pm:7
Use of Nil in numeric context  in sub infix:<⊞> at /home/coke/sandbox/rakudo-star-daily/star-jvm/rakudo-star-daily/install/share/perl6/lib/Digest/MD5.pm:7
Use of Nil in numeric context  in sub infix:<⊞> at /home/coke/sandbox/rakudo-star-daily/star-jvm/rakudo-star-daily/install/share/perl6/lib/Digest/MD5.pm:7
Use of Nil in numeric context  in sub infix:<⊞> at /home/coke/sandbox/rakudo-star-daily/star-jvm/rakudo-star-daily/install/share/perl6/lib/Digest/MD5.pm:7
Use of Nil in numeric context  in sub infix:<⊞> at /home/coke/sandbox/rakudo-star-daily/star-jvm/rakudo-star-daily/install/share/perl6/lib/Digest/MD5.pm:7
Use of Nil in numeric context  in sub infix:<⊞> at /home/coke/sandbox/rakudo-star-daily/star-jvm/rakudo-star-daily/install/share/perl6/lib/Digest/MD5.pm:7
Use of Nil in numeric context  in sub infix:<⊞> at /home/coke/sandbox/rakudo-star-daily/star-jvm/rakudo-star-daily/install/share/perl6/lib/Digest/MD5.pm:7
Use of Nil in numeric context  in sub infix:<⊞> at /home/coke/sandbox/rakudo-star-daily/star-jvm/rakudo-star-daily/install/share/perl6/lib/Digest/MD5.pm:7
Use of Nil in numeric context  in sub infix:<⊞> at /home/coke/sandbox/rakudo-star-daily/star-jvm/rakudo-star-daily/install/share/perl6/lib/Digest/MD5.pm:7
Use of Nil in numeric context  in sub infix:<⊞> at /home/coke/sandbox/rakudo-star-daily/star-jvm/rakudo-star-daily/install/share/perl6/lib/Digest/MD5.pm:7
Use of Nil in numeric context  in sub infix:<⊞> at /home/coke/sandbox/rakudo-star-daily/star-jvm/rakudo-star-daily/install/share/perl6/lib/Digest/MD5.pm:7
Use of Nil in numeric context  in sub infix:<⊞> at /home/coke/sandbox/rakudo-star-daily/star-jvm/rakudo-star-daily/install/share/perl6/lib/Digest/MD5.pm:7
Use of Nil in numeric context  in sub infix:<⊞> at /home/coke/sandbox/rakudo-star-daily/star-jvm/rakudo-star-daily/install/share/perl6/lib/Digest/MD5.pm:7
Use of Nil in numeric context  in sub infix:<⊞> at /home/coke/sandbox/rakudo-star-daily/star-jvm/rakudo-star-daily/install/share/perl6/lib/Digest/MD5.pm:7
Use of Nil in numeric context  in sub infix:<⊞> at /home/coke/sandbox/rakudo-star-daily/star-jvm/rakudo-star-daily/install/share/perl6/lib/Digest/MD5.pm:7
Use of Nil in numeric context  in sub infix:<⊞> at /home/coke/sandbox/rakudo-star-daily/star-jvm/rakudo-star-daily/install/share/perl6/lib/Digest/MD5.pm:7
Use of Nil in numeric context  in sub infix:<⊞> at /home/coke/sandbox/rakudo-star-daily/star-jvm/rakudo-star-daily/install/share/perl6/lib/Digest/MD5.pm:7
Use of Nil in numeric context  in sub infix:<⊞> at /home/coke/sandbox/rakudo-star-daily/star-jvm/rakudo-star-daily/install/share/perl6/lib/Digest/MD5.pm:7

# Failed test 'MD5 binary of 'Hello World
# ' (instance method)'
# at t/perl5-compat.t line 49
# expected: $(229, 159, 249, 121, 65, 4, 79, 133, 223, 82, 151, 225, 195, 2, 210, 96)
#      got: $(249, 195, 129, 21, 71, 183, 73, 244, 176, 92, 127, 65, 99, 138, 66, 217)
Use of Nil in numeric context  in sub infix:<⊞> at /home/coke/sandbox/rakudo-star-daily/star-jvm/rakudo-star-daily/install/share/perl6/lib/Digest/MD5.pm:7
Use of Nil in numeric context  in sub infix:<⊞> at /home/coke/sandbox/rakudo-star-daily/star-jvm/rakudo-star-daily/install/share/perl6/lib/Digest/MD5.pm:7
Use of Nil in numeric context  in sub infix:<⊞> at /home/coke/sandbox/rakudo-star-daily/star-jvm/rakudo-star-daily/install/share/perl6/lib/Digest/MD5.pm:7
Use of Nil in numeric context  in sub infix:<⊞> at /home/coke/sandbox/rakudo-star-daily/star-jvm/rakudo-star-daily/install/share/perl6/lib/Digest/MD5.pm:7
Use of Nil in numeric context  in sub infix:<⊞> at /home/coke/sandbox/rakudo-star-daily/star-jvm/rakudo-star-daily/install/share/perl6/lib/Digest/MD5.pm:7
Use of Nil in numeric context  in sub infix:<⊞> at /home/coke/sandbox/rakudo-star-daily/star-jvm/rakudo-star-daily/install/share/perl6/lib/Digest/MD5.pm:7
Use of Nil in numeric context  in sub infix:<⊞> at /home/coke/sandbox/rakudo-star-daily/star-jvm/rakudo-star-daily/install/share/perl6/lib/Digest/MD5.pm:7
Use of Nil in numeric context  in sub infix:<⊞> at /home/coke/sandbox/rakudo-star-daily/star-jvm/rakudo-star-daily/install/share/perl6/lib/Digest/MD5.pm:7
Use of Nil in numeric context  in sub infix:<⊞> at /home/coke/sandbox/rakudo-star-daily/star-jvm/rakudo-star-daily/install/share/perl6/lib/Digest/MD5.pm:7
Use of Nil in numeric context  in sub infix:<⊞> at /home/coke/sandbox/rakudo-star-daily/star-jvm/rakudo-star-daily/install/share/perl6/lib/Digest/MD5.pm:7
Use of Nil in numeric context  in sub infix:<⊞> at /home/coke/sandbox/rakudo-star-daily/star-jvm/rakudo-star-daily/install/share/perl6/lib/Digest/MD5.pm:7
Use of Nil in numeric context  in sub infix:<⊞> at /home/coke/sandbox/rakudo-star-daily/star-jvm/rakudo-star-daily/install/share/perl6/lib/Digest/MD5.pm:7
Use of Nil in numeric context  in sub infix:<⊞> at /home/coke/sandbox/rakudo-star-daily/star-jvm/rakudo-star-daily/install/share/perl6/lib/Digest/MD5.pm:7
Use of Nil in numeric context  in sub infix:<⊞> at /home/coke/sandbox/rakudo-star-daily/star-jvm/rakudo-star-daily/install/share/perl6/lib/Digest/MD5.pm:7
Use of Nil in numeric context  in sub infix:<⊞> at /home/coke/sandbox/rakudo-star-daily/star-jvm/rakudo-star-daily/install/share/perl6/lib/Digest/MD5.pm:7
Use of Nil in numeric context  in sub infix:<⊞> at /home/coke/sandbox/rakudo-star-daily/star-jvm/rakudo-star-daily/install/share/perl6/lib/Digest/MD5.pm:7
Use of Nil in numeric context  in sub infix:<⊞> at /home/coke/sandbox/rakudo-star-daily/star-jvm/rakudo-star-daily/install/share/perl6/lib/Digest/MD5.pm:7
Use of Nil in numeric context  in sub infix:<⊞> at /home/coke/sandbox/rakudo-star-daily/star-jvm/rakudo-star-daily/install/share/perl6/lib/Digest/MD5.pm:7
Use of Nil in numeric context  in sub infix:<⊞> at /home/coke/sandbox/rakudo-star-daily/star-jvm/rakudo-star-daily/install/share/perl6/lib/Digest/MD5.pm:7
Use of Nil in numeric context  in sub infix:<⊞> at /home/coke/sandbox/rakudo-star-daily/star-jvm/rakudo-star-daily/install/share/perl6/lib/Digest/MD5.pm:7
Use of Nil in numeric context  in sub infix:<⊞> at /home/coke/sandbox/rakudo-star-daily/star-jvm/rakudo-star-daily/install/share/perl6/lib/Digest/MD5.pm:7
Use of Nil in numeric context  in sub infix:<⊞> at /home/coke/sandbox/rakudo-star-daily/star-jvm/rakudo-star-daily/install/share/perl6/lib/Digest/MD5.pm:7
Use of Nil in numeric context  in sub infix:<⊞> at /home/coke/sandbox/rakudo-star-daily/star-jvm/rakudo-star-daily/install/share/perl6/lib/Digest/MD5.pm:7
Use of Nil in numeric context  in sub infix:<⊞> at /home/coke/sandbox/rakudo-star-daily/star-jvm/rakudo-star-daily/install/share/perl6/lib/Digest/MD5.pm:7
Use of Nil in numeric context  in sub infix:<⊞> at /home/coke/sandbox/rakudo-star-daily/star-jvm/rakudo-star-daily/install/share/perl6/lib/Digest/MD5.pm:7
Use of Nil in numeric context  in sub infix:<⊞> at /home/coke/sandbox/rakudo-star-daily/star-jvm/rakudo-star-daily/install/share/perl6/lib/Digest/MD5.pm:7
Use of Nil in numeric context  in sub infix:<⊞> at /home/coke/sandbox/rakudo-star-daily/star-jvm/rakudo-star-daily/install/share/perl6/lib/Digest/MD5.pm:7
Use of Nil in numeric context  in sub infix:<⊞> at /home/coke/sandbox/rakudo-star-daily/star-jvm/rakudo-star-daily/install/share/perl6/lib/Digest/MD5.pm:7
Use of Nil in numeric context  in sub infix:<⊞> at /home/coke/sandbox/rakudo-star-daily/star-jvm/rakudo-star-daily/install/share/perl6/lib/Digest/MD5.pm:7
Use of Nil in numeric context  in sub infix:<⊞> at /home/coke/sandbox/rakudo-star-daily/star-jvm/rakudo-star-daily/install/share/perl6/lib/Digest/MD5.pm:7
Use of Nil in numeric context  in sub infix:<⊞> at /home/coke/sandbox/rakudo-star-daily/star-jvm/rakudo-star-daily/install/share/perl6/lib/Digest/MD5.pm:7
Use of Nil in numeric context  in sub infix:<⊞> at /home/coke/sandbox/rakudo-star-daily/star-jvm/rakudo-star-daily/install/share/perl6/lib/Digest/MD5.pm:7
Use of Nil in numeric context  in sub infix:<⊞> at /home/coke/sandbox/rakudo-star-daily/star-jvm/rakudo-star-daily/install/share/perl6/lib/Digest/MD5.pm:7
Use of Nil in numeric context  in sub infix:<⊞> at /home/coke/sandbox/rakudo-star-daily/star-jvm/rakudo-star-daily/install/share/perl6/lib/Digest/MD5.pm:7
Use of Nil in numeric context  in sub infix:<⊞> at /home/coke/sandbox/rakudo-star-daily/star-jvm/rakudo-star-daily/install/share/perl6/lib/Digest/MD5.pm:7
Use of Nil in numeric context  in sub infix:<⊞> at /home/coke/sandbox/rakudo-star-daily/star-jvm/rakudo-star-daily/install/share/perl6/lib/Digest/MD5.pm:7
Use of Nil in numeric context  in sub infix:<⊞> at /home/coke/sandbox/rakudo-star-daily/star-jvm/rakudo-star-daily/install/share/perl6/lib/Digest/MD5.pm:7
Use of Nil in numeric context  in sub infix:<⊞> at /home/coke/sandbox/rakudo-star-daily/star-jvm/rakudo-star-daily/install/share/perl6/lib/Digest/MD5.pm:7
Use of Nil in numeric context  in sub infix:<⊞> at /home/coke/sandbox/rakudo-star-daily/star-jvm/rakudo-star-daily/install/share/perl6/lib/Digest/MD5.pm:7
Use of Nil in numeric context  in sub infix:<⊞> at /home/coke/sandbox/rakudo-star-daily/star-jvm/rakudo-star-daily/install/share/perl6/lib/Digest/MD5.pm:7
Use of Nil in numeric context  in sub infix:<⊞> at /home/coke/sandbox/rakudo-star-daily/star-jvm/rakudo-star-daily/install/share/perl6/lib/Digest/MD5.pm:7
Use of Nil in numeric context  in sub infix:<⊞> at /home/coke/sandbox/rakudo-star-daily/star-jvm/rakudo-star-daily/install/share/perl6/lib/Digest/MD5.pm:7
Use of Nil in numeric context  in sub infix:<⊞> at /home/coke/sandbox/rakudo-star-daily/star-jvm/rakudo-star-daily/install/share/perl6/lib/Digest/MD5.pm:7
Use of Nil in numeric context  in sub infix:<⊞> at /home/coke/sandbox/rakudo-star-daily/star-jvm/rakudo-star-daily/install/share/perl6/lib/Digest/MD5.pm:7
Use of Nil in numeric context  in sub infix:<⊞> at /home/coke/sandbox/rakudo-star-daily/star-jvm/rakudo-star-daily/install/share/perl6/lib/Digest/MD5.pm:7
Use of Nil in numeric context  in sub infix:<⊞> at /home/coke/sandbox/rakudo-star-daily/star-jvm/rakudo-star-daily/install/share/perl6/lib/Digest/MD5.pm:7
Use of Nil in numeric context  in sub infix:<⊞> at /home/coke/sandbox/rakudo-star-daily/star-jvm/rakudo-star-daily/install/share/perl6/lib/Digest/MD5.pm:7
Use of Nil in numeric context  in sub infix:<⊞> at /home/coke/sandbox/rakudo-star-daily/star-jvm/rakudo-star-daily/install/share/perl6/lib/Digest/MD5.pm:7
Use of Nil in numeric context  in sub infix:<⊞> at /home/coke/sandbox/rakudo-star-daily/star-jvm/rakudo-star-daily/install/share/perl6/lib/Digest/MD5.pm:7
Use of Nil in numeric context  in sub infix:<⊞> at /home/coke/sandbox/rakudo-star-daily/star-jvm/rakudo-star-daily/install/share/perl6/lib/Digest/MD5.pm:7
Use of Nil in numeric context  in sub infix:<⊞> at /home/coke/sandbox/rakudo-star-daily/star-jvm/rakudo-star-daily/install/share/perl6/lib/Digest/MD5.pm:7
Use of Nil in numeric context  in sub infix:<⊞> at /home/coke/sandbox/rakudo-star-daily/star-jvm/rakudo-star-daily/install/share/perl6/lib/Digest/MD5.pm:7
Use of Nil in numeric context  in sub infix:<⊞> at /home/coke/sandbox/rakudo-star-daily/star-jvm/rakudo-star-daily/install/share/perl6/lib/Digest/MD5.pm:7
Use of Nil in numeric context  in sub infix:<⊞> at /home/coke/sandbox/rakudo-star-daily/star-jvm/rakudo-star-daily/install/share/perl6/lib/Digest/MD5.pm:7
Use of Nil in numeric context  in sub infix:<⊞> at /home/coke/sandbox/rakudo-star-daily/star-jvm/rakudo-star-daily/install/share/perl6/lib/Digest/MD5.pm:7
Use of Nil in numeric context  in sub infix:<⊞> at /home/coke/sandbox/rakudo-star-daily/star-jvm/rakudo-star-daily/install/share/perl6/lib/Digest/MD5.pm:7
Use of Nil in numeric context  in sub infix:<⊞> at /home/coke/sandbox/rakudo-star-daily/star-jvm/rakudo-star-daily/install/share/perl6/lib/Digest/MD5.pm:7
Use of Nil in numeric context  in sub infix:<⊞> at /home/coke/sandbox/rakudo-star-daily/star-jvm/rakudo-star-daily/install/share/perl6/lib/Digest/MD5.pm:7
Use of Nil in numeric context  in sub infix:<⊞> at /home/coke/sandbox/rakudo-star-daily/star-jvm/rakudo-star-daily/install/share/perl6/lib/Digest/MD5.pm:7
Use of Nil in numeric context  in sub infix:<⊞> at /home/coke/sandbox/rakudo-star-daily/star-jvm/rakudo-star-daily/install/share/perl6/lib/Digest/MD5.pm:7
Use of Nil in numeric context  in sub infix:<⊞> at /home/coke/sandbox/rakudo-star-daily/star-jvm/rakudo-star-daily/install/share/perl6/lib/Digest/MD5.pm:7
Use of Nil in numeric context  in sub infix:<⊞> at /home/coke/sandbox/rakudo-star-daily/star-jvm/rakudo-star-daily/install/share/perl6/lib/Digest/MD5.pm:7
Use of Nil in numeric context  in sub infix:<⊞> at /home/coke/sandbox/rakudo-star-daily/star-jvm/rakudo-star-daily/install/share/perl6/lib/Digest/MD5.pm:7
Use of Nil in numeric context  in sub infix:<⊞> at /home/coke/sandbox/rakudo-star-daily/star-jvm/rakudo-star-daily/install/share/perl6/lib/Digest/MD5.pm:7

# Failed test 'MD5 hex of 'a b' must be '187ef4436122d1cc2f40dc2b92f0eba0' (static method)'
# at t/perl5-compat.t line 20
# expected: '187ef4436122d1cc2f40dc2b92f0eba0'
#      got: '2ea7f09f3963b80696001f80c94a8f46'
Use of Nil in numeric context  in sub infix:<⊞> at /home/coke/sandbox/rakudo-star-daily/star-jvm/rakudo-star-daily/install/share/perl6/lib/Digest/MD5.pm:7
Use of Nil in numeric context  in sub infix:<⊞> at /home/coke/sandbox/rakudo-star-daily/star-jvm/rakudo-star-daily/install/share/perl6/lib/Digest/MD5.pm:7
Use of Nil in numeric context  in sub infix:<⊞> at /home/coke/sandbox/rakudo-star-daily/star-jvm/rakudo-star-daily/install/share/perl6/lib/Digest/MD5.pm:7
Use of Nil in numeric context  in sub infix:<⊞> at /home/coke/sandbox/rakudo-star-daily/star-jvm/rakudo-star-daily/install/share/perl6/lib/Digest/MD5.pm:7
Use of Nil in numeric context  in sub infix:<⊞> at /home/coke/sandbox/rakudo-star-daily/star-jvm/rakudo-star-daily/install/share/perl6/lib/Digest/MD5.pm:7
Use of Nil in numeric context  in sub infix:<⊞> at /home/coke/sandbox/rakudo-star-daily/star-jvm/rakudo-star-daily/install/share/perl6/lib/Digest/MD5.pm:7
Use of Nil in numeric context  in sub infix:<⊞> at /home/coke/sandbox/rakudo-star-daily/star-jvm/rakudo-star-daily/install/share/perl6/lib/Digest/MD5.pm:7
Use of Nil in numeric context  in sub infix:<⊞> at /home/coke/sandbox/rakudo-star-daily/star-jvm/rakudo-star-daily/install/share/perl6/lib/Digest/MD5.pm:7
Use of Nil in numeric context  in sub infix:<⊞> at /home/coke/sandbox/rakudo-star-daily/star-jvm/rakudo-star-daily/install/share/perl6/lib/Digest/MD5.pm:7
Use of Nil in numeric context  in sub infix:<⊞> at /home/coke/sandbox/rakudo-star-daily/star-jvm/rakudo-star-daily/install/share/perl6/lib/Digest/MD5.pm:7
Use of Nil in numeric context  in sub infix:<⊞> at /home/coke/sandbox/rakudo-star-daily/star-jvm/rakudo-star-daily/install/share/perl6/lib/Digest/MD5.pm:7
Use of Nil in numeric context  in sub infix:<⊞> at /home/coke/sandbox/rakudo-star-daily/star-jvm/rakudo-star-daily/install/share/perl6/lib/Digest/MD5.pm:7
Use of Nil in numeric context  in sub infix:<⊞> at /home/coke/sandbox/rakudo-star-daily/star-jvm/rakudo-star-daily/install/share/perl6/lib/Digest/MD5.pm:7
Use of Nil in numeric context  in sub infix:<⊞> at /home/coke/sandbox/rakudo-star-daily/star-jvm/rakudo-star-daily/install/share/perl6/lib/Digest/MD5.pm:7
Use of Nil in numeric context  in sub infix:<⊞> at /home/coke/sandbox/rakudo-star-daily/star-jvm/rakudo-star-daily/install/share/perl6/lib/Digest/MD5.pm:7
Use of Nil in numeric context  in sub infix:<⊞> at /home/coke/sandbox/rakudo-star-daily/star-jvm/rakudo-star-daily/install/share/perl6/lib/Digest/MD5.pm:7
Use of Nil in numeric context  in sub infix:<⊞> at /home/coke/sandbox/rakudo-star-daily/star-jvm/rakudo-star-daily/install/share/perl6/lib/Digest/MD5.pm:7
Use of Nil in numeric context  in sub infix:<⊞> at /home/coke/sandbox/rakudo-star-daily/star-jvm/rakudo-star-daily/install/share/perl6/lib/Digest/MD5.pm:7
Use of Nil in numeric context  in sub infix:<⊞> at /home/coke/sandbox/rakudo-star-daily/star-jvm/rakudo-star-daily/install/share/perl6/lib/Digest/MD5.pm:7
Use of Nil in numeric context  in sub infix:<⊞> at /home/coke/sandbox/rakudo-star-daily/star-jvm/rakudo-star-daily/install/share/perl6/lib/Digest/MD5.pm:7
Use of Nil in numeric context  in sub infix:<⊞> at /home/coke/sandbox/rakudo-star-daily/star-jvm/rakudo-star-daily/install/share/perl6/lib/Digest/MD5.pm:7
Use of Nil in numeric context  in sub infix:<⊞> at /home/coke/sandbox/rakudo-star-daily/star-jvm/rakudo-star-daily/install/share/perl6/lib/Digest/MD5.pm:7
Use of Nil in numeric context  in sub infix:<⊞> at /home/coke/sandbox/rakudo-star-daily/star-jvm/rakudo-star-daily/install/share/perl6/lib/Digest/MD5.pm:7
Use of Nil in numeric context  in sub infix:<⊞> at /home/coke/sandbox/rakudo-star-daily/star-jvm/rakudo-star-daily/install/share/perl6/lib/Digest/MD5.pm:7
Use of Nil in numeric context  in sub infix:<⊞> at /home/coke/sandbox/rakudo-star-daily/star-jvm/rakudo-star-daily/install/share/perl6/lib/Digest/MD5.pm:7
Use of Nil in numeric context  in sub infix:<⊞> at /home/coke/sandbox/rakudo-star-daily/star-jvm/rakudo-star-daily/install/share/perl6/lib/Digest/MD5.pm:7
Use of Nil in numeric context  in sub infix:<⊞> at /home/coke/sandbox/rakudo-star-daily/star-jvm/rakudo-star-daily/install/share/perl6/lib/Digest/MD5.pm:7
Use of Nil in numeric context  in sub infix:<⊞> at /home/coke/sandbox/rakudo-star-daily/star-jvm/rakudo-star-daily/install/share/perl6/lib/Digest/MD5.pm:7
Use of Nil in numeric context  in sub infix:<⊞> at /home/coke/sandbox/rakudo-star-daily/star-jvm/rakudo-star-daily/install/share/perl6/lib/Digest/MD5.pm:7
Use of Nil in numeric context  in sub infix:<⊞> at /home/coke/sandbox/rakudo-star-daily/star-jvm/rakudo-star-daily/install/share/perl6/lib/Digest/MD5.pm:7
Use of Nil in numeric context  in sub infix:<⊞> at /home/coke/sandbox/rakudo-star-daily/star-jvm/rakudo-star-daily/install/share/perl6/lib/Digest/MD5.pm:7
Use of Nil in numeric context  in sub infix:<⊞> at /home/coke/sandbox/rakudo-star-daily/star-jvm/rakudo-star-daily/install/share/perl6/lib/Digest/MD5.pm:7
Use of Nil in numeric context  in sub infix:<⊞> at /home/coke/sandbox/rakudo-star-daily/star-jvm/rakudo-star-daily/install/share/perl6/lib/Digest/MD5.pm:7
Use of Nil in numeric context  in sub infix:<⊞> at /home/coke/sandbox/rakudo-star-daily/star-jvm/rakudo-star-daily/install/share/perl6/lib/Digest/MD5.pm:7
Use of Nil in numeric context  in sub infix:<⊞> at /home/coke/sandbox/rakudo-star-daily/star-jvm/rakudo-star-daily/install/share/perl6/lib/Digest/MD5.pm:7
Use of Nil in numeric context  in sub infix:<⊞> at /home/coke/sandbox/rakudo-star-daily/star-jvm/rakudo-star-daily/install/share/perl6/lib/Digest/MD5.pm:7
Use of Nil in numeric context  in sub infix:<⊞> at /home/coke/sandbox/rakudo-star-daily/star-jvm/rakudo-star-daily/install/share/perl6/lib/Digest/MD5.pm:7
Use of Nil in numeric context  in sub infix:<⊞> at /home/coke/sandbox/rakudo-star-daily/star-jvm/rakudo-star-daily/install/share/perl6/lib/Digest/MD5.pm:7
Use of Nil in numeric context  in sub infix:<⊞> at /home/coke/sandbox/rakudo-star-daily/star-jvm/rakudo-star-daily/install/share/perl6/lib/Digest/MD5.pm:7
Use of Nil in numeric context  in sub infix:<⊞> at /home/coke/sandbox/rakudo-star-daily/star-jvm/rakudo-star-daily/install/share/perl6/lib/Digest/MD5.pm:7
Use of Nil in numeric context  in sub infix:<⊞> at /home/coke/sandbox/rakudo-star-daily/star-jvm/rakudo-star-daily/install/share/perl6/lib/Digest/MD5.pm:7
Use of Nil in numeric context  in sub infix:<⊞> at /home/coke/sandbox/rakudo-star-daily/star-jvm/rakudo-star-daily/install/share/perl6/lib/Digest/MD5.pm:7
Use of Nil in numeric context  in sub infix:<⊞> at /home/coke/sandbox/rakudo-star-daily/star-jvm/rakudo-star-daily/install/share/perl6/lib/Digest/MD5.pm:7
Use of Nil in numeric context  in sub infix:<⊞> at /home/coke/sandbox/rakudo-star-daily/star-jvm/rakudo-star-daily/install/share/perl6/lib/Digest/MD5.pm:7
Use of Nil in numeric context  in sub infix:<⊞> at /home/coke/sandbox/rakudo-star-daily/star-jvm/rakudo-star-daily/install/share/perl6/lib/Digest/MD5.pm:7
Use of Nil in numeric context  in sub infix:<⊞> at /home/coke/sandbox/rakudo-star-daily/star-jvm/rakudo-star-daily/install/share/perl6/lib/Digest/MD5.pm:7
Use of Nil in numeric context  in sub infix:<⊞> at /home/coke/sandbox/rakudo-star-daily/star-jvm/rakudo-star-daily/install/share/perl6/lib/Digest/MD5.pm:7
Use of Nil in numeric context  in sub infix:<⊞> at /home/coke/sandbox/rakudo-star-daily/star-jvm/rakudo-star-daily/install/share/perl6/lib/Digest/MD5.pm:7
Use of Nil in numeric context  in sub infix:<⊞> at /home/coke/sandbox/rakudo-star-daily/star-jvm/rakudo-star-daily/install/share/perl6/lib/Digest/MD5.pm:7
Use of Nil in numeric context  in sub infix:<⊞> at /home/coke/sandbox/rakudo-star-daily/star-jvm/rakudo-star-daily/install/share/perl6/lib/Digest/MD5.pm:7
Use of Nil in numeric context  in sub infix:<⊞> at /home/coke/sandbox/rakudo-star-daily/star-jvm/rakudo-star-daily/install/share/perl6/lib/Digest/MD5.pm:7
Use of Nil in numeric context  in sub infix:<⊞> at /home/coke/sandbox/rakudo-star-daily/star-jvm/rakudo-star-daily/install/share/perl6/lib/Digest/MD5.pm:7
Use of Nil in numeric context  in sub infix:<⊞> at /home/coke/sandbox/rakudo-star-daily/star-jvm/rakudo-star-daily/install/share/perl6/lib/Digest/MD5.pm:7
Use of Nil in numeric context  in sub infix:<⊞> at /home/coke/sandbox/rakudo-star-daily/star-jvm/rakudo-star-daily/install/share/perl6/lib/Digest/MD5.pm:7
Use of Nil in numeric context  in sub infix:<⊞> at /home/coke/sandbox/rakudo-star-daily/star-jvm/rakudo-star-daily/install/share/perl6/lib/Digest/MD5.pm:7
Use of Nil in numeric context  in sub infix:<⊞> at /home/coke/sandbox/rakudo-star-daily/star-jvm/rakudo-star-daily/install/share/perl6/lib/Digest/MD5.pm:7
Use of Nil in numeric context  in sub infix:<⊞> at /home/coke/sandbox/rakudo-star-daily/star-jvm/rakudo-star-daily/install/share/perl6/lib/Digest/MD5.pm:7
Use of Nil in numeric context  in sub infix:<⊞> at /home/coke/sandbox/rakudo-star-daily/star-jvm/rakudo-star-daily/install/share/perl6/lib/Digest/MD5.pm:7
Use of Nil in numeric context  in sub infix:<⊞> at /home/coke/sandbox/rakudo-star-daily/star-jvm/rakudo-star-daily/install/share/perl6/lib/Digest/MD5.pm:7
Use of Nil in numeric context  in sub infix:<⊞> at /home/coke/sandbox/rakudo-star-daily/star-jvm/rakudo-star-daily/install/share/perl6/lib/Digest/MD5.pm:7
Use of Nil in numeric context  in sub infix:<⊞> at /home/coke/sandbox/rakudo-star-daily/star-jvm/rakudo-star-daily/install/share/perl6/lib/Digest/MD5.pm:7
Use of Nil in numeric context  in sub infix:<⊞> at /home/coke/sandbox/rakudo-star-daily/star-jvm/rakudo-star-daily/install/share/perl6/lib/Digest/MD5.pm:7
Use of Nil in numeric context  in sub infix:<⊞> at /home/coke/sandbox/rakudo-star-daily/star-jvm/rakudo-star-daily/install/share/perl6/lib/Digest/MD5.pm:7
Use of Nil in numeric context  in sub infix:<⊞> at /home/coke/sandbox/rakudo-star-daily/star-jvm/rakudo-star-daily/install/share/perl6/lib/Digest/MD5.pm:7

# Failed test 'MD5 hex of 'a b' must be '187ef4436122d1cc2f40dc2b92f0eba0' (instance method)'
# at t/perl5-compat.t line 25
# expected: '187ef4436122d1cc2f40dc2b92f0eba0'
#      got: '2ea7f09f3963b80696001f80c94a8f46'
Use of Nil in numeric context  in sub infix:<⊞> at /home/coke/sandbox/rakudo-star-daily/star-jvm/rakudo-star-daily/install/share/perl6/lib/Digest/MD5.pm:7
Use of Nil in numeric context  in sub infix:<⊞> at /home/coke/sandbox/rakudo-star-daily/star-jvm/rakudo-star-daily/install/share/perl6/lib/Digest/MD5.pm:7
Use of Nil in numeric context  in sub infix:<⊞> at /home/coke/sandbox/rakudo-star-daily/star-jvm/rakudo-star-daily/install/share/perl6/lib/Digest/MD5.pm:7
Use of Nil in numeric context  in sub infix:<⊞> at /home/coke/sandbox/rakudo-star-daily/star-jvm/rakudo-star-daily/install/share/perl6/lib/Digest/MD5.pm:7
Use of Nil in numeric context  in sub infix:<⊞> at /home/coke/sandbox/rakudo-star-daily/star-jvm/rakudo-star-daily/install/share/perl6/lib/Digest/MD5.pm:7
Use of Nil in numeric context  in sub infix:<⊞> at /home/coke/sandbox/rakudo-star-daily/star-jvm/rakudo-star-daily/install/share/perl6/lib/Digest/MD5.pm:7
Use of Nil in numeric context  in sub infix:<⊞> at /home/coke/sandbox/rakudo-star-daily/star-jvm/rakudo-star-daily/install/share/perl6/lib/Digest/MD5.pm:7
Use of Nil in numeric context  in sub infix:<⊞> at /home/coke/sandbox/rakudo-star-daily/star-jvm/rakudo-star-daily/install/share/perl6/lib/Digest/MD5.pm:7
Use of Nil in numeric context  in sub infix:<⊞> at /home/coke/sandbox/rakudo-star-daily/star-jvm/rakudo-star-daily/install/share/perl6/lib/Digest/MD5.pm:7
Use of Nil in numeric context  in sub infix:<⊞> at /home/coke/sandbox/rakudo-star-daily/star-jvm/rakudo-star-daily/install/share/perl6/lib/Digest/MD5.pm:7
Use of Nil in numeric context  in sub infix:<⊞> at /home/coke/sandbox/rakudo-star-daily/star-jvm/rakudo-star-daily/install/share/perl6/lib/Digest/MD5.pm:7
Use of Nil in numeric context  in sub infix:<⊞> at /home/coke/sandbox/rakudo-star-daily/star-jvm/rakudo-star-daily/install/share/perl6/lib/Digest/MD5.pm:7
Use of Nil in numeric context  in sub infix:<⊞> at /home/coke/sandbox/rakudo-star-daily/star-jvm/rakudo-star-daily/install/share/perl6/lib/Digest/MD5.pm:7
Use of Nil in numeric context  in sub infix:<⊞> at /home/coke/sandbox/rakudo-star-daily/star-jvm/rakudo-star-daily/install/share/perl6/lib/Digest/MD5.pm:7
Use of Nil in numeric context  in sub infix:<⊞> at /home/coke/sandbox/rakudo-star-daily/star-jvm/rakudo-star-daily/install/share/perl6/lib/Digest/MD5.pm:7
Use of Nil in numeric context  in sub infix:<⊞> at /home/coke/sandbox/rakudo-star-daily/star-jvm/rakudo-star-daily/install/share/perl6/lib/Digest/MD5.pm:7
Use of Nil in numeric context  in sub infix:<⊞> at /home/coke/sandbox/rakudo-star-daily/star-jvm/rakudo-star-daily/install/share/perl6/lib/Digest/MD5.pm:7
Use of Nil in numeric context  in sub infix:<⊞> at /home/coke/sandbox/rakudo-star-daily/star-jvm/rakudo-star-daily/install/share/perl6/lib/Digest/MD5.pm:7
Use of Nil in numeric context  in sub infix:<⊞> at /home/coke/sandbox/rakudo-star-daily/star-jvm/rakudo-star-daily/install/share/perl6/lib/Digest/MD5.pm:7
Use of Nil in numeric context  in sub infix:<⊞> at /home/coke/sandbox/rakudo-star-daily/star-jvm/rakudo-star-daily/install/share/perl6/lib/Digest/MD5.pm:7
Use of Nil in numeric context  in sub infix:<⊞> at /home/coke/sandbox/rakudo-star-daily/star-jvm/rakudo-star-daily/install/share/perl6/lib/Digest/MD5.pm:7
Use of Nil in numeric context  in sub infix:<⊞> at /home/coke/sandbox/rakudo-star-daily/star-jvm/rakudo-star-daily/install/share/perl6/lib/Digest/MD5.pm:7
Use of Nil in numeric context  in sub infix:<⊞> at /home/coke/sandbox/rakudo-star-daily/star-jvm/rakudo-star-daily/install/share/perl6/lib/Digest/MD5.pm:7
Use of Nil in numeric context  in sub infix:<⊞> at /home/coke/sandbox/rakudo-star-daily/star-jvm/rakudo-star-daily/install/share/perl6/lib/Digest/MD5.pm:7
Use of Nil in numeric context  in sub infix:<⊞> at /home/coke/sandbox/rakudo-star-daily/star-jvm/rakudo-star-daily/install/share/perl6/lib/Digest/MD5.pm:7
Use of Nil in numeric context  in sub infix:<⊞> at /home/coke/sandbox/rakudo-star-daily/star-jvm/rakudo-star-daily/install/share/perl6/lib/Digest/MD5.pm:7
Use of Nil in numeric context  in sub infix:<⊞> at /home/coke/sandbox/rakudo-star-daily/star-jvm/rakudo-star-daily/install/share/perl6/lib/Digest/MD5.pm:7
Use of Nil in numeric context  in sub infix:<⊞> at /home/coke/sandbox/rakudo-star-daily/star-jvm/rakudo-star-daily/install/share/perl6/lib/Digest/MD5.pm:7
Use of Nil in numeric context  in sub infix:<⊞> at /home/coke/sandbox/rakudo-star-daily/star-jvm/rakudo-star-daily/install/share/perl6/lib/Digest/MD5.pm:7
Use of Nil in numeric context  in sub infix:<⊞> at /home/coke/sandbox/rakudo-star-daily/star-jvm/rakudo-star-daily/install/share/perl6/lib/Digest/MD5.pm:7
Use of Nil in numeric context  in sub infix:<⊞> at /home/coke/sandbox/rakudo-star-daily/star-jvm/rakudo-star-daily/install/share/perl6/lib/Digest/MD5.pm:7
Use of Nil in numeric context  in sub infix:<⊞> at /home/coke/sandbox/rakudo-star-daily/star-jvm/rakudo-star-daily/install/share/perl6/lib/Digest/MD5.pm:7
Use of Nil in numeric context  in sub infix:<⊞> at /home/coke/sandbox/rakudo-star-daily/star-jvm/rakudo-star-daily/install/share/perl6/lib/Digest/MD5.pm:7
Use of Nil in numeric context  in sub infix:<⊞> at /home/coke/sandbox/rakudo-star-daily/star-jvm/rakudo-star-daily/install/share/perl6/lib/Digest/MD5.pm:7
Use of Nil in numeric context  in sub infix:<⊞> at /home/coke/sandbox/rakudo-star-daily/star-jvm/rakudo-star-daily/install/share/perl6/lib/Digest/MD5.pm:7
Use of Nil in numeric context  in sub infix:<⊞> at /home/coke/sandbox/rakudo-star-daily/star-jvm/rakudo-star-daily/install/share/perl6/lib/Digest/MD5.pm:7
Use of Nil in numeric context  in sub infix:<⊞> at /home/coke/sandbox/rakudo-star-daily/star-jvm/rakudo-star-daily/install/share/perl6/lib/Digest/MD5.pm:7
Use of Nil in numeric context  in sub infix:<⊞> at /home/coke/sandbox/rakudo-star-daily/star-jvm/rakudo-star-daily/install/share/perl6/lib/Digest/MD5.pm:7
Use of Nil in numeric context  in sub infix:<⊞> at /home/coke/sandbox/rakudo-star-daily/star-jvm/rakudo-star-daily/install/share/perl6/lib/Digest/MD5.pm:7
Use of Nil in numeric context  in sub infix:<⊞> at /home/coke/sandbox/rakudo-star-daily/star-jvm/rakudo-star-daily/install/share/perl6/lib/Digest/MD5.pm:7
Use of Nil in numeric context  in sub infix:<⊞> at /home/coke/sandbox/rakudo-star-daily/star-jvm/rakudo-star-daily/install/share/perl6/lib/Digest/MD5.pm:7
Use of Nil in numeric context  in sub infix:<⊞> at /home/coke/sandbox/rakudo-star-daily/star-jvm/rakudo-star-daily/install/share/perl6/lib/Digest/MD5.pm:7
Use of Nil in numeric context  in sub infix:<⊞> at /home/coke/sandbox/rakudo-star-daily/star-jvm/rakudo-star-daily/install/share/perl6/lib/Digest/MD5.pm:7
Use of Nil in numeric context  in sub infix:<⊞> at /home/coke/sandbox/rakudo-star-daily/star-jvm/rakudo-star-daily/install/share/perl6/lib/Digest/MD5.pm:7
Use of Nil in numeric context  in sub infix:<⊞> at /home/coke/sandbox/rakudo-star-daily/star-jvm/rakudo-star-daily/install/share/perl6/lib/Digest/MD5.pm:7
Use of Nil in numeric context  in sub infix:<⊞> at /home/coke/sandbox/rakudo-star-daily/star-jvm/rakudo-star-daily/install/share/perl6/lib/Digest/MD5.pm:7
Use of Nil in numeric context  in sub infix:<⊞> at /home/coke/sandbox/rakudo-star-daily/star-jvm/rakudo-star-daily/install/share/perl6/lib/Digest/MD5.pm:7
Use of Nil in numeric context  in sub infix:<⊞> at /home/coke/sandbox/rakudo-star-daily/star-jvm/rakudo-star-daily/install/share/perl6/lib/Digest/MD5.pm:7
Use of Nil in numeric context  in sub infix:<⊞> at /home/coke/sandbox/rakudo-star-daily/star-jvm/rakudo-star-daily/install/share/perl6/lib/Digest/MD5.pm:7
Use of Nil in numeric context  in sub infix:<⊞> at /home/coke/sandbox/rakudo-star-daily/star-jvm/rakudo-star-daily/install/share/perl6/lib/Digest/MD5.pm:7
Use of Nil in numeric context  in sub infix:<⊞> at /home/coke/sandbox/rakudo-star-daily/star-jvm/rakudo-star-daily/install/share/perl6/lib/Digest/MD5.pm:7
Use of Nil in numeric context  in sub infix:<⊞> at /home/coke/sandbox/rakudo-star-daily/star-jvm/rakudo-star-daily/install/share/perl6/lib/Digest/MD5.pm:7
Use of Nil in numeric context  in sub infix:<⊞> at /home/coke/sandbox/rakudo-star-daily/star-jvm/rakudo-star-daily/install/share/perl6/lib/Digest/MD5.pm:7
Use of Nil in numeric context  in sub infix:<⊞> at /home/coke/sandbox/rakudo-star-daily/star-jvm/rakudo-star-daily/install/share/perl6/lib/Digest/MD5.pm:7
Use of Nil in numeric context  in sub infix:<⊞> at /home/coke/sandbox/rakudo-star-daily/star-jvm/rakudo-star-daily/install/share/perl6/lib/Digest/MD5.pm:7
Use of Nil in numeric context  in sub infix:<⊞> at /home/coke/sandbox/rakudo-star-daily/star-jvm/rakudo-star-daily/install/share/perl6/lib/Digest/MD5.pm:7
Use of Nil in numeric context  in sub infix:<⊞> at /home/coke/sandbox/rakudo-star-daily/star-jvm/rakudo-star-daily/install/share/perl6/lib/Digest/MD5.pm:7
Use of Nil in numeric context  in sub infix:<⊞> at /home/coke/sandbox/rakudo-star-daily/star-jvm/rakudo-star-daily/install/share/perl6/lib/Digest/MD5.pm:7
Use of Nil in numeric context  in sub infix:<⊞> at /home/coke/sandbox/rakudo-star-daily/star-jvm/rakudo-star-daily/install/share/perl6/lib/Digest/MD5.pm:7
Use of Nil in numeric context  in sub infix:<⊞> at /home/coke/sandbox/rakudo-star-daily/star-jvm/rakudo-star-daily/install/share/perl6/lib/Digest/MD5.pm:7
Use of Nil in numeric context  in sub infix:<⊞> at /home/coke/sandbox/rakudo-star-daily/star-jvm/rakudo-star-daily/install/share/perl6/lib/Digest/MD5.pm:7
Use of Nil in numeric context  in sub infix:<⊞> at /home/coke/sandbox/rakudo-star-daily/star-jvm/rakudo-star-daily/install/share/perl6/lib/Digest/MD5.pm:7
Use of Nil in numeric context  in sub infix:<⊞> at /home/coke/sandbox/rakudo-star-daily/star-jvm/rakudo-star-daily/install/share/perl6/lib/Digest/MD5.pm:7
Use of Nil in numeric context  in sub infix:<⊞> at /home/coke/sandbox/rakudo-star-daily/star-jvm/rakudo-star-daily/install/share/perl6/lib/Digest/MD5.pm:7

# Failed test 'MD5 binary of 'a b' (static method)'
# at t/perl5-compat.t line 37
# expected: $(24, 126, 244, 67, 97, 34, 209, 204, 47, 64, 220, 43, 146, 240, 235, 160)
#      got: $(46, 167, 240, 159, 57, 99, 184, 6, 150, 0, 31, 128, 201, 74, 143, 70)
Use of Nil in numeric context  in sub infix:<⊞> at /home/coke/sandbox/rakudo-star-daily/star-jvm/rakudo-star-daily/install/share/perl6/lib/Digest/MD5.pm:7
Use of Nil in numeric context  in sub infix:<⊞> at /home/coke/sandbox/rakudo-star-daily/star-jvm/rakudo-star-daily/install/share/perl6/lib/Digest/MD5.pm:7
Use of Nil in numeric context  in sub infix:<⊞> at /home/coke/sandbox/rakudo-star-daily/star-jvm/rakudo-star-daily/install/share/perl6/lib/Digest/MD5.pm:7
Use of Nil in numeric context  in sub infix:<⊞> at /home/coke/sandbox/rakudo-star-daily/star-jvm/rakudo-star-daily/install/share/perl6/lib/Digest/MD5.pm:7
Use of Nil in numeric context  in sub infix:<⊞> at /home/coke/sandbox/rakudo-star-daily/star-jvm/rakudo-star-daily/install/share/perl6/lib/Digest/MD5.pm:7
Use of Nil in numeric context  in sub infix:<⊞> at /home/coke/sandbox/rakudo-star-daily/star-jvm/rakudo-star-daily/install/share/perl6/lib/Digest/MD5.pm:7
Use of Nil in numeric context  in sub infix:<⊞> at /home/coke/sandbox/rakudo-star-daily/star-jvm/rakudo-star-daily/install/share/perl6/lib/Digest/MD5.pm:7
Use of Nil in numeric context  in sub infix:<⊞> at /home/coke/sandbox/rakudo-star-daily/star-jvm/rakudo-star-daily/install/share/perl6/lib/Digest/MD5.pm:7
Use of Nil in numeric context  in sub infix:<⊞> at /home/coke/sandbox/rakudo-star-daily/star-jvm/rakudo-star-daily/install/share/perl6/lib/Digest/MD5.pm:7
Use of Nil in numeric context  in sub infix:<⊞> at /home/coke/sandbox/rakudo-star-daily/star-jvm/rakudo-star-daily/install/share/perl6/lib/Digest/MD5.pm:7
Use of Nil in numeric context  in sub infix:<⊞> at /home/coke/sandbox/rakudo-star-daily/star-jvm/rakudo-star-daily/install/share/perl6/lib/Digest/MD5.pm:7
Use of Nil in numeric context  in sub infix:<⊞> at /home/coke/sandbox/rakudo-star-daily/star-jvm/rakudo-star-daily/install/share/perl6/lib/Digest/MD5.pm:7
Use of Nil in numeric context  in sub infix:<⊞> at /home/coke/sandbox/rakudo-star-daily/star-jvm/rakudo-star-daily/install/share/perl6/lib/Digest/MD5.pm:7
Use of Nil in numeric context  in sub infix:<⊞> at /home/coke/sandbox/rakudo-star-daily/star-jvm/rakudo-star-daily/install/share/perl6/lib/Digest/MD5.pm:7
Use of Nil in numeric context  in sub infix:<⊞> at /home/coke/sandbox/rakudo-star-daily/star-jvm/rakudo-star-daily/install/share/perl6/lib/Digest/MD5.pm:7
Use of Nil in numeric context  in sub infix:<⊞> at /home/coke/sandbox/rakudo-star-daily/star-jvm/rakudo-star-daily/install/share/perl6/lib/Digest/MD5.pm:7
Use of Nil in numeric context  in sub infix:<⊞> at /home/coke/sandbox/rakudo-star-daily/star-jvm/rakudo-star-daily/install/share/perl6/lib/Digest/MD5.pm:7
Use of Nil in numeric context  in sub infix:<⊞> at /home/coke/sandbox/rakudo-star-daily/star-jvm/rakudo-star-daily/install/share/perl6/lib/Digest/MD5.pm:7
Use of Nil in numeric context  in sub infix:<⊞> at /home/coke/sandbox/rakudo-star-daily/star-jvm/rakudo-star-daily/install/share/perl6/lib/Digest/MD5.pm:7
Use of Nil in numeric context  in sub infix:<⊞> at /home/coke/sandbox/rakudo-star-daily/star-jvm/rakudo-star-daily/install/share/perl6/lib/Digest/MD5.pm:7
Use of Nil in numeric context  in sub infix:<⊞> at /home/coke/sandbox/rakudo-star-daily/star-jvm/rakudo-star-daily/install/share/perl6/lib/Digest/MD5.pm:7
Use of Nil in numeric context  in sub infix:<⊞> at /home/coke/sandbox/rakudo-star-daily/star-jvm/rakudo-star-daily/install/share/perl6/lib/Digest/MD5.pm:7
Use of Nil in numeric context  in sub infix:<⊞> at /home/coke/sandbox/rakudo-star-daily/star-jvm/rakudo-star-daily/install/share/perl6/lib/Digest/MD5.pm:7
Use of Nil in numeric context  in sub infix:<⊞> at /home/coke/sandbox/rakudo-star-daily/star-jvm/rakudo-star-daily/install/share/perl6/lib/Digest/MD5.pm:7
Use of Nil in numeric context  in sub infix:<⊞> at /home/coke/sandbox/rakudo-star-daily/star-jvm/rakudo-star-daily/install/share/perl6/lib/Digest/MD5.pm:7
Use of Nil in numeric context  in sub infix:<⊞> at /home/coke/sandbox/rakudo-star-daily/star-jvm/rakudo-star-daily/install/share/perl6/lib/Digest/MD5.pm:7
Use of Nil in numeric context  in sub infix:<⊞> at /home/coke/sandbox/rakudo-star-daily/star-jvm/rakudo-star-daily/install/share/perl6/lib/Digest/MD5.pm:7
Use of Nil in numeric context  in sub infix:<⊞> at /home/coke/sandbox/rakudo-star-daily/star-jvm/rakudo-star-daily/install/share/perl6/lib/Digest/MD5.pm:7
Use of Nil in numeric context  in sub infix:<⊞> at /home/coke/sandbox/rakudo-star-daily/star-jvm/rakudo-star-daily/install/share/perl6/lib/Digest/MD5.pm:7
Use of Nil in numeric context  in sub infix:<⊞> at /home/coke/sandbox/rakudo-star-daily/star-jvm/rakudo-star-daily/install/share/perl6/lib/Digest/MD5.pm:7
Use of Nil in numeric context  in sub infix:<⊞> at /home/coke/sandbox/rakudo-star-daily/star-jvm/rakudo-star-daily/install/share/perl6/lib/Digest/MD5.pm:7
Use of Nil in numeric context  in sub infix:<⊞> at /home/coke/sandbox/rakudo-star-daily/star-jvm/rakudo-star-daily/install/share/perl6/lib/Digest/MD5.pm:7
Use of Nil in numeric context  in sub infix:<⊞> at /home/coke/sandbox/rakudo-star-daily/star-jvm/rakudo-star-daily/install/share/perl6/lib/Digest/MD5.pm:7
Use of Nil in numeric context  in sub infix:<⊞> at /home/coke/sandbox/rakudo-star-daily/star-jvm/rakudo-star-daily/install/share/perl6/lib/Digest/MD5.pm:7
Use of Nil in numeric context  in sub infix:<⊞> at /home/coke/sandbox/rakudo-star-daily/star-jvm/rakudo-star-daily/install/share/perl6/lib/Digest/MD5.pm:7
Use of Nil in numeric context  in sub infix:<⊞> at /home/coke/sandbox/rakudo-star-daily/star-jvm/rakudo-star-daily/install/share/perl6/lib/Digest/MD5.pm:7
Use of Nil in numeric context  in sub infix:<⊞> at /home/coke/sandbox/rakudo-star-daily/star-jvm/rakudo-star-daily/install/share/perl6/lib/Digest/MD5.pm:7
Use of Nil in numeric context  in sub infix:<⊞> at /home/coke/sandbox/rakudo-star-daily/star-jvm/rakudo-star-daily/install/share/perl6/lib/Digest/MD5.pm:7
Use of Nil in numeric context  in sub infix:<⊞> at /home/coke/sandbox/rakudo-star-daily/star-jvm/rakudo-star-daily/install/share/perl6/lib/Digest/MD5.pm:7
Use of Nil in numeric context  in sub infix:<⊞> at /home/coke/sandbox/rakudo-star-daily/star-jvm/rakudo-star-daily/install/share/perl6/lib/Digest/MD5.pm:7
Use of Nil in numeric context  in sub infix:<⊞> at /home/coke/sandbox/rakudo-star-daily/star-jvm/rakudo-star-daily/install/share/perl6/lib/Digest/MD5.pm:7
Use of Nil in numeric context  in sub infix:<⊞> at /home/coke/sandbox/rakudo-star-daily/star-jvm/rakudo-star-daily/install/share/perl6/lib/Digest/MD5.pm:7
Use of Nil in numeric context  in sub infix:<⊞> at /home/coke/sandbox/rakudo-star-daily/star-jvm/rakudo-star-daily/install/share/perl6/lib/Digest/MD5.pm:7
Use of Nil in numeric context  in sub infix:<⊞> at /home/coke/sandbox/rakudo-star-daily/star-jvm/rakudo-star-daily/install/share/perl6/lib/Digest/MD5.pm:7
Use of Nil in numeric context  in sub infix:<⊞> at /home/coke/sandbox/rakudo-star-daily/star-jvm/rakudo-star-daily/install/share/perl6/lib/Digest/MD5.pm:7
Use of Nil in numeric context  in sub infix:<⊞> at /home/coke/sandbox/rakudo-star-daily/star-jvm/rakudo-star-daily/install/share/perl6/lib/Digest/MD5.pm:7
Use of Nil in numeric context  in sub infix:<⊞> at /home/coke/sandbox/rakudo-star-daily/star-jvm/rakudo-star-daily/install/share/perl6/lib/Digest/MD5.pm:7
Use of Nil in numeric context  in sub infix:<⊞> at /home/coke/sandbox/rakudo-star-daily/star-jvm/rakudo-star-daily/install/share/perl6/lib/Digest/MD5.pm:7
Use of Nil in numeric context  in sub infix:<⊞> at /home/coke/sandbox/rakudo-star-daily/star-jvm/rakudo-star-daily/install/share/perl6/lib/Digest/MD5.pm:7
Use of Nil in numeric context  in sub infix:<⊞> at /home/coke/sandbox/rakudo-star-daily/star-jvm/rakudo-star-daily/install/share/perl6/lib/Digest/MD5.pm:7
Use of Nil in numeric context  in sub infix:<⊞> at /home/coke/sandbox/rakudo-star-daily/star-jvm/rakudo-star-daily/install/share/perl6/lib/Digest/MD5.pm:7
Use of Nil in numeric context  in sub infix:<⊞> at /home/coke/sandbox/rakudo-star-daily/star-jvm/rakudo-star-daily/install/share/perl6/lib/Digest/MD5.pm:7
Use of Nil in numeric context  in sub infix:<⊞> at /home/coke/sandbox/rakudo-star-daily/star-jvm/rakudo-star-daily/install/share/perl6/lib/Digest/MD5.pm:7
Use of Nil in numeric context  in sub infix:<⊞> at /home/coke/sandbox/rakudo-star-daily/star-jvm/rakudo-star-daily/install/share/perl6/lib/Digest/MD5.pm:7
Use of Nil in numeric context  in sub infix:<⊞> at /home/coke/sandbox/rakudo-star-daily/star-jvm/rakudo-star-daily/install/share/perl6/lib/Digest/MD5.pm:7
Use of Nil in numeric context  in sub infix:<⊞> at /home/coke/sandbox/rakudo-star-daily/star-jvm/rakudo-star-daily/install/share/perl6/lib/Digest/MD5.pm:7
Use of Nil in numeric context  in sub infix:<⊞> at /home/coke/sandbox/rakudo-star-daily/star-jvm/rakudo-star-daily/install/share/perl6/lib/Digest/MD5.pm:7
Use of Nil in numeric context  in sub infix:<⊞> at /home/coke/sandbox/rakudo-star-daily/star-jvm/rakudo-star-daily/install/share/perl6/lib/Digest/MD5.pm:7
Use of Nil in numeric context  in sub infix:<⊞> at /home/coke/sandbox/rakudo-star-daily/star-jvm/rakudo-star-daily/install/share/perl6/lib/Digest/MD5.pm:7
Use of Nil in numeric context  in sub infix:<⊞> at /home/coke/sandbox/rakudo-star-daily/star-jvm/rakudo-star-daily/install/share/perl6/lib/Digest/MD5.pm:7
Use of Nil in numeric context  in sub infix:<⊞> at /home/coke/sandbox/rakudo-star-daily/star-jvm/rakudo-star-daily/install/share/perl6/lib/Digest/MD5.pm:7
Use of Nil in numeric context  in sub infix:<⊞> at /home/coke/sandbox/rakudo-star-daily/star-jvm/rakudo-star-daily/install/share/perl6/lib/Digest/MD5.pm:7
Use of Nil in numeric context  in sub infix:<⊞> at /home/coke/sandbox/rakudo-star-daily/star-jvm/rakudo-star-daily/install/share/perl6/lib/Digest/MD5.pm:7
Use of Nil in numeric context  in sub infix:<⊞> at /home/coke/sandbox/rakudo-star-daily/star-jvm/rakudo-star-daily/install/share/perl6/lib/Digest/MD5.pm:7

# Failed test 'MD5 binary of 'a b' (instance method)'
# at t/perl5-compat.t line 49
# expected: $(24, 126, 244, 67, 97, 34, 209, 204, 47, 64, 220, 43, 146, 240, 235, 160)
#      got: $(46, 167, 240, 159, 57, 99, 184, 6, 150, 0, 31, 128, 201, 74, 143, 70)
# Looks like you failed 12 tests of 18
t/perl5-compat.t ... 
Dubious, test returned 12 (wstat 3072, 0xc00)
Failed 12/18 subtests 

Test Summary Report
-------------------
t/perl5-compat.t (Wstat: 3072 Tests: 18 Failed: 12)
  Failed tests:  1-2, 4, 6-8, 10, 12-14, 16, 18
  Non-zero exit status: 12
Files=2, Tests=19, 24 wallclock secs ( 0.07 usr  0.03 sys + 50.72 cusr  0.73 csys = 51.55 CPU)
Result: FAIL

Testing modules/file-find with /home/coke/sandbox/rakudo-star-daily/star-jvm/rakudo-star-daily/install/bin/perl6-j...
t/01-file-find.t .. ok
All tests successful.
Files=1, Tests=11, 10 wallclock secs ( 0.02 usr  0.00 sys + 22.78 cusr  0.37 csys = 23.17 CPU)
Result: PASS

Testing modules/shell-command with /home/coke/sandbox/rakudo-star-daily/star-jvm/rakudo-star-daily/install/bin/perl6-j...
java.lang.RuntimeException: Cannot access a native attribute as a reference attribute
  in sub mkpath at /home/coke/sandbox/rakudo-star-daily/star-jvm/rakudo-star-daily/install/share/perl6/lib/Shell/Command.pm:64
  in block <unit> at t/02-shell-command.t:6

t/02-shell-command.t .. 
Dubious, test returned 255 (wstat 65280, 0xff00)
Failed 16/16 subtests 

Test Summary Report
-------------------
t/02-shell-command.t (Wstat: 65280 Tests: 0 Failed: 0)
  Non-zero exit status: 255
  Parse errors: Bad plan.  You planned 16 tests but ran 0.
Files=1, Tests=0,  7 wallclock secs ( 0.01 usr  0.00 sys + 15.98 cusr  0.35 csys = 16.34 CPU)
Result: FAIL

Testing modules/json_fast with /home/coke/sandbox/rakudo-star-daily/star-jvm/rakudo-star-daily/install/bin/perl6-j...
===SORRY!===
Cannot unbox a type object
t/01-parse.t ...... 
Dubious, test returned 1 (wstat 256, 0x100)
No subtests run 
===SORRY!===
Cannot unbox a type object
t/02-structure.t .. 
Dubious, test returned 1 (wstat 256, 0x100)
No subtests run 
===SORRY!===
Cannot unbox a type object
t/03-unicode.t .... 
Dubious, test returned 1 (wstat 256, 0x100)
No subtests run 
===SORRY!===
Cannot unbox a type object
t/04-roundtrip.t .. 
Dubious, test returned 1 (wstat 256, 0x100)
No subtests run 

Test Summary Report
-------------------
t/01-parse.t    (Wstat: 256 Tests: 0 Failed: 0)
  Non-zero exit status: 1
  Parse errors: No plan found in TAP output
t/02-structure.t (Wstat: 256 Tests: 0 Failed: 0)
  Non-zero exit status: 1
  Parse errors: No plan found in TAP output
t/03-unicode.t  (Wstat: 256 Tests: 0 Failed: 0)
  Non-zero exit status: 1
  Parse errors: No plan found in TAP output
t/04-roundtrip.t (Wstat: 256 Tests: 0 Failed: 0)
  Non-zero exit status: 1
  Parse errors: No plan found in TAP output
Files=4, Tests=0, 39 wallclock secs ( 0.03 usr  0.00 sys + 97.39 cusr  1.52 csys = 98.94 CPU)
Result: FAIL

Testing modules/panda with /home/coke/sandbox/rakudo-star-daily/star-jvm/rakudo-star-daily/install/bin/perl6-j...

# Failed test at t/builder.t line 10
# java.lang.RuntimeException: Cannot access a native attribute as a reference attribute

# Failed test 'and copied to blib'
# at t/builder.t line 12

# Failed test 'pod copied too'
# at t/builder.t line 13

# Failed test 'random files also copied to blib'
# at t/builder.t line 14

# Failed test at t/builder.t line 17
# java.lang.RuntimeException: Cannot access a native attribute as a reference attribute
# Looks like you failed 5 tests of 5
t/builder.t .... 
Dubious, test returned 5 (wstat 1280, 0x500)
Failed 5/5 subtests 
t/common.t ..... ok
===SORRY!===
Cannot unbox a type object
t/ecosystem.t .. 
Dubious, test returned 1 (wstat 256, 0x100)
No subtests run 

# Failed test at t/installer.t line 11
# java.lang.RuntimeException: Cannot access a native attribute as a reference attribute

# Failed test 'module installed'
# at t/installer.t line 13

# Failed test 'jar installed'
# at t/installer.t line 13

# Failed test 'pod installed'
# at t/installer.t line 13

# Failed test 'random files installed'
# at t/installer.t line 13

# Failed test 'bin installed'
# at t/installer.t line 13
# Looks like you failed 6 tests of 8
t/installer.t .. 
Dubious, test returned 6 (wstat 1536, 0x600)
Failed 6/8 subtests 

# Failed test 'what should pass, passes'
# at t/tester.t line 9
# java.lang.RuntimeException: Cannot access a native attribute as a reference attribute
# Looks like you failed 1 test of 2
t/tester.t ..... 
Dubious, test returned 1 (wstat 256, 0x100)
Failed 1/2 subtests 

Test Summary Report
-------------------
t/builder.t  (Wstat: 1280 Tests: 5 Failed: 5)
  Failed tests:  1-5
  Non-zero exit status: 5
t/ecosystem.t (Wstat: 256 Tests: 0 Failed: 0)
  Non-zero exit status: 1
  Parse errors: No plan found in TAP output
t/installer.t (Wstat: 1536 Tests: 8 Failed: 6)
  Failed tests:  1-6
  Non-zero exit status: 6
t/tester.t   (Wstat: 256 Tests: 2 Failed: 1)
  Failed test:  1
  Non-zero exit status: 1
Files=5, Tests=17, 36 wallclock secs ( 0.02 usr  0.02 sys + 85.16 cusr  1.75 csys = 86.95 CPU)
Result: FAIL

Testing modules/perl6-http-status with /home/coke/sandbox/rakudo-star-daily/star-jvm/rakudo-star-daily/install/bin/perl6-j...
t/01-basic.t ..... ok
t/02-is-tests.t .. ok
All tests successful.
Files=2, Tests=46, 12 wallclock secs ( 0.03 usr  0.00 sys + 27.64 cusr  0.65 csys = 28.32 CPU)
Result: PASS

Testing modules/p6-Template-Mustache with /home/coke/sandbox/rakudo-star-daily/star-jvm/rakudo-star-daily/install/bin/perl6-j...
t/01-basic.t ....... ok
t/02-file.t ........ ok
t/03-cascade.t ..... ok
t/04-lambda.t ...... ok
t/10-objects.t ..... ok
t/50-readme.t ...... ok
===SORRY!===
Cannot unbox a type object
t/91-specs.t ....... 
Dubious, test returned 1 (wstat 256, 0x100)
No subtests run 
===SORRY!===
Cannot unbox a type object
t/92-specs-file.t .. 
Dubious, test returned 1 (wstat 256, 0x100)
No subtests run 

Test Summary Report
-------------------
t/91-specs.t     (Wstat: 256 Tests: 0 Failed: 0)
  Non-zero exit status: 1
  Parse errors: No plan found in TAP output
t/92-specs-file.t (Wstat: 256 Tests: 0 Failed: 0)
  Non-zero exit status: 1
  Parse errors: No plan found in TAP output
Files=8, Tests=25, 68 wallclock secs ( 0.06 usr  0.00 sys + 152.78 cusr  3.08 csys = 155.92 CPU)
Result: FAIL

Testing modules/PSGI with /home/coke/sandbox/rakudo-star-daily/star-jvm/rakudo-star-daily/install/bin/perl6-j...
t/encode-psgi-response.t .. ok
t/populate-psgi-env.t ..... ok
All tests successful.
Files=2, Tests=28, 16 wallclock secs ( 0.02 usr  0.00 sys + 33.56 cusr  0.76 csys = 34.34 CPU)
Result: PASS

Testing modules/perl6-http-easy with /home/coke/sandbox/rakudo-star-daily/star-jvm/rakudo-star-daily/install/bin/perl6-j...
t/01-load.t .. ok
All tests successful.
Files=1, Tests=2,  7 wallclock secs ( 0.01 usr  0.01 sys + 14.80 cusr  0.33 csys = 15.15 CPU)
Result: PASS

Testing modules/Template-Mojo with /home/coke/sandbox/rakudo-star-daily/star-jvm/rakudo-star-daily/install/bin/perl6-j...
t/00-basic.t ..... ok
t/01-template.t .. ok
t/02-complex.t ... ok
t/03-capture.t ... ok
All tests successful.
Files=4, Tests=22, 36 wallclock secs ( 0.02 usr  0.01 sys + 78.64 cusr  4.38 csys = 83.05 CPU)
Result: PASS

Testing modules/Bailador with /home/coke/sandbox/rakudo-star-daily/star-jvm/rakudo-star-daily/install/bin/perl6-j...

# Failed test 'echo with text'
# at t/01-route-existance.t line 19
# expected: $[200, [:Content-Type("text/html")], "Echo: bar"]
#      got: $[200, [:Content-Type("text/html")], "Echo: "]

# Failed test 'echo with text'
# at t/01-route-existance.t line 21
# expected: $[200, [:Content-Type("text/html")], "Echo2: foo-bar--bar"]
#      got: $[200, [:Content-Type("text/html")], "Echo2: foo---"]

# Failed test 'echo with text'
# at t/01-route-existance.t line 23
# expected: $[200, [:Content-Type("text/html")], "Echo3: foo-zorg-zorg-bar"]
#      got: $[200, [:Content-Type("text/html")], "Echo3: foo---"]
Use of uninitialized value of type Any in string context
Any of .^name, .perl, .gist, or .say can stringify undefined things, if needed.  in sub  at t/01-route-existance.t:26

# Failed test 'port'
# at t/01-route-existance.t line 35
# expected: $[200, [:Content-Type("text/html")], "port=1234"]
#      got: $[200, [:Content-Type("text/html")], "port="]
Use of uninitialized value of type Any in string context
Any of .^name, .perl, .gist, or .say can stringify undefined things, if needed.  in sub  at t/01-route-existance.t:27

# Failed test 'request_uri'
# at t/01-route-existance.t line 36
# expected: $[200, [:Content-Type("text/html")], "request_uri=/b?text=bar"]
#      got: $[200, [:Content-Type("text/html")], "request_uri="]
Use of uninitialized value of type Any in string context
Any of .^name, .perl, .gist, or .say can stringify undefined things, if needed.  in sub  at t/01-route-existance.t:28

# Failed test 'uri'
# at t/01-route-existance.t line 37
# expected: $[200, [:Content-Type("text/html")], "uri=/c?text=bar"]
#      got: $[200, [:Content-Type("text/html")], "uri="]
Use of uninitialized value of type Any in string context
Any of .^name, .perl, .gist, or .say can stringify undefined things, if needed.  in sub  at t/01-route-existance.t:29

# Failed test 'path'
# at t/01-route-existance.t line 38
# expected: $[200, [:Content-Type("text/html")], "path=/d"]
#      got: $[200, [:Content-Type("text/html")], "path="]
Use of uninitialized value of type Any in string context
Any of .^name, .perl, .gist, or .say can stringify undefined things, if needed.  in sub  at t/01-route-existance.t:30

# Failed test 'method'
# at t/01-route-existance.t line 39
# expected: $[200, [:Content-Type("text/html")], "method=GET"]
#      got: $[200, [:Content-Type("text/html")], "method="]
Use of uninitialized value of type Any in string context
Any of .^name, .perl, .gist, or .say can stringify undefined things, if needed.  in method is_get at /home/coke/sandbox/rakudo-star-daily/star-jvm/rakudo-star-daily/install/share/perl6/lib/Bailador/Request.pm:75
Use of uninitialized value of type Any in string context
Any of .^name, .perl, .gist, or .say can stringify undefined things, if needed.  in method is_post at /home/coke/sandbox/rakudo-star-daily/star-jvm/rakudo-star-daily/install/share/perl6/lib/Bailador/Request.pm:76
Use of uninitialized value of type Any in string context
Any of .^name, .perl, .gist, or .say can stringify undefined things, if needed.  in method is_put at /home/coke/sandbox/rakudo-star-daily/star-jvm/rakudo-star-daily/install/share/perl6/lib/Bailador/Request.pm:77
Use of uninitialized value of type Any in string context
Any of .^name, .perl, .gist, or .say can stringify undefined things, if needed.  in method is_delete at /home/coke/sandbox/rakudo-star-daily/star-jvm/rakudo-star-daily/install/share/perl6/lib/Bailador/Request.pm:78
Use of uninitialized value of type Any in string context
Any of .^name, .perl, .gist, or .say can stringify undefined things, if needed.  in method is_head at /home/coke/sandbox/rakudo-star-daily/star-jvm/rakudo-star-daily/install/share/perl6/lib/Bailador/Request.pm:79
Use of uninitialized value of type Any in string context
Any of .^name, .perl, .gist, or .say can stringify undefined things, if needed.  in method is_patch at /home/coke/sandbox/rakudo-star-daily/star-jvm/rakudo-star-daily/install/share/perl6/lib/Bailador/Request.pm:80

# Failed test 'is'
# at t/01-route-existance.t line 40
# expected: $[200, [:Content-Type("text/html")], "True-False-False-False-False-False"]
#      got: $[200, [:Content-Type("text/html")], "False-False-False-False-False-False"]

# Failed test 'body'
# at t/01-route-existance.t line 43
# expected: $[200, [:Content-Type("text/html")], ""]
#      got: $[500, [:Content-Type("text/plain")], "Internal Server Error"]
Use of uninitialized value of type Any in string context
Any of .^name, .perl, .gist, or .say can stringify undefined things, if needed.  in sub  at t/01-route-existance.t:45

# Failed test 'port'
# at t/01-route-existance.t line 55
# expected: $[200, [:Content-Type("text/html")], "port=9876"]
#      got: $[200, [:Content-Type("text/html")], "port="]
Use of uninitialized value of type Any in string context
Any of .^name, .perl, .gist, or .say can stringify undefined things, if needed.  in sub  at t/01-route-existance.t:46

# Failed test 'request_uri'
# at t/01-route-existance.t line 56
# expected: $[200, [:Content-Type("text/html")], "request_uri=/b?text=bar"]
#      got: $[200, [:Content-Type("text/html")], "request_uri="]
Use of uninitialized value of type Any in string context
Any of .^name, .perl, .gist, or .say can stringify undefined things, if needed.  in sub  at t/01-route-existance.t:47

# Failed test 'uri'
# at t/01-route-existance.t line 57
# expected: $[200, [:Content-Type("text/html")], "uri=/c?text=bar"]
#      got: $[200, [:Content-Type("text/html")], "uri="]
Use of uninitialized value of type Any in string context
Any of .^name, .perl, .gist, or .say can stringify undefined things, if needed.  in sub  at t/01-route-existance.t:48

# Failed test 'path'
# at t/01-route-existance.t line 58
# expected: $[200, [:Content-Type("text/html")], "path=/d"]
#      got: $[200, [:Content-Type("text/html")], "path="]
Use of uninitialized value of type Any in string context
Any of .^name, .perl, .gist, or .say can stringify undefined things, if needed.  in sub  at t/01-route-existance.t:49

# Failed test 'method'
# at t/01-route-existance.t line 59
# expected: $[200, [:Content-Type("text/html")], "method=POST"]
#      got: $[200, [:Content-Type("text/html")], "method="]
Use of uninitialized value of type Any in string context
Any of .^name, .perl, .gist, or .say can stringify undefined things, if needed.  in method is_get at /home/coke/sandbox/rakudo-star-daily/star-jvm/rakudo-star-daily/install/share/perl6/lib/Bailador/Request.pm:75
Use of uninitialized value of type Any in string context
Any of .^name, .perl, .gist, or .say can stringify undefined things, if needed.  in method is_post at /home/coke/sandbox/rakudo-star-daily/star-jvm/rakudo-star-daily/install/share/perl6/lib/Bailador/Request.pm:76
Use of uninitialized value of type Any in string context
Any of .^name, .perl, .gist, or .say can stringify undefined things, if needed.  in method is_put at /home/coke/sandbox/rakudo-star-daily/star-jvm/rakudo-star-daily/install/share/perl6/lib/Bailador/Request.pm:77
Use of uninitialized value of type Any in string context
Any of .^name, .perl, .gist, or .say can stringify undefined things, if needed.  in method is_delete at /home/coke/sandbox/rakudo-star-daily/star-jvm/rakudo-star-daily/install/share/perl6/lib/Bailador/Request.pm:78
Use of uninitialized value of type Any in string context
Any of .^name, .perl, .gist, or .say can stringify undefined things, if needed.  in method is_head at /home/coke/sandbox/rakudo-star-daily/star-jvm/rakudo-star-daily/install/share/perl6/lib/Bailador/Request.pm:79
Use of uninitialized value of type Any in string context
Any of .^name, .perl, .gist, or .say can stringify undefined things, if needed.  in method is_patch at /home/coke/sandbox/rakudo-star-daily/star-jvm/rakudo-star-daily/install/share/perl6/lib/Bailador/Request.pm:80

# Failed test 'is'
# at t/01-route-existance.t line 60
# expected: $[200, [:Content-Type("text/html")], "False-True-False-False-False-False"]
#      got: $[200, [:Content-Type("text/html")], "False-False-False-False-False-False"]

# Failed test 'body'
# at t/01-route-existance.t line 63
# expected: $[200, [:Content-Type("text/html")], "text=foo"]
#      got: $[500, [:Content-Type("text/plain")], "Internal Server Error"]
# Looks like you failed 17 tests of 27
t/01-route-existance.t ..... 
Dubious, test returned 17 (wstat 4352, 0x1100)
Failed 17/27 subtests 

# Failed test 'ROUTE GET /header1 sends an extra header'
# at t/03-response-content.t line 48
# expected: $[200, [:X-Test("header1"), :Content-Type("text/html")], "added header X-Test"]
#      got: $[200, [:Content-Type("text/html")], "added header X-Test"]

# Failed test 'ROUTE GET /header2 sends an extra and does not include headers from previous requests'
# at t/03-response-content.t line 50
# expected: $[200, [:X-Again("header2"), :Content-Type("text/html")], "added header X-Again"]
#      got: $[200, [:Content-Type("text/html")], "added header X-Again"]

# Failed test 'utf8 encoding was correct'
# at t/03-response-content.t line 65
# expected: 'Æ'
#      got: (Any)

# Failed test 'fallback encoding was correct'
# at t/03-response-content.t line 66
# expected: 'Æ'
#      got: (Any)

# Failed test 'non-UTF8 encoding caused a fallback'
# at t/03-response-content.t line 67
# expected: 'ÃÆ'
#      got: (Any)
# Looks like you failed 5 tests of 498
t/03-response-content.t .... 
Dubious, test returned 5 (wstat 1280, 0x500)
Failed 5/498 subtests 
t/04-templates-mustache.t .. ok
t/04-templates.t ........... ok
t/05-post-content.t ........ ok

# Failed test 'ROUTE GET /cook1 sets a cookie'
# at t/06-cookies.t line 79
# expected: $[200, [:Content-Type("text/html"), :Set-Cookie("flavour=chocolate")], "cookie test #1"]
#      got: $[200, [:Content-Type("text/html")], "cookie test #1"]

# Failed test 'ROUTE GET /cook2 sets a cookie with a domain'
# at t/06-cookies.t line 81
# expected: $[200, [:Content-Type("text/html"), :Set-Cookie("flavour=chocolate; Domain=example.com")], "cookie test #2"]
#      got: $[200, [:Content-Type("text/html")], "cookie test #2"]

# Failed test 'ROUTE GET /cook3 sets a cookie with a path'
# at t/06-cookies.t line 83
# expected: $[200, [:Content-Type("text/html"), :Set-Cookie("flavour=chocolate; Path=/test")], "cookie test #3"]
#      got: $[200, [:Content-Type("text/html")], "cookie test #3"]

# Failed test 'ROUTE GET /cook4 sets a cookie with a path and domain'
# at t/06-cookies.t line 85
# expected: $[200, [:Content-Type("text/html"), :Set-Cookie("flavour=chocolate; Path=/test; Domain=example.com")], "cookie test #4"]
#      got: $[200, [:Content-Type("text/html")], "cookie test #4"]

# Failed test 'ROUTE GET /cook5 sets a cookie with an expiry'
# at t/06-cookies.t line 87
# expected: $[200, [:Content-Type("text/html"), :Set-Cookie("flavour=chocolate; Expires=Wed, 09 Jun 2021 10:18:14 GMT")], "cookie test #5"]
#      got: $[200, [:Content-Type("text/html")], "cookie test #5"]

# Failed test 'ROUTE GET /rfc1 sets a cookie like RFC 6265 page 6'
# at t/06-cookies.t line 89
# expected: $[200, [:Content-Type("text/html"), :Set-Cookie("SID=31d4d96e407aad42")], "rfc"]
#      got: $[200, [:Content-Type("text/html")], "rfc"]

# Failed test 'ROUTE GET /rfc2 sets a cookie with path and domain like RFC 6265 page 6'
# at t/06-cookies.t line 91
# expected: $[200, [:Content-Type("text/html"), :Set-Cookie("SID=31d4d96e407aad42; Path=/; Domain=example.com")], "rfc"]
#      got: $[200, [:Content-Type("text/html")], "rfc"]

# Failed test 'ROUTE GET /rfc3 sets a secure httponly cookie with path like RFC 6265 page 6'
# at t/06-cookies.t line 93
# expected: $[200, [:Content-Type("text/html"), :Set-Cookie("SID=31d4d96e407aad42; Path=/; Secure; HttpOnly")], "rfc"]
#      got: $[200, [:Content-Type("text/html")], "rfc"]

# Failed test 'ROUTE GET /rfc4 sets a cookie with with no value like RFC 6265 page 7'
# at t/06-cookies.t line 95
# expected: $[200, [:Content-Type("text/html"), :Set-Cookie("lang=; Expires=Sun, 06 Nov 1994 08:49:37 GMT")], "rfc"]
#      got: $[200, [:Content-Type("text/html")], "rfc"]

# Failed test 'ROUTE GET /wiki1 sets a cookie like an example from the HTTP cookie wikipedia article'
# at t/06-cookies.t line 97
# expected: $[200, [:Content-Type("text/html"), :Set-Cookie("LSID=DQAAAKEaem_vYg; Path=/accounts; Expires=Wed, 13 Jan 2021 22:23:01 GMT; Secure; HttpOnly")], "wikipedia"]
#      got: $[200, [:Content-Type("text/html")], "wikipedia"]

# Failed test 'ROUTE GET /wiki2 sets a cookie with all parameters like an example from the HTTP cookie wikipedia article'
# at t/06-cookies.t line 99
# expected: $[200, [:Content-Type("text/html"), :Set-Cookie("SSID=Ap4P.GTEq; Path=/; Domain=foo.com; Expires=Wed, 13 Jan 2021 22:23:01 GMT; Secure; HttpOnly")], "wikipedia"]
#      got: $[200, [:Content-Type("text/html")], "wikipedia"]

# Failed test 'ROUTE GET /multi1 sets multiple cookies'
# at t/06-cookies.t line 101
# expected: $[200, [:Content-Type("text/html"), :Set-Cookie("enwikiUserID=127001; Path=/; Expires=Thu, 15 Oct 2015 15:12:40 GMT; Secure; HttpOnly"), :Set-Cookie("enwikiUserName=localhost; Path=/; Expires=Thu, 15 Oct 2015 15:12:40 GMT; Secure; HttpOnly"), :Set-Cookie("forceHTTPS=true; Path=/; Expires=Thu, 15 Oct 2015 15:12:40 GMT; HttpOnly")], "multiple"]
#      got: $[200, [:Content-Type("text/html")], "multiple"]

# Failed test 'ROUTE GET /escape1 sends a cookie with a URI encoded value'
# at t/06-cookies.t line 111
# expected: $[200, [:Content-Type("text/html"), :Set-Cookie("key=value\%3B; Secure")], "escape"]
#      got: $[200, [:Content-Type("text/html")], "escape"]

# Failed test 'ROUTE GET /escape2 sends a cookie with a URI encoded key'
# at t/06-cookies.t line 113
# expected: $[200, [:Content-Type("text/html"), :Set-Cookie("the\%3Dkey=value; Path=/")], "escape"]
#      got: $[200, [:Content-Type("text/html")], "escape"]
# Looks like you failed 14 tests of 14
t/06-cookies.t ............. 
Dubious, test returned 14 (wstat 3584, 0xe00)
Failed 14/14 subtests 
t/07-errors.t .............. ok

Test Summary Report
-------------------
t/01-route-existance.t   (Wstat: 4352 Tests: 27 Failed: 17)
  Failed tests:  6, 8-15, 18-24, 27
  Non-zero exit status: 17
t/03-response-content.t  (Wstat: 1280 Tests: 498 Failed: 5)
  Failed tests:  10-11, 496-498
  Non-zero exit status: 5
t/06-cookies.t           (Wstat: 3584 Tests: 14 Failed: 14)
  Failed tests:  1-14
  Non-zero exit status: 14
Files=7, Tests=551, 98 wallclock secs ( 0.15 usr  0.03 sys + 222.63 cusr  3.50 csys = 226.31 CPU)
Result: FAIL

Testing modules/DBIish with /home/coke/sandbox/rakudo-star-daily/star-jvm/rakudo-star-daily/install/bin/perl6-j...
# Using PGDATABASE: (none)
t/01-ConnectConfig-PG.t ... ok
Type check failed in binding @a; expected Positional but got Seq
  in sub is-deeply at lib/Test.pm:422
  in block <unit> at t/05-mock.t:28

# Looks like you planned 9 tests, but ran 8
t/05-mock.t ............... 
Dubious, test returned 255 (wstat 65280, 0xff00)
Failed 1/9 subtests 
# Connect failed with error java.lang.UnsatisfiedLinkError: Unable to load library 'libmysqlclient.so': Native library (linux-x86-64/libmysqlclient.so) not found in resource path ([file:/home/coke/sandbox/rakudo-star-daily/star-jvm/rakudo-star-daily/modules/DBIish/, file:/home/coke/sandbox/rakudo-star-daily/star-jvm/rakudo-star-daily/install/share/perl6/runtime/, file:/home/coke/sandbox/rakudo-star-daily/star-jvm/rakudo-star-daily/install/share/perl6/lib/, file:/home/coke/sandbox/rakudo-star-daily/star-jvm/rakudo-star-daily/install/share/nqp/lib/])
t/10-mysql.t .............. ok
# Connect failed with error java.lang.UnsatisfiedLinkError: Unable to load library 'libmysqlclient.so': Native library (linux-x86-64/libmysqlclient.so) not found in resource path ([file:/home/coke/sandbox/rakudo-star-daily/star-jvm/rakudo-star-daily/modules/DBIish/, file:/home/coke/sandbox/rakudo-star-daily/star-jvm/rakudo-star-daily/install/share/perl6/runtime/, file:/home/coke/sandbox/rakudo-star-daily/star-jvm/rakudo-star-daily/install/share/perl6/lib/, file:/home/coke/sandbox/rakudo-star-daily/star-jvm/rakudo-star-daily/install/share/nqp/lib/])
t/25-mysql-common.t ....... ok
t/30-Pg.t ................. ok
# Connect failed with error FATAL:  role "coke" does not exist

t/35-Pg-common.t .......... ok
# Connect failed with error java.lang.UnsatisfiedLinkError: Unable to load library 'libsqlite3.so': Native library (linux-x86-64/libsqlite3.so) not found in resource path ([file:/home/coke/sandbox/rakudo-star-daily/star-jvm/rakudo-star-daily/modules/DBIish/, file:/home/coke/sandbox/rakudo-star-daily/star-jvm/rakudo-star-daily/install/share/perl6/runtime/, file:/home/coke/sandbox/rakudo-star-daily/star-jvm/rakudo-star-daily/install/share/perl6/lib/, file:/home/coke/sandbox/rakudo-star-daily/star-jvm/rakudo-star-daily/install/share/nqp/lib/])
t/40-sqlite-common.t ...... ok
t/41-sqlite-exec-error.t .. ok

Test Summary Report
-------------------
t/05-mock.t             (Wstat: 65280 Tests: 8 Failed: 0)
  Non-zero exit status: 255
  Parse errors: Bad plan.  You planned 9 tests but ran 8.
Files=8, Tests=259, 80 wallclock secs ( 0.07 usr  0.01 sys + 186.39 cusr  3.60 csys = 190.07 CPU)
Result: FAIL

Testing modules/jsonrpc with /home/coke/sandbox/rakudo-star-daily/star-jvm/rakudo-star-daily/install/bin/perl6-j...
t/client.t .. ok
t/server.t .. ok
All tests successful.
Files=2, Tests=68, 68 wallclock secs ( 0.04 usr  0.00 sys + 135.89 cusr  1.40 csys = 137.33 CPU)
Result: PASS

Testing modules/Pod-To-HTML with /home/coke/sandbox/rakudo-star-daily/star-jvm/rakudo-star-daily/install/bin/perl6-j...
t/01-basic.t .... ok
t/02-code.t ..... ok
t/03-comment.t .. ok
t/04-lists.t .... ok
All tests successful.
Files=4, Tests=9, 36 wallclock secs ( 0.04 usr  0.00 sys + 77.98 cusr  1.61 csys = 79.63 CPU)
Result: PASS

Testing modules/p6-file-directory-tree with /home/coke/sandbox/rakudo-star-daily/star-jvm/rakudo-star-daily/install/bin/perl6-j...

# Failed test 'mktree runs'
# at t/basic.t line 17

# Failed test 'mktree produces correct number of elements'
# at t/basic.t line 20
# Looks like you failed 2 tests of 7
t/basic.t .. 
Dubious, test returned 2 (wstat 512, 0x200)
Failed 2/7 subtests 

Test Summary Report
-------------------
t/basic.t (Wstat: 512 Tests: 7 Failed: 2)
  Failed tests:  2, 4
  Non-zero exit status: 2
Files=1, Tests=7, 10 wallclock secs ( 0.02 usr  0.00 sys + 19.71 cusr  0.38 csys = 20.11 CPU)
Result: FAIL

Testing modules/p6-File-Temp with /home/coke/sandbox/rakudo-star-daily/star-jvm/rakudo-star-daily/install/bin/perl6-j...
t/tempfile.t .. ok
All tests successful.
Files=1, Tests=14,  8 wallclock secs ( 0.01 usr  0.01 sys + 20.66 cusr  0.43 csys = 21.11 CPU)
Result: PASS

Testing modules/doc with /home/coke/sandbox/rakudo-star-daily/star-jvm/rakudo-star-daily/install/bin/perl6-j...
t/pod-convenience.t .. ok
t/pod-htmlify.t ...... ok
t/typegraph.t ........ ok
All tests successful.
Files=3, Tests=22, 38 wallclock secs ( 0.04 usr  0.01 sys + 92.04 cusr  1.52 csys = 93.61 CPU)
Result: PASS

Testing modules/debugger-ui-commandline with /home/coke/sandbox/rakudo-star-daily/star-jvm/rakudo-star-daily/install/bin/perl6-j...
...no t/ directory found.

