cd rakudo && make install
make[1]: Entering directory '/home/coke/sandbox/rakudo-star-daily/star-MoarVM/rakudo-star-daily/rakudo'
/home/coke/perl5/perlbrew/perls/perl-5.20.1/bin/perl -MExtUtils::Command -e mkpath /home/coke/sandbox/rakudo-star-daily/star-MoarVM/rakudo-star-daily/install/bin
/home/coke/perl5/perlbrew/perls/perl-5.20.1/bin/perl -MExtUtils::Command -e mkpath /home/coke/sandbox/rakudo-star-daily/star-MoarVM/rakudo-star-daily/install/share/nqp/lib/Perl6
/home/coke/perl5/perlbrew/perls/perl-5.20.1/bin/perl -MExtUtils::Command -e cp blib/Perl6/ModuleLoader.moarvm blib/Perl6/World.moarvm blib/Perl6/Grammar.moarvm blib/Perl6/Ops.moarvm blib/Perl6/Actions.moarvm blib/Perl6/Optimizer.moarvm blib/Perl6/Pod.moarvm blib/Perl6/Compiler.moarvm blib/Perl6/Metamodel.moarvm blib/Perl6/BOOTSTRAP.moarvm /home/coke/sandbox/rakudo-star-daily/star-MoarVM/rakudo-star-daily/install/share/nqp/lib/Perl6
/home/coke/perl5/perlbrew/perls/perl-5.20.1/bin/perl -MExtUtils::Command -e mkpath /home/coke/sandbox/rakudo-star-daily/star-MoarVM/rakudo-star-daily/install/share/perl6/lib
/home/coke/perl5/perlbrew/perls/perl-5.20.1/bin/perl -MExtUtils::Command -e mkpath /home/coke/sandbox/rakudo-star-daily/star-MoarVM/rakudo-star-daily/install/share/perl6/runtime
/home/coke/perl5/perlbrew/perls/perl-5.20.1/bin/perl -MExtUtils::Command -e cp CORE.setting.moarvm RESTRICTED.setting.moarvm /home/coke/sandbox/rakudo-star-daily/star-MoarVM/rakudo-star-daily/install/share/perl6/runtime
/home/coke/perl5/perlbrew/perls/perl-5.20.1/bin/perl -MExtUtils::Command -e cp perl6.moarvm perl6-debug.moarvm /home/coke/sandbox/rakudo-star-daily/star-MoarVM/rakudo-star-daily/install/share/perl6/runtime
/home/coke/perl5/perlbrew/perls/perl-5.20.1/bin/perl -MExtUtils::Command -e mkpath /home/coke/sandbox/rakudo-star-daily/star-MoarVM/rakudo-star-daily/install/share/perl6/runtime/dynext
/home/coke/perl5/perlbrew/perls/perl-5.20.1/bin/perl -MExtUtils::Command -e cp dynext/libperl6_ops_moar.so /home/coke/sandbox/rakudo-star-daily/star-MoarVM/rakudo-star-daily/install/share/perl6/runtime/dynext
/home/coke/perl5/perlbrew/perls/perl-5.20.1/bin/perl -MExtUtils::Command -e mkpath /home/coke/sandbox/rakudo-star-daily/star-MoarVM/rakudo-star-daily/install/share/perl6/dist
/home/coke/perl5/perlbrew/perls/perl-5.20.1/bin/perl -MExtUtils::Command -e mkpath /home/coke/sandbox/rakudo-star-daily/star-MoarVM/rakudo-star-daily/install/share/perl6/sources
/home/coke/perl5/perlbrew/perls/perl-5.20.1/bin/perl -MExtUtils::Command -e mkpath /home/coke/sandbox/rakudo-star-daily/star-MoarVM/rakudo-star-daily/install/share/perl6/resources
/home/coke/perl5/perlbrew/perls/perl-5.20.1/bin/perl -MExtUtils::Command -e mkpath /home/coke/sandbox/rakudo-star-daily/star-MoarVM/rakudo-star-daily/install/share/perl6/bin
/home/coke/perl5/perlbrew/perls/perl-5.20.1/bin/perl -MExtUtils::Command -e mkpath /home/coke/sandbox/rakudo-star-daily/star-MoarVM/rakudo-star-daily/install/share/perl6/short
/home/coke/perl5/perlbrew/perls/perl-5.20.1/bin/perl -MExtUtils::Command -e mkpath /home/coke/sandbox/rakudo-star-daily/star-MoarVM/rakudo-star-daily/install/share/perl6/vendor/dist
/home/coke/perl5/perlbrew/perls/perl-5.20.1/bin/perl -MExtUtils::Command -e mkpath /home/coke/sandbox/rakudo-star-daily/star-MoarVM/rakudo-star-daily/install/share/perl6/vendor/sources
/home/coke/perl5/perlbrew/perls/perl-5.20.1/bin/perl -MExtUtils::Command -e mkpath /home/coke/sandbox/rakudo-star-daily/star-MoarVM/rakudo-star-daily/install/share/perl6/vendor/resources
/home/coke/perl5/perlbrew/perls/perl-5.20.1/bin/perl -MExtUtils::Command -e mkpath /home/coke/sandbox/rakudo-star-daily/star-MoarVM/rakudo-star-daily/install/share/perl6/vendor/bin
/home/coke/perl5/perlbrew/perls/perl-5.20.1/bin/perl -MExtUtils::Command -e mkpath /home/coke/sandbox/rakudo-star-daily/star-MoarVM/rakudo-star-daily/install/share/perl6/vendor/short
/home/coke/perl5/perlbrew/perls/perl-5.20.1/bin/perl -MExtUtils::Command -e mkpath /home/coke/sandbox/rakudo-star-daily/star-MoarVM/rakudo-star-daily/install/share/perl6/site/dist
/home/coke/perl5/perlbrew/perls/perl-5.20.1/bin/perl -MExtUtils::Command -e mkpath /home/coke/sandbox/rakudo-star-daily/star-MoarVM/rakudo-star-daily/install/share/perl6/site/sources
/home/coke/perl5/perlbrew/perls/perl-5.20.1/bin/perl -MExtUtils::Command -e mkpath /home/coke/sandbox/rakudo-star-daily/star-MoarVM/rakudo-star-daily/install/share/perl6/site/resources
/home/coke/perl5/perlbrew/perls/perl-5.20.1/bin/perl -MExtUtils::Command -e mkpath /home/coke/sandbox/rakudo-star-daily/star-MoarVM/rakudo-star-daily/install/share/perl6/site/bin
/home/coke/perl5/perlbrew/perls/perl-5.20.1/bin/perl -MExtUtils::Command -e mkpath /home/coke/sandbox/rakudo-star-daily/star-MoarVM/rakudo-star-daily/install/share/perl6/site/short
./perl6-m tools/build/install-core-dist.pl /home/coke/sandbox/rakudo-star-daily/star-MoarVM/rakudo-star-daily/install/share/perl6
installed!
/home/coke/perl5/perlbrew/perls/perl-5.20.1/bin/perl tools/build/create-moar-runner.pl "/home/coke/sandbox/rakudo-star-daily/star-MoarVM/rakudo-star-daily/install/bin/moar" perl6.moarvm /home/coke/sandbox/rakudo-star-daily/star-MoarVM/rakudo-star-daily/install/bin/perl6-m "/home/coke/sandbox/rakudo-star-daily/star-MoarVM/rakudo-star-daily/install/share/perl6/runtime" "" "/home/coke/sandbox/rakudo-star-daily/star-MoarVM/rakudo-star-daily/install/share/nqp/lib" "/home/coke/sandbox/rakudo-star-daily/star-MoarVM/rakudo-star-daily/install/share/perl6/lib" "/home/coke/sandbox/rakudo-star-daily/star-MoarVM/rakudo-star-daily/install/share/perl6/runtime"
/home/coke/perl5/perlbrew/perls/perl-5.20.1/bin/perl tools/build/create-moar-runner.pl "/home/coke/sandbox/rakudo-star-daily/star-MoarVM/rakudo-star-daily/install/bin/moar" perl6-debug.moarvm /home/coke/sandbox/rakudo-star-daily/star-MoarVM/rakudo-star-daily/install/bin/perl6-debug-m "/home/coke/sandbox/rakudo-star-daily/star-MoarVM/rakudo-star-daily/install/share/perl6/runtime" "" "/home/coke/sandbox/rakudo-star-daily/star-MoarVM/rakudo-star-daily/install/share/nqp/lib" "/home/coke/sandbox/rakudo-star-daily/star-MoarVM/rakudo-star-daily/install/share/perl6/lib" "/home/coke/sandbox/rakudo-star-daily/star-MoarVM/rakudo-star-daily/install/share/perl6/runtime"
/home/coke/perl5/perlbrew/perls/perl-5.20.1/bin/perl -MExtUtils::Command -e chmod 755 /home/coke/sandbox/rakudo-star-daily/star-MoarVM/rakudo-star-daily/install/bin/perl6-m
/home/coke/perl5/perlbrew/perls/perl-5.20.1/bin/perl tools/build/create-moar-runner.pl "/home/coke/sandbox/rakudo-star-daily/star-MoarVM/rakudo-star-daily/install/bin/moar" perl6.moarvm /home/coke/sandbox/rakudo-star-daily/star-MoarVM/rakudo-star-daily/install/bin/perl6-gdb-m "/home/coke/sandbox/rakudo-star-daily/star-MoarVM/rakudo-star-daily/install/share/perl6/runtime" "gdb" "/home/coke/sandbox/rakudo-star-daily/star-MoarVM/rakudo-star-daily/install/share/nqp/lib" "/home/coke/sandbox/rakudo-star-daily/star-MoarVM/rakudo-star-daily/install/share/perl6/lib" "/home/coke/sandbox/rakudo-star-daily/star-MoarVM/rakudo-star-daily/install/share/perl6/runtime"
/home/coke/perl5/perlbrew/perls/perl-5.20.1/bin/perl tools/build/create-moar-runner.pl "/home/coke/sandbox/rakudo-star-daily/star-MoarVM/rakudo-star-daily/install/bin/moar" perl6.moarvm /home/coke/sandbox/rakudo-star-daily/star-MoarVM/rakudo-star-daily/install/bin/perl6-valgrind-m "/home/coke/sandbox/rakudo-star-daily/star-MoarVM/rakudo-star-daily/install/share/perl6/runtime" "valgrind" "/home/coke/sandbox/rakudo-star-daily/star-MoarVM/rakudo-star-daily/install/share/nqp/lib" "/home/coke/sandbox/rakudo-star-daily/star-MoarVM/rakudo-star-daily/install/share/perl6/lib" "/home/coke/sandbox/rakudo-star-daily/star-MoarVM/rakudo-star-daily/install/share/perl6/runtime"
/home/coke/perl5/perlbrew/perls/perl-5.20.1/bin/perl tools/build/create-moar-runner.pl "/home/coke/sandbox/rakudo-star-daily/star-MoarVM/rakudo-star-daily/install/bin/moar" perl6.moarvm /home/coke/sandbox/rakudo-star-daily/star-MoarVM/rakudo-star-daily/install/bin/perl6-m "/home/coke/sandbox/rakudo-star-daily/star-MoarVM/rakudo-star-daily/install/share/perl6/runtime" "" "/home/coke/sandbox/rakudo-star-daily/star-MoarVM/rakudo-star-daily/install/share/nqp/lib" "/home/coke/sandbox/rakudo-star-daily/star-MoarVM/rakudo-star-daily/install/share/perl6/lib" "/home/coke/sandbox/rakudo-star-daily/star-MoarVM/rakudo-star-daily/install/share/perl6/runtime"
/home/coke/perl5/perlbrew/perls/perl-5.20.1/bin/perl -MExtUtils::Command -e cp /home/coke/sandbox/rakudo-star-daily/star-MoarVM/rakudo-star-daily/install/bin/perl6-m /home/coke/sandbox/rakudo-star-daily/star-MoarVM/rakudo-star-daily/install/bin/perl6
/home/coke/perl5/perlbrew/perls/perl-5.20.1/bin/perl -MExtUtils::Command -e chmod 755 /home/coke/sandbox/rakudo-star-daily/star-MoarVM/rakudo-star-daily/install/bin/perl6
make[1]: Leaving directory '/home/coke/sandbox/rakudo-star-daily/star-MoarVM/rakudo-star-daily/rakudo'
/home/coke/perl5/perlbrew/perls/perl-5.20.1/bin/perl -MExtUtils::Command -e cp /home/coke/sandbox/rakudo-star-daily/star-MoarVM/rakudo-star-daily/install/bin/perl6-m perl6
/home/coke/perl5/perlbrew/perls/perl-5.20.1/bin/perl -MExtUtils::Command -e chmod 755 perl6
== Installing modules for MoarVM
cd modules/panda && /home/coke/sandbox/rakudo-star-daily/star-MoarVM/rakudo-star-daily/install/bin/perl6-m bootstrap.pl
==> Bootstrapping Panda
==> Installing panda from a local directory '/home/coke/sandbox/rakudo-star-daily/star-MoarVM/rakudo-star-daily/modules/panda'
==> Fetching panda
==> Building panda
==> Testing panda
t/build-hook.t .. ok
t/builder.t ..... ok
t/common.t ...... ok
t/ecosystem.t ... ok
Copying lib/bar.pod to /home/coke/sandbox/rakudo-star-daily/star-MoarVM/rakudo-star-daily/modules/panda/.panda-work/1459369037_1/removeme/lib/bar.pod
Copying lib/foo.jar to /home/coke/sandbox/rakudo-star-daily/star-MoarVM/rakudo-star-daily/modules/panda/.panda-work/1459369037_1/removeme/lib/foo.jar
Copying lib/baz.js to /home/coke/sandbox/rakudo-star-daily/star-MoarVM/rakudo-star-daily/modules/panda/.panda-work/1459369037_1/removeme/lib/baz.js
Copying lib/foo.pm to /home/coke/sandbox/rakudo-star-daily/star-MoarVM/rakudo-star-daily/modules/panda/.panda-work/1459369037_1/removeme/lib/foo.pm
Copying lib/foo.pir to /home/coke/sandbox/rakudo-star-daily/star-MoarVM/rakudo-star-daily/modules/panda/.panda-work/1459369037_1/removeme/lib/foo.pir
Copying lib/foo.moarvm to /home/coke/sandbox/rakudo-star-daily/star-MoarVM/rakudo-star-daily/modules/panda/.panda-work/1459369037_1/removeme/lib/foo.moarvm
Copying bin/bar to /home/coke/sandbox/rakudo-star-daily/star-MoarVM/rakudo-star-daily/modules/panda/.panda-work/1459369037_1/removeme/bin/bar
t/installer.t ... ok
t/tester.t ...... ok
All tests successful.
Files=6, Tests=33, 18 wallclock secs ( 0.04 usr  0.01 sys + 16.63 cusr  0.93 csys = 17.61 CPU)
Result: PASS
==> Installing panda
==> Successfully installed panda
==> Please make sure that /home/coke/sandbox/rakudo-star-daily/star-MoarVM/rakudo-star-daily/install/share/perl6/site/bin is in your PATH
/home/coke/perl5/perlbrew/perls/perl-5.20.1/bin/perl tools/build/module-install.pl /home/coke/sandbox/rakudo-star-daily/star-MoarVM/rakudo-star-daily/install/bin/perl6-m /home/coke/sandbox/rakudo-star-daily/star-MoarVM/rakudo-star-daily/install/share/perl6/site/bin/panda-m modules/MODULES.txt
==> Installing XML::Writer from a local directory 'modules/xml-writer'
==> Fetching XML::Writer
==> Building XML::Writer
==> Testing XML::Writer
t/escaping.t ... ok
t/structure.t .. ok
All tests successful.
Files=2, Tests=11,  3 wallclock secs ( 0.02 usr  0.00 sys +  2.79 cusr  0.16 csys =  2.97 CPU)
Result: PASS
==> Installing XML::Writer
==> Successfully installed XML::Writer
==> Installing SVG from a local directory 'modules/svg'
==> Fetching SVG
==> Building SVG
==> Testing SVG
t/basics.t .. ok
All tests successful.
Files=1, Tests=3,  3 wallclock secs ( 0.02 usr  0.01 sys +  2.81 cusr  0.14 csys =  2.98 CPU)
Result: PASS
==> Installing SVG
==> Successfully installed SVG
==> Installing SVG::Plot from a local directory 'modules/svg-plot'
==> Fetching SVG::Plot
==> Building SVG::Plot
==> Testing SVG::Plot
t/series.t .. ok
t/ticks.t ... ok
All tests successful.
Files=2, Tests=10,  5 wallclock secs ( 0.02 usr  0.00 sys +  4.80 cusr  0.26 csys =  5.08 CPU)
Result: PASS
==> Installing SVG::Plot
==> Successfully installed SVG::Plot
==> Installing Terminal::ANSIColor from a local directory 'modules/Terminal-ANSIColor'
==> Fetching Terminal::ANSIColor
==> Building Terminal::ANSIColor
==> Testing Terminal::ANSIColor
t/00-load.t .. ok
All tests successful.
Files=1, Tests=1,  2 wallclock secs ( 0.02 usr  0.00 sys +  2.38 cusr  0.12 csys =  2.52 CPU)
Result: PASS
==> Installing Terminal::ANSIColor
==> Successfully installed Terminal::ANSIColor
==> Installing Test::Mock from a local directory 'modules/test-mock'
==> Fetching Test::Mock
==> Building Test::Mock
==> Testing Test::Mock
t/returning.t .. ok
t/synopsis.t ... ok
t/with.t ....... ok
All tests successful.
Files=3, Tests=13,  3 wallclock secs ( 0.03 usr  0.02 sys +  3.04 cusr  0.18 csys =  3.27 CPU)
Result: PASS
==> Installing Test::Mock
==> Successfully installed Test::Mock
==> Installing Grammar::Profiler::Simple from a local directory 'modules/Grammar-Profiler-Simple'
==> Fetching Grammar::Profiler::Simple
==> Building Grammar::Profiler::Simple
==> Testing Grammar::Profiler::Simple
t/csv.t .. ok
All tests successful.
Files=1, Tests=15,  3 wallclock secs ( 0.03 usr  0.00 sys +  2.25 cusr  0.10 csys =  2.38 CPU)
Result: PASS
==> Installing Grammar::Profiler::Simple
==> Successfully installed Grammar::Profiler::Simple
==> Installing Grammar::Debugger from a local directory 'modules/grammar-debugger'
==> Fetching Grammar::Debugger
==> Building Grammar::Debugger
==> Testing Grammar::Debugger
t/debugger.t .. ok
t/tracer.t .... ok
All tests successful.
Files=2, Tests=2,  5 wallclock secs ( 0.02 usr  0.00 sys +  4.18 cusr  0.27 csys =  4.47 CPU)
Result: PASS
==> Installing Grammar::Debugger
==> Successfully installed Grammar::Debugger
==> Installing MIME::Base64 from a local directory 'modules/Perl6-MIME-Base64'
==> Fetching MIME::Base64
==> Building MIME::Base64
==> Testing MIME::Base64
t/basic.t ................. ok
t/binary-and-long-line.t .. ok
t/oneline.t ............... ok
t/rfc4648-test-vector.t ... ok
All tests successful.
Files=4, Tests=47,  5 wallclock secs ( 0.03 usr  0.01 sys +  4.66 cusr  0.32 csys =  5.02 CPU)
Result: PASS
==> Installing MIME::Base64
==> Successfully installed MIME::Base64
==> Installing URI from a local directory 'modules/uri'
==> Fetching URI
==> Building URI
==> Testing URI
t/01.t ................... ok
t/escape.t ............... ok
t/november-urlencoded.t .. ok
t/rfc-3986-examples.t .... ok
All tests successful.
Files=4, Tests=93,  8 wallclock secs ( 0.04 usr  0.00 sys +  7.55 cusr  0.43 csys =  8.02 CPU)
Result: PASS
==> Installing URI
==> Successfully installed URI
==> Installing LWP::Simple from a local directory 'modules/perl6-lwp-simple'
==> Fetching LWP::Simple
==> Building LWP::Simple
==> Testing LWP::Simple
t/000-load-module.t ............. ok
t/basic-auth.t .................. ok
t/custom-headers-and-content.t .. ok
t/get-binary-camelia.t .......... ok
t/get-chunked-6guts.t ........... ok
t/get-perl6-org.t ............... ok
t/get-unsized.t ................. ok
t/get-w3-latin1-utf8.t .......... ok
t/get-w3-redirect.t ............. ok
t/getstore.t .................... ok
t/parse-url.t ................... ok
t/socket-sanity.t ............... ok
t/stringify-headers.t ........... ok
All tests successful.
Files=13, Tests=56, 21 wallclock secs ( 0.06 usr  0.02 sys + 16.30 cusr  0.98 csys = 17.36 CPU)
Result: PASS
==> Installing LWP::Simple
==> Successfully installed LWP::Simple
==> Installing JSON::Tiny from a local directory 'modules/json'
==> Fetching JSON::Tiny
==> Building JSON::Tiny
==> Testing JSON::Tiny
t/01-parse.t ...... ok
t/02-structure.t .. ok
t/03-unicode.t .... ok
t/04-roundtrip.t .. ok
t/05-utf16.t ...... ok
All tests successful.
Files=5, Tests=122,  6 wallclock secs ( 0.06 usr  0.01 sys +  5.38 cusr  0.36 csys =  5.81 CPU)
Result: PASS
==> Installing JSON::Tiny
==> Successfully installed JSON::Tiny
==> Installing Digest::MD5 from a local directory 'modules/perl6-digest-md5'
==> Fetching Digest::MD5
==> Building Digest::MD5
==> Testing Digest::MD5
t/0-load-module.t .. ok
t/1-readme.t ....... ok
t/perl5-compat.t ... ok
All tests successful.
Files=3, Tests=28,  6 wallclock secs ( 0.03 usr  0.00 sys +  5.68 cusr  0.24 csys =  5.95 CPU)
Result: PASS
==> Installing Digest::MD5
==> Successfully installed Digest::MD5
==> Installing HTTP::Status from a local directory 'modules/perl6-http-status'
==> Fetching HTTP::Status
==> Building HTTP::Status
==> Testing HTTP::Status
t/01-basic.t ..... ok
t/02-is-tests.t .. ok
All tests successful.
Files=2, Tests=46,  2 wallclock secs ( 0.03 usr  0.00 sys +  2.49 cusr  0.16 csys =  2.68 CPU)
Result: PASS
==> Installing HTTP::Status
==> Successfully installed HTTP::Status
==> Installing Template::Mustache from a local directory 'modules/p6-Template-Mustache'
==> Fetching Template::Mustache
==> Building Template::Mustache
==> Testing Template::Mustache
t/01-basic.t ....... ok
t/02-file.t ........ ok
t/03-cascade.t ..... ok
t/04-lambda.t ...... ok
t/10-objects.t ..... ok
t/50-readme.t ...... ok
t/91-specs.t ....... ok
t/92-specs-file.t .. ok
All tests successful.
Files=8, Tests=27,  8 wallclock secs ( 0.05 usr  0.01 sys +  7.70 cusr  0.40 csys =  8.16 CPU)
Result: PASS
==> Installing Template::Mustache
==> Successfully installed Template::Mustache
==> Installing PSGI from a local directory 'modules/PSGI'
==> Fetching PSGI
==> Building PSGI
==> Testing PSGI
t/encode-psgi-response.t .. ok
t/populate-psgi-env.t ..... ok
All tests successful.
Files=2, Tests=28,  4 wallclock secs ( 0.03 usr  0.00 sys +  3.43 cusr  0.20 csys =  3.66 CPU)
Result: PASS
==> Installing PSGI
==> Successfully installed PSGI
==> Installing HTTP::Easy from a local directory 'modules/perl6-http-easy'
==> Fetching HTTP::Easy
==> Building HTTP::Easy
==> Testing HTTP::Easy
t/01-load.t .. ok
All tests successful.
Files=1, Tests=2,  5 wallclock secs ( 0.02 usr  0.00 sys +  4.51 cusr  0.27 csys =  4.80 CPU)
Result: PASS
==> Installing HTTP::Easy
==> Successfully installed HTTP::Easy
==> Installing Template::Mojo from a local directory 'modules/Template-Mojo'
==> Fetching Template::Mojo
Please remove leading 'v' from perl version in Template::Mojo's meta info.
==> Building Template::Mojo
==> Testing Template::Mojo
WARNINGS for /home/coke/sandbox/rakudo-star-daily/star-MoarVM/rakudo-star-daily/.panda-work/1459369317_1/EVAL_7:
Useless use of constant string "blarg" in sink context (line 1)
WARNINGS for /home/coke/sandbox/rakudo-star-daily/star-MoarVM/rakudo-star-daily/.panda-work/1459369317_1/EVAL_13:
Useless use of constant integer 0 in sink context (line 1)
t/00-basic.t ..... ok
t/01-template.t .. ok
t/02-complex.t ... ok
t/03-capture.t ... ok
All tests successful.
Files=4, Tests=22,  5 wallclock secs ( 0.03 usr  0.00 sys +  4.32 cusr  0.25 csys =  4.60 CPU)
Result: PASS
==> Installing Template::Mojo
==> Successfully installed Template::Mojo
==> Installing Bailador from a local directory 'modules/Bailador'
==> Fetching Bailador
==> Building Bailador
==> Testing Bailador
t/01-route-existance.t ..... ok
t/03-response-content.t .... ok
t/04-templates-mustache.t .. ok
t/04-templates.t ........... ok
t/05-post-content.t ........ ok
t/06-cookies.t ............. ok
t/07-errors.t .............. ok
All tests successful.
Files=7, Tests=551, 26 wallclock secs ( 0.15 usr  0.02 sys + 25.00 cusr  1.25 csys = 26.42 CPU)
Result: PASS
==> Installing Bailador
==> Successfully installed Bailador
==> Installing DBIish from a local directory 'modules/DBIish'
==> Fetching DBIish
==> Building DBIish
==> Testing DBIish
t/01-Basic.t .............. ok
t/05-mock.t ............... ok
# Connect failed with error DBDish::mysql: Can't connect: Can't connect to local MySQL server through socket '/var/run/mysqld/mysqld.sock' (2)
t/10-mysql.t .............. ok
# DBDish::mysql: Can't connect: Can't connect to local MySQL server through socket '/var/run/mysqld/mysqld.sock' (2)
# Can't continue.
t/25-mysql-common.t ....... ok
t/26-mysql-blob.t ......... ok
t/30-pg.t ................. ok
# DBDish::Pg: Can't connect: FATAL:  Peer authentication failed for user "postgres"
#  (1)
# Can't continue.
t/35-pg-common.t .......... ok
t/36-pg-array.t ........... ok
t/36-pg-blob.t ............ ok
t/36-pg-native.t .......... ok
t/40-sqlite-common.t ...... ok
# DBDish::SQLite: Error: UNIQUE constraint failed: with_unique.a, with_unique.b (19)
t/41-sqlite-exec-error.t .. ok
t/42-sqlite-blob.t ........ ok
# DBIish: DBDish::Oracle needs 'libclntsh.so.12.1', not found
# Can't continue.
t/45-oracle-common.t ...... ok
All tests successful.
Files=14, Tests=656, 59 wallclock secs ( 0.11 usr  0.03 sys + 55.61 cusr  2.46 csys = 58.21 CPU)
Result: PASS
==> Installing DBIish
==> Successfully installed DBIish
==> Installing JSON::RPC from a local directory 'modules/jsonrpc'
==> Fetching JSON::RPC
==> Building JSON::RPC
==> Testing JSON::RPC
t/client.t .. ok
t/server.t .. ok
All tests successful.
Files=2, Tests=68, 21 wallclock secs ( 0.03 usr  0.00 sys + 19.57 cusr  1.02 csys = 20.62 CPU)
Result: PASS
==> Installing JSON::RPC
==> Successfully installed JSON::RPC
==> Installing Pod::To::HTML from a local directory 'modules/Pod-To-HTML'
==> Fetching Pod::To::HTML
==> Building Pod::To::HTML
==> Testing Pod::To::HTML
t/01-basic.t ............. ok
t/02-code.t .............. ok
t/03-comment.t ........... ok
t/04-lists.t ............. ok
t/05-zero-width-index.t .. ok
All tests successful.
Files=5, Tests=10,  8 wallclock secs ( 0.03 usr  0.01 sys +  7.68 cusr  0.37 csys =  8.09 CPU)
Result: PASS
==> Installing Pod::To::HTML
==> Successfully installed Pod::To::HTML
==> Installing File::Directory::Tree from a local directory 'modules/p6-file-directory-tree'
==> Fetching File::Directory::Tree
==> Building File::Directory::Tree
==> Testing File::Directory::Tree
t/basic.t .. ok
All tests successful.
Files=1, Tests=7,  2 wallclock secs ( 0.02 usr  0.00 sys +  2.17 cusr  0.09 csys =  2.28 CPU)
Result: PASS
==> Installing File::Directory::Tree
==> Successfully installed File::Directory::Tree
==> Installing File::Temp from a local directory 'modules/p6-File-Temp'
==> Fetching File::Temp
==> Building File::Temp
==> Testing File::Temp
t/01-load.t ....... ok
t/02-stress_gc.t .. ok
t/03-tempfile.t ... ok
All tests successful.
Files=3, Tests=18,  5 wallclock secs ( 0.02 usr  0.01 sys +  5.54 cusr  0.22 csys =  5.79 CPU)
Result: PASS
==> Installing File::Temp
==> Successfully installed File::Temp
==> Installing p6doc from a local directory 'modules/doc'
panda provides the requested Panda
==> Fetching p6doc
==> Building p6doc
Copying doc/Type/BagHash.pod to /home/coke/sandbox/rakudo-star-daily/star-MoarVM/rakudo-star-daily/install/share/perl6/site/../doc/Type/BagHash.pod
Copying doc/Type/Bool.pod to /home/coke/sandbox/rakudo-star-daily/star-MoarVM/rakudo-star-daily/install/share/perl6/site/../doc/Type/Bool.pod
Copying doc/Type/Code.pod to /home/coke/sandbox/rakudo-star-daily/star-MoarVM/rakudo-star-daily/install/share/perl6/site/../doc/Type/Code.pod
Copying doc/Type/Variable.pod to /home/coke/sandbox/rakudo-star-daily/star-MoarVM/rakudo-star-daily/install/share/perl6/site/../doc/Type/Variable.pod
Copying doc/Type/IO.pod to /home/coke/sandbox/rakudo-star-daily/star-MoarVM/rakudo-star-daily/install/share/perl6/site/../doc/Type/IO.pod
Copying doc/Type/Stash.pod to /home/coke/sandbox/rakudo-star-daily/star-MoarVM/rakudo-star-daily/install/share/perl6/site/../doc/Type/Stash.pod
Copying doc/Type/Positional.pod to /home/coke/sandbox/rakudo-star-daily/star-MoarVM/rakudo-star-daily/install/share/perl6/site/../doc/Type/Positional.pod
Copying doc/Type/Lock.pod to /home/coke/sandbox/rakudo-star-daily/star-MoarVM/rakudo-star-daily/install/share/perl6/site/../doc/Type/Lock.pod
Copying doc/Type/Rational.pod to /home/coke/sandbox/rakudo-star-daily/star-MoarVM/rakudo-star-daily/install/share/perl6/site/../doc/Type/Rational.pod
Copying doc/Type/Capture.pod to /home/coke/sandbox/rakudo-star-daily/star-MoarVM/rakudo-star-daily/install/share/perl6/site/../doc/Type/Capture.pod
Copying doc/Type/Instant.pod to /home/coke/sandbox/rakudo-star-daily/star-MoarVM/rakudo-star-daily/install/share/perl6/site/../doc/Type/Instant.pod
Copying doc/Type/Thread.pod to /home/coke/sandbox/rakudo-star-daily/star-MoarVM/rakudo-star-daily/install/share/perl6/site/../doc/Type/Thread.pod
Copying doc/Type/Proc.pod to /home/coke/sandbox/rakudo-star-daily/star-MoarVM/rakudo-star-daily/install/share/perl6/site/../doc/Type/Proc.pod
Copying doc/Type/NFD.pod to /home/coke/sandbox/rakudo-star-daily/star-MoarVM/rakudo-star-daily/install/share/perl6/site/../doc/Type/NFD.pod
Copying doc/Type/Int.pod to /home/coke/sandbox/rakudo-star-daily/star-MoarVM/rakudo-star-daily/install/share/perl6/site/../doc/Type/Int.pod
Copying doc/Type/Proxy.pod to /home/coke/sandbox/rakudo-star-daily/star-MoarVM/rakudo-star-daily/install/share/perl6/site/../doc/Type/Proxy.pod
Copying doc/Type/Duration.pod to /home/coke/sandbox/rakudo-star-daily/star-MoarVM/rakudo-star-daily/install/share/perl6/site/../doc/Type/Duration.pod
Copying doc/Type/Associative.pod to /home/coke/sandbox/rakudo-star-daily/star-MoarVM/rakudo-star-daily/install/share/perl6/site/../doc/Type/Associative.pod
Copying doc/Type/NFC.pod to /home/coke/sandbox/rakudo-star-daily/star-MoarVM/rakudo-star-daily/install/share/perl6/site/../doc/Type/NFC.pod
Copying doc/Type/Seq.pod to /home/coke/sandbox/rakudo-star-daily/star-MoarVM/rakudo-star-daily/install/share/perl6/site/../doc/Type/Seq.pod
Copying doc/Type/Routine.pod to /home/coke/sandbox/rakudo-star-daily/star-MoarVM/rakudo-star-daily/install/share/perl6/site/../doc/Type/Routine.pod
Copying doc/Type/Array.pod to /home/coke/sandbox/rakudo-star-daily/star-MoarVM/rakudo-star-daily/install/share/perl6/site/../doc/Type/Array.pod
Copying doc/Type/Cool.pod to /home/coke/sandbox/rakudo-star-daily/star-MoarVM/rakudo-star-daily/install/share/perl6/site/../doc/Type/Cool.pod
Copying doc/Type/Any.pod to /home/coke/sandbox/rakudo-star-daily/star-MoarVM/rakudo-star-daily/install/share/perl6/site/../doc/Type/Any.pod
Copying doc/Type/Real.pod to /home/coke/sandbox/rakudo-star-daily/star-MoarVM/rakudo-star-daily/install/share/perl6/site/../doc/Type/Real.pod
Copying doc/Type/Supply.pod to /home/coke/sandbox/rakudo-star-daily/star-MoarVM/rakudo-star-daily/install/share/perl6/site/../doc/Type/Supply.pod
Copying doc/Type/Baggy.pod to /home/coke/sandbox/rakudo-star-daily/star-MoarVM/rakudo-star-daily/install/share/perl6/site/../doc/Type/Baggy.pod
Copying doc/Type/Grammar.pod to /home/coke/sandbox/rakudo-star-daily/star-MoarVM/rakudo-star-daily/install/share/perl6/site/../doc/Type/Grammar.pod
Copying doc/Type/Macro.pod to /home/coke/sandbox/rakudo-star-daily/star-MoarVM/rakudo-star-daily/install/share/perl6/site/../doc/Type/Macro.pod
Copying doc/Type/CurrentThreadScheduler.pod to /home/coke/sandbox/rakudo-star-daily/star-MoarVM/rakudo-star-daily/install/share/perl6/site/../doc/Type/CurrentThreadScheduler.pod
Copying doc/Type/Slip.pod to /home/coke/sandbox/rakudo-star-daily/star-MoarVM/rakudo-star-daily/install/share/perl6/site/../doc/Type/Slip.pod
Copying doc/Type/Failure.pod to /home/coke/sandbox/rakudo-star-daily/star-MoarVM/rakudo-star-daily/install/share/perl6/site/../doc/Type/Failure.pod
Copying doc/Type/Regex.pod to /home/coke/sandbox/rakudo-star-daily/star-MoarVM/rakudo-star-daily/install/share/perl6/site/../doc/Type/Regex.pod
Copying doc/Type/Whatever.pod to /home/coke/sandbox/rakudo-star-daily/star-MoarVM/rakudo-star-daily/install/share/perl6/site/../doc/Type/Whatever.pod
Copying doc/Type/Set.pod to /home/coke/sandbox/rakudo-star-daily/star-MoarVM/rakudo-star-daily/install/share/perl6/site/../doc/Type/Set.pod
Copying doc/Type/Mixy.pod to /home/coke/sandbox/rakudo-star-daily/star-MoarVM/rakudo-star-daily/install/share/perl6/site/../doc/Type/Mixy.pod
Copying doc/Type/Dateish.pod to /home/coke/sandbox/rakudo-star-daily/star-MoarVM/rakudo-star-daily/install/share/perl6/site/../doc/Type/Dateish.pod
Copying doc/Type/Bag.pod to /home/coke/sandbox/rakudo-star-daily/star-MoarVM/rakudo-star-daily/install/share/perl6/site/../doc/Type/Bag.pod
Copying doc/Type/Num.pod to /home/coke/sandbox/rakudo-star-daily/star-MoarVM/rakudo-star-daily/install/share/perl6/site/../doc/Type/Num.pod
Copying doc/Type/Buf.pod to /home/coke/sandbox/rakudo-star-daily/star-MoarVM/rakudo-star-daily/install/share/perl6/site/../doc/Type/Buf.pod
Copying doc/Type/Scalar.pod to /home/coke/sandbox/rakudo-star-daily/star-MoarVM/rakudo-star-daily/install/share/perl6/site/../doc/Type/Scalar.pod
Copying doc/Type/Promise.pod to /home/coke/sandbox/rakudo-star-daily/star-MoarVM/rakudo-star-daily/install/share/perl6/site/../doc/Type/Promise.pod
Copying doc/Type/SetHash.pod to /home/coke/sandbox/rakudo-star-daily/star-MoarVM/rakudo-star-daily/install/share/perl6/site/../doc/Type/SetHash.pod
Copying doc/Type/Stringy.pod to /home/coke/sandbox/rakudo-star-daily/star-MoarVM/rakudo-star-daily/install/share/perl6/site/../doc/Type/Stringy.pod
Copying doc/Type/AST.pod to /home/coke/sandbox/rakudo-star-daily/star-MoarVM/rakudo-star-daily/install/share/perl6/site/../doc/Type/AST.pod
Copying doc/Type/Setty.pod to /home/coke/sandbox/rakudo-star-daily/star-MoarVM/rakudo-star-daily/install/share/perl6/site/../doc/Type/Setty.pod
Copying doc/Type/Iterator.pod to /home/coke/sandbox/rakudo-star-daily/star-MoarVM/rakudo-star-daily/install/share/perl6/site/../doc/Type/Iterator.pod
Copying doc/Type/Supplier.pod to /home/coke/sandbox/rakudo-star-daily/star-MoarVM/rakudo-star-daily/install/share/perl6/site/../doc/Type/Supplier.pod
Copying doc/Type/Date.pod to /home/coke/sandbox/rakudo-star-daily/star-MoarVM/rakudo-star-daily/install/share/perl6/site/../doc/Type/Date.pod
Copying doc/Type/Tap.pod to /home/coke/sandbox/rakudo-star-daily/star-MoarVM/rakudo-star-daily/install/share/perl6/site/../doc/Type/Tap.pod
Copying doc/Type/Mu.pod to /home/coke/sandbox/rakudo-star-daily/star-MoarVM/rakudo-star-daily/install/share/perl6/site/../doc/Type/Mu.pod
Copying doc/Type/QuantHash.pod to /home/coke/sandbox/rakudo-star-daily/star-MoarVM/rakudo-star-daily/install/share/perl6/site/../doc/Type/QuantHash.pod
Copying doc/Type/Mix.pod to /home/coke/sandbox/rakudo-star-daily/star-MoarVM/rakudo-star-daily/install/share/perl6/site/../doc/Type/Mix.pod
Copying doc/Type/Attribute.pod to /home/coke/sandbox/rakudo-star-daily/star-MoarVM/rakudo-star-daily/install/share/perl6/site/../doc/Type/Attribute.pod
Copying doc/Type/Semaphore.pod to /home/coke/sandbox/rakudo-star-daily/star-MoarVM/rakudo-star-daily/install/share/perl6/site/../doc/Type/Semaphore.pod
Copying doc/Type/WhateverCode.pod to /home/coke/sandbox/rakudo-star-daily/star-MoarVM/rakudo-star-daily/install/share/perl6/site/../doc/Type/WhateverCode.pod
Copying doc/Type/Uni.pod to /home/coke/sandbox/rakudo-star-daily/star-MoarVM/rakudo-star-daily/install/share/perl6/site/../doc/Type/Uni.pod
Copying doc/Type/Rat.pod to /home/coke/sandbox/rakudo-star-daily/star-MoarVM/rakudo-star-daily/install/share/perl6/site/../doc/Type/Rat.pod
Copying doc/Type/Method.pod to /home/coke/sandbox/rakudo-star-daily/star-MoarVM/rakudo-star-daily/install/share/perl6/site/../doc/Type/Method.pod
Copying doc/Type/Blob.pod to /home/coke/sandbox/rakudo-star-daily/star-MoarVM/rakudo-star-daily/install/share/perl6/site/../doc/Type/Blob.pod
Copying doc/Type/Channel.pod to /home/coke/sandbox/rakudo-star-daily/star-MoarVM/rakudo-star-daily/install/share/perl6/site/../doc/Type/Channel.pod
Copying doc/Type/Nil.pod to /home/coke/sandbox/rakudo-star-daily/star-MoarVM/rakudo-star-daily/install/share/perl6/site/../doc/Type/Nil.pod
Copying doc/Type/DateTime.pod to /home/coke/sandbox/rakudo-star-daily/star-MoarVM/rakudo-star-daily/install/share/perl6/site/../doc/Type/DateTime.pod
Copying doc/Type/NFKC.pod to /home/coke/sandbox/rakudo-star-daily/star-MoarVM/rakudo-star-daily/install/share/perl6/site/../doc/Type/NFKC.pod
Copying doc/Type/NFKD.pod to /home/coke/sandbox/rakudo-star-daily/star-MoarVM/rakudo-star-daily/install/share/perl6/site/../doc/Type/NFKD.pod
Copying doc/Type/Label.pod to /home/coke/sandbox/rakudo-star-daily/star-MoarVM/rakudo-star-daily/install/share/perl6/site/../doc/Type/Label.pod
Copying doc/Type/Backtrace.pod to /home/coke/sandbox/rakudo-star-daily/star-MoarVM/rakudo-star-daily/install/share/perl6/site/../doc/Type/Backtrace.pod
Copying doc/Type/Hash.pod to /home/coke/sandbox/rakudo-star-daily/star-MoarVM/rakudo-star-daily/install/share/perl6/site/../doc/Type/Hash.pod
Copying doc/Type/PositionalBindFailover.pod to /home/coke/sandbox/rakudo-star-daily/star-MoarVM/rakudo-star-daily/install/share/perl6/site/../doc/Type/PositionalBindFailover.pod
Copying doc/Type/MixHash.pod to /home/coke/sandbox/rakudo-star-daily/star-MoarVM/rakudo-star-daily/install/share/perl6/site/../doc/Type/MixHash.pod
Copying doc/Type/Callable.pod to /home/coke/sandbox/rakudo-star-daily/star-MoarVM/rakudo-star-daily/install/share/perl6/site/../doc/Type/Callable.pod
Copying doc/Type/Parameter.pod to /home/coke/sandbox/rakudo-star-daily/star-MoarVM/rakudo-star-daily/install/share/perl6/site/../doc/Type/Parameter.pod
Copying doc/Type/Str.pod to /home/coke/sandbox/rakudo-star-daily/star-MoarVM/rakudo-star-daily/install/share/perl6/site/../doc/Type/Str.pod
Copying doc/Type/Block.pod to /home/coke/sandbox/rakudo-star-daily/star-MoarVM/rakudo-star-daily/install/share/perl6/site/../doc/Type/Block.pod
Copying doc/Type/ThreadPoolScheduler.pod to /home/coke/sandbox/rakudo-star-daily/star-MoarVM/rakudo-star-daily/install/share/perl6/site/../doc/Type/ThreadPoolScheduler.pod
Copying doc/Type/Pair.pod to /home/coke/sandbox/rakudo-star-daily/star-MoarVM/rakudo-star-daily/install/share/perl6/site/../doc/Type/Pair.pod
Copying doc/Type/Map.pod to /home/coke/sandbox/rakudo-star-daily/star-MoarVM/rakudo-star-daily/install/share/perl6/site/../doc/Type/Map.pod
Copying doc/Type/Submethod.pod to /home/coke/sandbox/rakudo-star-daily/star-MoarVM/rakudo-star-daily/install/share/perl6/site/../doc/Type/Submethod.pod
Copying doc/Type/Signature.pod to /home/coke/sandbox/rakudo-star-daily/star-MoarVM/rakudo-star-daily/install/share/perl6/site/../doc/Type/Signature.pod
Copying doc/Type/Cursor.pod to /home/coke/sandbox/rakudo-star-daily/star-MoarVM/rakudo-star-daily/install/share/perl6/site/../doc/Type/Cursor.pod
Copying doc/Type/nativeInt.pod to /home/coke/sandbox/rakudo-star-daily/star-MoarVM/rakudo-star-daily/install/share/perl6/site/../doc/Type/nativeInt.pod
Copying doc/Type/Complex.pod to /home/coke/sandbox/rakudo-star-daily/star-MoarVM/rakudo-star-daily/install/share/perl6/site/../doc/Type/Complex.pod
Copying doc/Type/Junction.pod to /home/coke/sandbox/rakudo-star-daily/star-MoarVM/rakudo-star-daily/install/share/perl6/site/../doc/Type/Junction.pod
Copying doc/Type/Exception.pod to /home/coke/sandbox/rakudo-star-daily/star-MoarVM/rakudo-star-daily/install/share/perl6/site/../doc/Type/Exception.pod
Copying doc/Type/Numeric.pod to /home/coke/sandbox/rakudo-star-daily/star-MoarVM/rakudo-star-daily/install/share/perl6/site/../doc/Type/Numeric.pod
Copying doc/Type/Range.pod to /home/coke/sandbox/rakudo-star-daily/star-MoarVM/rakudo-star-daily/install/share/perl6/site/../doc/Type/Range.pod
Copying doc/Type/Match.pod to /home/coke/sandbox/rakudo-star-daily/star-MoarVM/rakudo-star-daily/install/share/perl6/site/../doc/Type/Match.pod
Copying doc/Type/ObjAt.pod to /home/coke/sandbox/rakudo-star-daily/star-MoarVM/rakudo-star-daily/install/share/perl6/site/../doc/Type/ObjAt.pod
Copying doc/Type/Sub.pod to /home/coke/sandbox/rakudo-star-daily/star-MoarVM/rakudo-star-daily/install/share/perl6/site/../doc/Type/Sub.pod
Copying doc/Type/Iterable.pod to /home/coke/sandbox/rakudo-star-daily/star-MoarVM/rakudo-star-daily/install/share/perl6/site/../doc/Type/Iterable.pod
Copying doc/Type/FatRat.pod to /home/coke/sandbox/rakudo-star-daily/star-MoarVM/rakudo-star-daily/install/share/perl6/site/../doc/Type/FatRat.pod
Copying doc/Type/Scheduler.pod to /home/coke/sandbox/rakudo-star-daily/star-MoarVM/rakudo-star-daily/install/share/perl6/site/../doc/Type/Scheduler.pod
Copying doc/Type/Version.pod to /home/coke/sandbox/rakudo-star-daily/star-MoarVM/rakudo-star-daily/install/share/perl6/site/../doc/Type/Version.pod
Copying doc/Type/List.pod to /home/coke/sandbox/rakudo-star-daily/star-MoarVM/rakudo-star-daily/install/share/perl6/site/../doc/Type/List.pod
Copying doc/Language/about.pod to /home/coke/sandbox/rakudo-star-daily/star-MoarVM/rakudo-star-daily/install/share/perl6/site/../doc/Language/about.pod
Copying doc/Language/nativecall.pod to /home/coke/sandbox/rakudo-star-daily/star-MoarVM/rakudo-star-daily/install/share/perl6/site/../doc/Language/nativecall.pod
Copying doc/Language/regexes.pod to /home/coke/sandbox/rakudo-star-daily/star-MoarVM/rakudo-star-daily/install/share/perl6/site/../doc/Language/regexes.pod
Copying doc/Language/traps.pod to /home/coke/sandbox/rakudo-star-daily/star-MoarVM/rakudo-star-daily/install/share/perl6/site/../doc/Language/traps.pod
Copying doc/Language/unicode_texas.pod to /home/coke/sandbox/rakudo-star-daily/star-MoarVM/rakudo-star-daily/install/share/perl6/site/../doc/Language/unicode_texas.pod
Copying doc/Language/performance.pod to /home/coke/sandbox/rakudo-star-daily/star-MoarVM/rakudo-star-daily/install/share/perl6/site/../doc/Language/performance.pod
Copying doc/Language/modules-extra.pod to /home/coke/sandbox/rakudo-star-daily/star-MoarVM/rakudo-star-daily/install/share/perl6/site/../doc/Language/modules-extra.pod
Copying doc/Language/objects.pod to /home/coke/sandbox/rakudo-star-daily/star-MoarVM/rakudo-star-daily/install/share/perl6/site/../doc/Language/objects.pod
Copying doc/Language/io.pod to /home/coke/sandbox/rakudo-star-daily/star-MoarVM/rakudo-star-daily/install/share/perl6/site/../doc/Language/io.pod
Copying doc/Language/mop.pod to /home/coke/sandbox/rakudo-star-daily/star-MoarVM/rakudo-star-daily/install/share/perl6/site/../doc/Language/mop.pod
Copying doc/Language/modules.pod to /home/coke/sandbox/rakudo-star-daily/star-MoarVM/rakudo-star-daily/install/share/perl6/site/../doc/Language/modules.pod
Copying doc/Language/glossary.pod to /home/coke/sandbox/rakudo-star-daily/star-MoarVM/rakudo-star-daily/install/share/perl6/site/../doc/Language/glossary.pod
Copying doc/Language/5to6-perlsyn.pod to /home/coke/sandbox/rakudo-star-daily/star-MoarVM/rakudo-star-daily/install/share/perl6/site/../doc/Language/5to6-perlsyn.pod
Copying doc/Language/list.pod to /home/coke/sandbox/rakudo-star-daily/star-MoarVM/rakudo-star-daily/install/share/perl6/site/../doc/Language/list.pod
Copying doc/Language/functions.pod to /home/coke/sandbox/rakudo-star-daily/star-MoarVM/rakudo-star-daily/install/share/perl6/site/../doc/Language/functions.pod
Copying doc/Language/syntax.pod to /home/coke/sandbox/rakudo-star-daily/star-MoarVM/rakudo-star-daily/install/share/perl6/site/../doc/Language/syntax.pod
Copying doc/Language/testing.pod to /home/coke/sandbox/rakudo-star-daily/star-MoarVM/rakudo-star-daily/install/share/perl6/site/../doc/Language/testing.pod
Copying doc/Language/concurrency.pod to /home/coke/sandbox/rakudo-star-daily/star-MoarVM/rakudo-star-daily/install/share/perl6/site/../doc/Language/concurrency.pod
Copying doc/Language/grammars.pod to /home/coke/sandbox/rakudo-star-daily/star-MoarVM/rakudo-star-daily/install/share/perl6/site/../doc/Language/grammars.pod
Copying doc/Language/quoting.pod to /home/coke/sandbox/rakudo-star-daily/star-MoarVM/rakudo-star-daily/install/share/perl6/site/../doc/Language/quoting.pod
Copying doc/Language/control.pod to /home/coke/sandbox/rakudo-star-daily/star-MoarVM/rakudo-star-daily/install/share/perl6/site/../doc/Language/control.pod
Copying doc/Language/5to6-perlop.pod to /home/coke/sandbox/rakudo-star-daily/star-MoarVM/rakudo-star-daily/install/share/perl6/site/../doc/Language/5to6-perlop.pod
Copying doc/Language/setbagmix.pod to /home/coke/sandbox/rakudo-star-daily/star-MoarVM/rakudo-star-daily/install/share/perl6/site/../doc/Language/setbagmix.pod
Copying doc/Language/exceptions.pod to /home/coke/sandbox/rakudo-star-daily/star-MoarVM/rakudo-star-daily/install/share/perl6/site/../doc/Language/exceptions.pod
Copying doc/Language/variables.pod to /home/coke/sandbox/rakudo-star-daily/star-MoarVM/rakudo-star-daily/install/share/perl6/site/../doc/Language/variables.pod
Copying doc/Language/classtut.pod to /home/coke/sandbox/rakudo-star-daily/star-MoarVM/rakudo-star-daily/install/share/perl6/site/../doc/Language/classtut.pod
Copying doc/Language/phasers.pod to /home/coke/sandbox/rakudo-star-daily/star-MoarVM/rakudo-star-daily/install/share/perl6/site/../doc/Language/phasers.pod
Copying doc/Language/typesystem.pod to /home/coke/sandbox/rakudo-star-daily/star-MoarVM/rakudo-star-daily/install/share/perl6/site/../doc/Language/typesystem.pod
Copying doc/Language/5to6-nutshell.pod to /home/coke/sandbox/rakudo-star-daily/star-MoarVM/rakudo-star-daily/install/share/perl6/site/../doc/Language/5to6-nutshell.pod
Copying doc/Language/faq.pod to /home/coke/sandbox/rakudo-star-daily/star-MoarVM/rakudo-star-daily/install/share/perl6/site/../doc/Language/faq.pod
Copying doc/Language/containers.pod to /home/coke/sandbox/rakudo-star-daily/star-MoarVM/rakudo-star-daily/install/share/perl6/site/../doc/Language/containers.pod
Copying doc/Language/contributors.pod to /home/coke/sandbox/rakudo-star-daily/star-MoarVM/rakudo-star-daily/install/share/perl6/site/../doc/Language/contributors.pod
Copying doc/Language/5to6-perlfunc.pod to /home/coke/sandbox/rakudo-star-daily/star-MoarVM/rakudo-star-daily/install/share/perl6/site/../doc/Language/5to6-perlfunc.pod
Copying doc/Language/terms.pod to /home/coke/sandbox/rakudo-star-daily/star-MoarVM/rakudo-star-daily/install/share/perl6/site/../doc/Language/terms.pod
Copying doc/Language/5to6-perlvar.pod to /home/coke/sandbox/rakudo-star-daily/star-MoarVM/rakudo-star-daily/install/share/perl6/site/../doc/Language/5to6-perlvar.pod
Copying doc/Language/subscripts.pod to /home/coke/sandbox/rakudo-star-daily/star-MoarVM/rakudo-star-daily/install/share/perl6/site/../doc/Language/subscripts.pod
Copying doc/Language/packages.pod to /home/coke/sandbox/rakudo-star-daily/star-MoarVM/rakudo-star-daily/install/share/perl6/site/../doc/Language/packages.pod
Copying doc/Language/operators.pod to /home/coke/sandbox/rakudo-star-daily/star-MoarVM/rakudo-star-daily/install/share/perl6/site/../doc/Language/operators.pod
Copying doc/Language/unicode_entry.pod to /home/coke/sandbox/rakudo-star-daily/star-MoarVM/rakudo-star-daily/install/share/perl6/site/../doc/Language/unicode_entry.pod
Copying doc/Type/X/IO.pod to /home/coke/sandbox/rakudo-star-daily/star-MoarVM/rakudo-star-daily/install/share/perl6/site/../doc/Type/X/IO.pod
Copying doc/Type/X/NoDispatcher.pod to /home/coke/sandbox/rakudo-star-daily/star-MoarVM/rakudo-star-daily/install/share/perl6/site/../doc/Type/X/NoDispatcher.pod
Copying doc/Type/X/OutOfRange.pod to /home/coke/sandbox/rakudo-star-daily/star-MoarVM/rakudo-star-daily/install/share/perl6/site/../doc/Type/X/OutOfRange.pod
Copying doc/Type/X/Comp.pod to /home/coke/sandbox/rakudo-star-daily/star-MoarVM/rakudo-star-daily/install/share/perl6/site/../doc/Type/X/Comp.pod
Copying doc/Type/X/Obsolete.pod to /home/coke/sandbox/rakudo-star-daily/star-MoarVM/rakudo-star-daily/install/share/perl6/site/../doc/Type/X/Obsolete.pod
Copying doc/Type/X/NYI.pod to /home/coke/sandbox/rakudo-star-daily/star-MoarVM/rakudo-star-daily/install/share/perl6/site/../doc/Type/X/NYI.pod
Copying doc/Type/X/Redeclaration.pod to /home/coke/sandbox/rakudo-star-daily/star-MoarVM/rakudo-star-daily/install/share/perl6/site/../doc/Type/X/Redeclaration.pod
Copying doc/Type/X/TypeCheck.pod to /home/coke/sandbox/rakudo-star-daily/star-MoarVM/rakudo-star-daily/install/share/perl6/site/../doc/Type/X/TypeCheck.pod
Copying doc/Type/X/Undeclared.pod to /home/coke/sandbox/rakudo-star-daily/star-MoarVM/rakudo-star-daily/install/share/perl6/site/../doc/Type/X/Undeclared.pod
Copying doc/Type/X/ControlFlow.pod to /home/coke/sandbox/rakudo-star-daily/star-MoarVM/rakudo-star-daily/install/share/perl6/site/../doc/Type/X/ControlFlow.pod
Copying doc/Type/X/Syntax.pod to /home/coke/sandbox/rakudo-star-daily/star-MoarVM/rakudo-star-daily/install/share/perl6/site/../doc/Type/X/Syntax.pod
Copying doc/Type/X/Pod.pod to /home/coke/sandbox/rakudo-star-daily/star-MoarVM/rakudo-star-daily/install/share/perl6/site/../doc/Type/X/Pod.pod
Copying doc/Type/X/StubCode.pod to /home/coke/sandbox/rakudo-star-daily/star-MoarVM/rakudo-star-daily/install/share/perl6/site/../doc/Type/X/StubCode.pod
Copying doc/Type/X/Bind.pod to /home/coke/sandbox/rakudo-star-daily/star-MoarVM/rakudo-star-daily/install/share/perl6/site/../doc/Type/X/Bind.pod
Copying doc/Type/X/Temporal.pod to /home/coke/sandbox/rakudo-star-daily/star-MoarVM/rakudo-star-daily/install/share/perl6/site/../doc/Type/X/Temporal.pod
Copying doc/Type/X/OS.pod to /home/coke/sandbox/rakudo-star-daily/star-MoarVM/rakudo-star-daily/install/share/perl6/site/../doc/Type/X/OS.pod
Copying doc/Type/X/AdHoc.pod to /home/coke/sandbox/rakudo-star-daily/star-MoarVM/rakudo-star-daily/install/share/perl6/site/../doc/Type/X/AdHoc.pod
Copying doc/Type/Backtrace/Frame.pod to /home/coke/sandbox/rakudo-star-daily/star-MoarVM/rakudo-star-daily/install/share/perl6/site/../doc/Type/Backtrace/Frame.pod
Copying doc/Type/Proc/Status.pod to /home/coke/sandbox/rakudo-star-daily/star-MoarVM/rakudo-star-daily/install/share/perl6/site/../doc/Type/Proc/Status.pod
Copying doc/Type/Proc/Async.pod to /home/coke/sandbox/rakudo-star-daily/star-MoarVM/rakudo-star-daily/install/share/perl6/site/../doc/Type/Proc/Async.pod
Copying doc/Type/Pod/Item.pod to /home/coke/sandbox/rakudo-star-daily/star-MoarVM/rakudo-star-daily/install/share/perl6/site/../doc/Type/Pod/Item.pod
Copying doc/Type/Pod/Block.pod to /home/coke/sandbox/rakudo-star-daily/star-MoarVM/rakudo-star-daily/install/share/perl6/site/../doc/Type/Pod/Block.pod
Copying doc/Type/Metamodel/PrivateMethodContainer.pod to /home/coke/sandbox/rakudo-star-daily/star-MoarVM/rakudo-star-daily/install/share/perl6/site/../doc/Type/Metamodel/PrivateMethodContainer.pod
Copying doc/Type/Metamodel/Finalization.pod to /home/coke/sandbox/rakudo-star-daily/star-MoarVM/rakudo-star-daily/install/share/perl6/site/../doc/Type/Metamodel/Finalization.pod
Copying doc/Type/Metamodel/MROBasedMethodDispatch.pod to /home/coke/sandbox/rakudo-star-daily/star-MoarVM/rakudo-star-daily/install/share/perl6/site/../doc/Type/Metamodel/MROBasedMethodDispatch.pod
Copying doc/Type/Metamodel/MethodContainer.pod to /home/coke/sandbox/rakudo-star-daily/star-MoarVM/rakudo-star-daily/install/share/perl6/site/../doc/Type/Metamodel/MethodContainer.pod
Copying doc/Type/Metamodel/RoleContainer.pod to /home/coke/sandbox/rakudo-star-daily/star-MoarVM/rakudo-star-daily/install/share/perl6/site/../doc/Type/Metamodel/RoleContainer.pod
Copying doc/Type/Metamodel/Trusting.pod to /home/coke/sandbox/rakudo-star-daily/star-MoarVM/rakudo-star-daily/install/share/perl6/site/../doc/Type/Metamodel/Trusting.pod
Copying doc/Type/Metamodel/MultipleInheritance.pod to /home/coke/sandbox/rakudo-star-daily/star-MoarVM/rakudo-star-daily/install/share/perl6/site/../doc/Type/Metamodel/MultipleInheritance.pod
Copying doc/Type/Metamodel/ClassHOW.pod to /home/coke/sandbox/rakudo-star-daily/star-MoarVM/rakudo-star-daily/install/share/perl6/site/../doc/Type/Metamodel/ClassHOW.pod
Copying doc/Type/Metamodel/C3MRO.pod to /home/coke/sandbox/rakudo-star-daily/star-MoarVM/rakudo-star-daily/install/share/perl6/site/../doc/Type/Metamodel/C3MRO.pod
Copying doc/Type/Metamodel/Primitives.pod to /home/coke/sandbox/rakudo-star-daily/star-MoarVM/rakudo-star-daily/install/share/perl6/site/../doc/Type/Metamodel/Primitives.pod
Copying doc/Type/Metamodel/AttributeContainer.pod to /home/coke/sandbox/rakudo-star-daily/star-MoarVM/rakudo-star-daily/install/share/perl6/site/../doc/Type/Metamodel/AttributeContainer.pod
Copying doc/Type/Metamodel/Naming.pod to /home/coke/sandbox/rakudo-star-daily/star-MoarVM/rakudo-star-daily/install/share/perl6/site/../doc/Type/Metamodel/Naming.pod
Copying doc/Type/IO/Handle.pod to /home/coke/sandbox/rakudo-star-daily/star-MoarVM/rakudo-star-daily/install/share/perl6/site/../doc/Type/IO/Handle.pod
Copying doc/Type/IO/Notification.pod to /home/coke/sandbox/rakudo-star-daily/star-MoarVM/rakudo-star-daily/install/share/perl6/site/../doc/Type/IO/Notification.pod
Copying doc/Type/IO/Socket.pod to /home/coke/sandbox/rakudo-star-daily/star-MoarVM/rakudo-star-daily/install/share/perl6/site/../doc/Type/IO/Socket.pod
Copying doc/Type/IO/Path.pod to /home/coke/sandbox/rakudo-star-daily/star-MoarVM/rakudo-star-daily/install/share/perl6/site/../doc/Type/IO/Path.pod
Copying doc/Type/IO/Pipe.pod to /home/coke/sandbox/rakudo-star-daily/star-MoarVM/rakudo-star-daily/install/share/perl6/site/../doc/Type/IO/Pipe.pod
Copying doc/Type/IO/Spec.pod to /home/coke/sandbox/rakudo-star-daily/star-MoarVM/rakudo-star-daily/install/share/perl6/site/../doc/Type/IO/Spec.pod
Copying doc/Type/IO/ArgFiles.pm to /home/coke/sandbox/rakudo-star-daily/star-MoarVM/rakudo-star-daily/install/share/perl6/site/../doc/Type/IO/ArgFiles.pm
Copying doc/Type/X/ControlFlow/Return.pod to /home/coke/sandbox/rakudo-star-daily/star-MoarVM/rakudo-star-daily/install/share/perl6/site/../doc/Type/X/ControlFlow/Return.pod
Copying doc/Type/X/Mixin/NotComposable.pod to /home/coke/sandbox/rakudo-star-daily/star-MoarVM/rakudo-star-daily/install/share/perl6/site/../doc/Type/X/Mixin/NotComposable.pod
Copying doc/Type/X/Augment/NoSuchType.pod to /home/coke/sandbox/rakudo-star-daily/star-MoarVM/rakudo-star-daily/install/share/perl6/site/../doc/Type/X/Augment/NoSuchType.pod
Copying doc/Type/X/Eval/NoSuchLang.pod to /home/coke/sandbox/rakudo-star-daily/star-MoarVM/rakudo-star-daily/install/share/perl6/site/../doc/Type/X/Eval/NoSuchLang.pod
Copying doc/Type/X/Bind/Slice.pod to /home/coke/sandbox/rakudo-star-daily/star-MoarVM/rakudo-star-daily/install/share/perl6/site/../doc/Type/X/Bind/Slice.pod
Copying doc/Type/X/Bind/NativeType.pod to /home/coke/sandbox/rakudo-star-daily/star-MoarVM/rakudo-star-daily/install/share/perl6/site/../doc/Type/X/Bind/NativeType.pod
Copying doc/Type/X/Phaser/PrePost.pod to /home/coke/sandbox/rakudo-star-daily/star-MoarVM/rakudo-star-daily/install/share/perl6/site/../doc/Type/X/Phaser/PrePost.pod
Copying doc/Type/X/Phaser/Multiple.pod to /home/coke/sandbox/rakudo-star-daily/star-MoarVM/rakudo-star-daily/install/share/perl6/site/../doc/Type/X/Phaser/Multiple.pod
Copying doc/Type/X/TypeCheck/Splice.pod to /home/coke/sandbox/rakudo-star-daily/star-MoarVM/rakudo-star-daily/install/share/perl6/site/../doc/Type/X/TypeCheck/Splice.pod
Copying doc/Type/X/TypeCheck/Assignment.pod to /home/coke/sandbox/rakudo-star-daily/star-MoarVM/rakudo-star-daily/install/share/perl6/site/../doc/Type/X/TypeCheck/Assignment.pod
Copying doc/Type/X/TypeCheck/Binding.pod to /home/coke/sandbox/rakudo-star-daily/star-MoarVM/rakudo-star-daily/install/share/perl6/site/../doc/Type/X/TypeCheck/Binding.pod
Copying doc/Type/X/TypeCheck/Return.pod to /home/coke/sandbox/rakudo-star-daily/star-MoarVM/rakudo-star-daily/install/share/perl6/site/../doc/Type/X/TypeCheck/Return.pod
Copying doc/Type/X/Temporal/Truncation.pod to /home/coke/sandbox/rakudo-star-daily/star-MoarVM/rakudo-star-daily/install/share/perl6/site/../doc/Type/X/Temporal/Truncation.pod
Copying doc/Type/X/Placeholder/Mainline.pod to /home/coke/sandbox/rakudo-star-daily/star-MoarVM/rakudo-star-daily/install/share/perl6/site/../doc/Type/X/Placeholder/Mainline.pod
Copying doc/Type/X/Placeholder/Block.pod to /home/coke/sandbox/rakudo-star-daily/star-MoarVM/rakudo-star-daily/install/share/perl6/site/../doc/Type/X/Placeholder/Block.pod
Copying doc/Type/X/Signature/NameClash.pod to /home/coke/sandbox/rakudo-star-daily/star-MoarVM/rakudo-star-daily/install/share/perl6/site/../doc/Type/X/Signature/NameClash.pod
Copying doc/Type/X/Signature/Placeholder.pod to /home/coke/sandbox/rakudo-star-daily/star-MoarVM/rakudo-star-daily/install/share/perl6/site/../doc/Type/X/Signature/Placeholder.pod
Copying doc/Type/X/Str/Numeric.pod to /home/coke/sandbox/rakudo-star-daily/star-MoarVM/rakudo-star-daily/install/share/perl6/site/../doc/Type/X/Str/Numeric.pod
Copying doc/Type/X/Export/NameClash.pod to /home/coke/sandbox/rakudo-star-daily/star-MoarVM/rakudo-star-daily/install/share/perl6/site/../doc/Type/X/Export/NameClash.pod
Copying doc/Type/X/Numeric/Real.pod to /home/coke/sandbox/rakudo-star-daily/star-MoarVM/rakudo-star-daily/install/share/perl6/site/../doc/Type/X/Numeric/Real.pod
Copying doc/Type/X/Method/InvalidQualifier.pod to /home/coke/sandbox/rakudo-star-daily/star-MoarVM/rakudo-star-daily/install/share/perl6/site/../doc/Type/X/Method/InvalidQualifier.pod
Copying doc/Type/X/Method/NotFound.pod to /home/coke/sandbox/rakudo-star-daily/star-MoarVM/rakudo-star-daily/install/share/perl6/site/../doc/Type/X/Method/NotFound.pod
Copying doc/Type/X/Composition/NotComposable.pod to /home/coke/sandbox/rakudo-star-daily/star-MoarVM/rakudo-star-daily/install/share/perl6/site/../doc/Type/X/Composition/NotComposable.pod
Copying doc/Type/X/Assignment/RO.pod to /home/coke/sandbox/rakudo-star-daily/star-MoarVM/rakudo-star-daily/install/share/perl6/site/../doc/Type/X/Assignment/RO.pod
Copying doc/Type/X/Constructor/Positional.pod to /home/coke/sandbox/rakudo-star-daily/star-MoarVM/rakudo-star-daily/install/share/perl6/site/../doc/Type/X/Constructor/Positional.pod
Copying doc/Type/X/Channel/SendOnClosed.pod to /home/coke/sandbox/rakudo-star-daily/star-MoarVM/rakudo-star-daily/install/share/perl6/site/../doc/Type/X/Channel/SendOnClosed.pod
Copying doc/Type/X/Channel/ReceiveOnClosed.pod to /home/coke/sandbox/rakudo-star-daily/star-MoarVM/rakudo-star-daily/install/share/perl6/site/../doc/Type/X/Channel/ReceiveOnClosed.pod
Copying doc/Type/X/Syntax/Malformed.pod to /home/coke/sandbox/rakudo-star-daily/star-MoarVM/rakudo-star-daily/install/share/perl6/site/../doc/Type/X/Syntax/Malformed.pod
Copying doc/Type/X/Syntax/UnlessElse.pod to /home/coke/sandbox/rakudo-star-daily/star-MoarVM/rakudo-star-daily/install/share/perl6/site/../doc/Type/X/Syntax/UnlessElse.pod
Copying doc/Type/X/Syntax/Reserved.pod to /home/coke/sandbox/rakudo-star-daily/star-MoarVM/rakudo-star-daily/install/share/perl6/site/../doc/Type/X/Syntax/Reserved.pod
Copying doc/Type/X/Syntax/Missing.pod to /home/coke/sandbox/rakudo-star-daily/star-MoarVM/rakudo-star-daily/install/share/perl6/site/../doc/Type/X/Syntax/Missing.pod
Copying doc/Type/X/Syntax/NoSelf.pod to /home/coke/sandbox/rakudo-star-daily/star-MoarVM/rakudo-star-daily/install/share/perl6/site/../doc/Type/X/Syntax/NoSelf.pod
Copying doc/Type/X/Syntax/InfixInTermPosition.pod to /home/coke/sandbox/rakudo-star-daily/star-MoarVM/rakudo-star-daily/install/share/perl6/site/../doc/Type/X/Syntax/InfixInTermPosition.pod
Copying doc/Type/X/Syntax/Confused.pod to /home/coke/sandbox/rakudo-star-daily/star-MoarVM/rakudo-star-daily/install/share/perl6/site/../doc/Type/X/Syntax/Confused.pod
Copying doc/Type/X/Syntax/NegatedPair.pod to /home/coke/sandbox/rakudo-star-daily/star-MoarVM/rakudo-star-daily/install/share/perl6/site/../doc/Type/X/Syntax/NegatedPair.pod
Copying doc/Type/X/Syntax/P5.pod to /home/coke/sandbox/rakudo-star-daily/star-MoarVM/rakudo-star-daily/install/share/perl6/site/../doc/Type/X/Syntax/P5.pod
Copying doc/Type/X/Does/TypeObject.pod to /home/coke/sandbox/rakudo-star-daily/star-MoarVM/rakudo-star-daily/install/share/perl6/site/../doc/Type/X/Does/TypeObject.pod
Copying doc/Type/X/Role/Initialization.pod to /home/coke/sandbox/rakudo-star-daily/star-MoarVM/rakudo-star-daily/install/share/perl6/site/../doc/Type/X/Role/Initialization.pod
Copying doc/Type/X/Promise/CauseOnlyValidOnBroken.pod to /home/coke/sandbox/rakudo-star-daily/star-MoarVM/rakudo-star-daily/install/share/perl6/site/../doc/Type/X/Promise/CauseOnlyValidOnBroken.pod
Copying doc/Type/X/Proc/Async.pod to /home/coke/sandbox/rakudo-star-daily/star-MoarVM/rakudo-star-daily/install/share/perl6/site/../doc/Type/X/Proc/Async.pod
Copying doc/Type/X/Sequence/Deduction.pod to /home/coke/sandbox/rakudo-star-daily/star-MoarVM/rakudo-star-daily/install/share/perl6/site/../doc/Type/X/Sequence/Deduction.pod
Copying doc/Type/X/Attribute/Undeclared.pod to /home/coke/sandbox/rakudo-star-daily/star-MoarVM/rakudo-star-daily/install/share/perl6/site/../doc/Type/X/Attribute/Undeclared.pod
Copying doc/Type/X/Attribute/Package.pod to /home/coke/sandbox/rakudo-star-daily/star-MoarVM/rakudo-star-daily/install/share/perl6/site/../doc/Type/X/Attribute/Package.pod
Copying doc/Type/X/Attribute/NoPackage.pod to /home/coke/sandbox/rakudo-star-daily/star-MoarVM/rakudo-star-daily/install/share/perl6/site/../doc/Type/X/Attribute/NoPackage.pod
Copying doc/Type/X/Inheritance/NotComposed.pod to /home/coke/sandbox/rakudo-star-daily/star-MoarVM/rakudo-star-daily/install/share/perl6/site/../doc/Type/X/Inheritance/NotComposed.pod
Copying doc/Type/X/Inheritance/Unsupported.pod to /home/coke/sandbox/rakudo-star-daily/star-MoarVM/rakudo-star-daily/install/share/perl6/site/../doc/Type/X/Inheritance/Unsupported.pod
Copying doc/Type/X/Declaration/Scope.pod to /home/coke/sandbox/rakudo-star-daily/star-MoarVM/rakudo-star-daily/install/share/perl6/site/../doc/Type/X/Declaration/Scope.pod
Copying doc/Type/X/Anon/Multi.pod to /home/coke/sandbox/rakudo-star-daily/star-MoarVM/rakudo-star-daily/install/share/perl6/site/../doc/Type/X/Anon/Multi.pod
Copying doc/Type/X/Anon/Augment.pod to /home/coke/sandbox/rakudo-star-daily/star-MoarVM/rakudo-star-daily/install/share/perl6/site/../doc/Type/X/Anon/Augment.pod
Copying doc/Type/X/Package/Stubbed.pod to /home/coke/sandbox/rakudo-star-daily/star-MoarVM/rakudo-star-daily/install/share/perl6/site/../doc/Type/X/Package/Stubbed.pod
Copying doc/Type/X/Parameter/WrongOrder.pod to /home/coke/sandbox/rakudo-star-daily/star-MoarVM/rakudo-star-daily/install/share/perl6/site/../doc/Type/X/Parameter/WrongOrder.pod
Copying doc/Type/X/Parameter/Default.pod to /home/coke/sandbox/rakudo-star-daily/star-MoarVM/rakudo-star-daily/install/share/perl6/site/../doc/Type/X/Parameter/Default.pod
Copying doc/Type/X/Parameter/MultipleTypeConstraints.pod to /home/coke/sandbox/rakudo-star-daily/star-MoarVM/rakudo-star-daily/install/share/perl6/site/../doc/Type/X/Parameter/MultipleTypeConstraints.pod
Copying doc/Type/X/Parameter/Placeholder.pod to /home/coke/sandbox/rakudo-star-daily/star-MoarVM/rakudo-star-daily/install/share/perl6/site/../doc/Type/X/Parameter/Placeholder.pod
Copying doc/Type/X/Parameter/Twigil.pod to /home/coke/sandbox/rakudo-star-daily/star-MoarVM/rakudo-star-daily/install/share/perl6/site/../doc/Type/X/Parameter/Twigil.pod
Copying doc/Type/X/IO/Rename.pod to /home/coke/sandbox/rakudo-star-daily/star-MoarVM/rakudo-star-daily/install/share/perl6/site/../doc/Type/X/IO/Rename.pod
Copying doc/Type/X/IO/Copy.pod to /home/coke/sandbox/rakudo-star-daily/star-MoarVM/rakudo-star-daily/install/share/perl6/site/../doc/Type/X/IO/Copy.pod
Copying doc/Type/X/IO/Cwd.pod to /home/coke/sandbox/rakudo-star-daily/star-MoarVM/rakudo-star-daily/install/share/perl6/site/../doc/Type/X/IO/Cwd.pod
Copying doc/Type/X/IO/Unlink.pod to /home/coke/sandbox/rakudo-star-daily/star-MoarVM/rakudo-star-daily/install/share/perl6/site/../doc/Type/X/IO/Unlink.pod
Copying doc/Type/X/IO/Chmod.pod to /home/coke/sandbox/rakudo-star-daily/star-MoarVM/rakudo-star-daily/install/share/perl6/site/../doc/Type/X/IO/Chmod.pod
Copying doc/Type/X/IO/Chdir.pod to /home/coke/sandbox/rakudo-star-daily/star-MoarVM/rakudo-star-daily/install/share/perl6/site/../doc/Type/X/IO/Chdir.pod
Copying doc/Type/X/IO/Mkdir.pod to /home/coke/sandbox/rakudo-star-daily/star-MoarVM/rakudo-star-daily/install/share/perl6/site/../doc/Type/X/IO/Mkdir.pod
Copying doc/Type/X/IO/Rmdir.pod to /home/coke/sandbox/rakudo-star-daily/star-MoarVM/rakudo-star-daily/install/share/perl6/site/../doc/Type/X/IO/Rmdir.pod
Copying doc/Type/X/IO/Dir.pod to /home/coke/sandbox/rakudo-star-daily/star-MoarVM/rakudo-star-daily/install/share/perl6/site/../doc/Type/X/IO/Dir.pod
Copying doc/Type/Pod/Block/Code.pod to /home/coke/sandbox/rakudo-star-daily/star-MoarVM/rakudo-star-daily/install/share/perl6/site/../doc/Type/Pod/Block/Code.pod
Copying doc/Type/Pod/Block/Para.pod to /home/coke/sandbox/rakudo-star-daily/star-MoarVM/rakudo-star-daily/install/share/perl6/site/../doc/Type/Pod/Block/Para.pod
Copying doc/Type/Pod/Block/Named.pod to /home/coke/sandbox/rakudo-star-daily/star-MoarVM/rakudo-star-daily/install/share/perl6/site/../doc/Type/Pod/Block/Named.pod
Copying doc/Type/IO/Spec/Win32.pod to /home/coke/sandbox/rakudo-star-daily/star-MoarVM/rakudo-star-daily/install/share/perl6/site/../doc/Type/IO/Spec/Win32.pod
Copying doc/Type/IO/Spec/QNX.pod to /home/coke/sandbox/rakudo-star-daily/star-MoarVM/rakudo-star-daily/install/share/perl6/site/../doc/Type/IO/Spec/QNX.pod
Copying doc/Type/IO/Spec/Cygwin.pod to /home/coke/sandbox/rakudo-star-daily/star-MoarVM/rakudo-star-daily/install/share/perl6/site/../doc/Type/IO/Spec/Cygwin.pod
Copying doc/Type/IO/Spec/Unix.pod to /home/coke/sandbox/rakudo-star-daily/star-MoarVM/rakudo-star-daily/install/share/perl6/site/../doc/Type/IO/Spec/Unix.pod
Copying doc/Type/IO/Socket/INET.pod to /home/coke/sandbox/rakudo-star-daily/star-MoarVM/rakudo-star-daily/install/share/perl6/site/../doc/Type/IO/Socket/INET.pod
Copying doc/Type/IO/Socket/Async.pod to /home/coke/sandbox/rakudo-star-daily/star-MoarVM/rakudo-star-daily/install/share/perl6/site/../doc/Type/IO/Socket/Async.pod
Copying doc/Type/X/Method/Private/Unqualified.pod to /home/coke/sandbox/rakudo-star-daily/star-MoarVM/rakudo-star-daily/install/share/perl6/site/../doc/Type/X/Method/Private/Unqualified.pod
Copying doc/Type/X/Method/Private/Permission.pod to /home/coke/sandbox/rakudo-star-daily/star-MoarVM/rakudo-star-daily/install/share/perl6/site/../doc/Type/X/Method/Private/Permission.pod
Copying doc/Type/X/Syntax/Augment/Role.pod to /home/coke/sandbox/rakudo-star-daily/star-MoarVM/rakudo-star-daily/install/share/perl6/site/../doc/Type/X/Syntax/Augment/Role.pod
Copying doc/Type/X/Syntax/Augment/WithoutMonkeyTyping.pod to /home/coke/sandbox/rakudo-star-daily/star-MoarVM/rakudo-star-daily/install/share/perl6/site/../doc/Type/X/Syntax/Augment/WithoutMonkeyTyping.pod
Copying doc/Type/X/Syntax/Comment/Embedded.pod to /home/coke/sandbox/rakudo-star-daily/star-MoarVM/rakudo-star-daily/install/share/perl6/site/../doc/Type/X/Syntax/Comment/Embedded.pod
Copying doc/Type/X/Syntax/Variable/Numeric.pod to /home/coke/sandbox/rakudo-star-daily/star-MoarVM/rakudo-star-daily/install/share/perl6/site/../doc/Type/X/Syntax/Variable/Numeric.pod
Copying doc/Type/X/Syntax/Variable/Twigil.pod to /home/coke/sandbox/rakudo-star-daily/star-MoarVM/rakudo-star-daily/install/share/perl6/site/../doc/Type/X/Syntax/Variable/Twigil.pod
Copying doc/Type/X/Syntax/Variable/Match.pod to /home/coke/sandbox/rakudo-star-daily/star-MoarVM/rakudo-star-daily/install/share/perl6/site/../doc/Type/X/Syntax/Variable/Match.pod
Copying doc/Type/X/Syntax/Signature/InvocantMarker.pod to /home/coke/sandbox/rakudo-star-daily/star-MoarVM/rakudo-star-daily/install/share/perl6/site/../doc/Type/X/Syntax/Signature/InvocantMarker.pod
Copying doc/Type/X/Syntax/Term/MissingInitializer.pod to /home/coke/sandbox/rakudo-star-daily/star-MoarVM/rakudo-star-daily/install/share/perl6/site/../doc/Type/X/Syntax/Term/MissingInitializer.pod
Copying doc/Type/X/Syntax/Regex/Adverb.pod to /home/coke/sandbox/rakudo-star-daily/star-MoarVM/rakudo-star-daily/install/share/perl6/site/../doc/Type/X/Syntax/Regex/Adverb.pod
Copying doc/Type/X/Syntax/Regex/SolitaryQuantifier.pod to /home/coke/sandbox/rakudo-star-daily/star-MoarVM/rakudo-star-daily/install/share/perl6/site/../doc/Type/X/Syntax/Regex/SolitaryQuantifier.pod
Copying doc/Type/X/Syntax/Self/WithoutObject.pod to /home/coke/sandbox/rakudo-star-daily/star-MoarVM/rakudo-star-daily/install/share/perl6/site/../doc/Type/X/Syntax/Self/WithoutObject.pod
Copying doc/Type/X/Syntax/Number/RadixOutOfRange.pod to /home/coke/sandbox/rakudo-star-daily/star-MoarVM/rakudo-star-daily/install/share/perl6/site/../doc/Type/X/Syntax/Number/RadixOutOfRange.pod
Copying doc/Type/X/Proc/Async/TapBeforeSpawn.pod to /home/coke/sandbox/rakudo-star-daily/star-MoarVM/rakudo-star-daily/install/share/perl6/site/../doc/Type/X/Proc/Async/TapBeforeSpawn.pod
Copying doc/Type/X/Proc/Async/OpenForWriting.pod to /home/coke/sandbox/rakudo-star-daily/star-MoarVM/rakudo-star-daily/install/share/perl6/site/../doc/Type/X/Proc/Async/OpenForWriting.pod
Copying doc/Type/X/Proc/Async/MustBeStarted.pod to /home/coke/sandbox/rakudo-star-daily/star-MoarVM/rakudo-star-daily/install/share/perl6/site/../doc/Type/X/Proc/Async/MustBeStarted.pod
Copying doc/Type/X/Proc/Async/CharsOrBytes.pod to /home/coke/sandbox/rakudo-star-daily/star-MoarVM/rakudo-star-daily/install/share/perl6/site/../doc/Type/X/Proc/Async/CharsOrBytes.pod
Copying doc/Type/X/Proc/Async/AlreadyStarted.pod to /home/coke/sandbox/rakudo-star-daily/star-MoarVM/rakudo-star-daily/install/share/perl6/site/../doc/Type/X/Proc/Async/AlreadyStarted.pod
Copying doc/Type/X/Declaration/Scope/Multi.pod to /home/coke/sandbox/rakudo-star-daily/star-MoarVM/rakudo-star-daily/install/share/perl6/site/../doc/Type/X/Declaration/Scope/Multi.pod
==> Testing p6doc
t/pod-convenience.t .. ok
t/pod-htmlify.t ...... ok
t/typegraph.t ........ ok
All tests successful.
Files=3, Tests=22, 10 wallclock secs ( 0.04 usr  0.00 sys +  9.25 cusr  0.45 csys =  9.74 CPU)
Result: PASS
==> Installing p6doc
==> Successfully installed p6doc
==> Installing Debugger::UI::CommandLine from a local directory 'modules/debugger-ui-commandline'
==> Fetching Debugger::UI::CommandLine
==> Building Debugger::UI::CommandLine
==> Testing Debugger::UI::CommandLine
==> Installing Debugger::UI::CommandLine
==> Successfully installed Debugger::UI::CommandLine
==> Installing LibraryMake from a local directory 'modules/library-make'
==> Fetching LibraryMake
==> Building LibraryMake
==> Testing LibraryMake
t/01-basic.t .. ok
All tests successful.
Files=1, Tests=7,  4 wallclock secs ( 0.03 usr  0.00 sys +  3.75 cusr  0.21 csys =  3.99 CPU)
Result: PASS
==> Installing LibraryMake
==> Successfully installed LibraryMake
==> Installing Linenoise from a local directory 'modules/Linenoise'
==> Fetching Linenoise
==> Building Linenoise
make[1]: Entering directory '/home/coke/sandbox/rakudo-star-daily/star-MoarVM/rakudo-star-daily/.panda-work/1459369595_1'
gcc -c -fPIC -Wdeclaration-after-statement -Werror=declaration-after-statement -O3 -DNDEBUG  -D_REENTRANT -D_FILE_OFFSET_BITS=64 -fPIC -o linenoise.o linenoise.c
perl6 -e "mkdir 'resources'; mkdir 'resources/lib'"
gcc -shared -fPIC  -O3 -DNDEBUG -Wl,-rpath,/home/coke/sandbox/rakudo-star-daily/star-MoarVM/rakudo-star-daily/install/lib -Wl,-rpath,/home/coke/sandbox/rakudo-star-daily/star-MoarVM/rakudo-star-daily/install/share/perl6/site/lib -lm -lpthread -lrt -ldl -o resources/lib/liblinenoise.so linenoise.o
perl6 -e "print ''" > resources/lib/liblinenoise.dll
perl6 -e "print ''" > resources/lib/liblinenoise.dylib
gcc -o constant-helper -Wdeclaration-after-statement -Werror=declaration-after-statement -O3 -DNDEBUG  -D_REENTRANT -D_FILE_OFFSET_BITS=64 -fPIC constant-helper.c
perl6 fill-constants.pl < lib/Linenoise.pm.in > lib/Linenoise.pm
make[1]: Leaving directory '/home/coke/sandbox/rakudo-star-daily/star-MoarVM/rakudo-star-daily/.panda-work/1459369595_1'
==> Testing Linenoise
==> Installing Linenoise
==> Successfully installed Linenoise
/home/coke/perl5/perlbrew/perls/perl-5.20.1/bin/perl tools/build/modules-test.pl /home/coke/sandbox/rakudo-star-daily/star-MoarVM/rakudo-star-daily /home/coke/sandbox/rakudo-star-daily/star-MoarVM/rakudo-star-daily/install/bin/perl6-m modules/MODULES.txt
Testing modules/xml-writer with /home/coke/sandbox/rakudo-star-daily/star-MoarVM/rakudo-star-daily/install/bin/perl6-m...
t/escaping.t ... ok
t/structure.t .. ok
All tests successful.
Files=2, Tests=11,  1 wallclock secs ( 0.03 usr  0.00 sys +  0.84 cusr  0.06 csys =  0.93 CPU)
Result: PASS

Testing modules/svg with /home/coke/sandbox/rakudo-star-daily/star-MoarVM/rakudo-star-daily/install/bin/perl6-m...
t/basics.t .. ok
All tests successful.
Files=1, Tests=3,  1 wallclock secs ( 0.02 usr  0.00 sys +  0.35 cusr  0.03 csys =  0.40 CPU)
Result: PASS

Testing modules/svg-plot with /home/coke/sandbox/rakudo-star-daily/star-MoarVM/rakudo-star-daily/install/bin/perl6-m...
t/series.t .. ok
t/ticks.t ... ok
All tests successful.
Files=2, Tests=10,  5 wallclock secs ( 0.02 usr  0.00 sys +  4.78 cusr  0.24 csys =  5.04 CPU)
Result: PASS

Testing modules/Terminal-ANSIColor with /home/coke/sandbox/rakudo-star-daily/star-MoarVM/rakudo-star-daily/install/bin/perl6-m...
t/00-load.t .. ok
All tests successful.
Files=1, Tests=1,  0 wallclock secs ( 0.02 usr  0.00 sys +  0.35 cusr  0.04 csys =  0.41 CPU)
Result: PASS

Testing modules/test-mock with /home/coke/sandbox/rakudo-star-daily/star-MoarVM/rakudo-star-daily/install/bin/perl6-m...
t/returning.t .. ok
t/synopsis.t ... ok
t/with.t ....... ok
All tests successful.
Files=3, Tests=13,  1 wallclock secs ( 0.03 usr  0.00 sys +  1.12 cusr  0.09 csys =  1.24 CPU)
Result: PASS

Testing modules/Grammar-Profiler-Simple with /home/coke/sandbox/rakudo-star-daily/star-MoarVM/rakudo-star-daily/install/bin/perl6-m...
t/csv.t .. ok
All tests successful.
Files=1, Tests=15,  1 wallclock secs ( 0.02 usr  0.01 sys +  0.52 cusr  0.04 csys =  0.59 CPU)
Result: PASS

Testing modules/grammar-debugger with /home/coke/sandbox/rakudo-star-daily/star-MoarVM/rakudo-star-daily/install/bin/perl6-m...
t/debugger.t .. ok
t/tracer.t .... ok
All tests successful.
Files=2, Tests=2,  0 wallclock secs ( 0.02 usr  0.00 sys +  0.79 cusr  0.06 csys =  0.87 CPU)
Result: PASS

Testing modules/Perl6-MIME-Base64 with /home/coke/sandbox/rakudo-star-daily/star-MoarVM/rakudo-star-daily/install/bin/perl6-m...
t/basic.t ................. ok
t/binary-and-long-line.t .. ok
t/oneline.t ............... ok
t/rfc4648-test-vector.t ... ok
All tests successful.
Files=4, Tests=47,  2 wallclock secs ( 0.04 usr  0.01 sys +  2.49 cusr  0.14 csys =  2.68 CPU)
Result: PASS

Testing modules/uri with /home/coke/sandbox/rakudo-star-daily/star-MoarVM/rakudo-star-daily/install/bin/perl6-m...
t/01.t ................... ok
t/escape.t ............... ok
t/november-urlencoded.t .. ok
t/rfc-3986-examples.t .... ok
All tests successful.
Files=4, Tests=93,  3 wallclock secs ( 0.05 usr  0.00 sys +  2.60 cusr  0.13 csys =  2.78 CPU)
Result: PASS

Testing modules/perl6-lwp-simple with /home/coke/sandbox/rakudo-star-daily/star-MoarVM/rakudo-star-daily/install/bin/perl6-m...
t/000-load-module.t ............. ok
t/basic-auth.t .................. ok
t/custom-headers-and-content.t .. ok
t/get-binary-camelia.t .......... ok
t/get-chunked-6guts.t ........... ok
t/get-perl6-org.t ............... ok
t/get-unsized.t ................. ok
t/get-w3-latin1-utf8.t .......... ok
t/get-w3-redirect.t ............. ok
t/getstore.t .................... ok
t/parse-url.t ................... ok
t/socket-sanity.t ............... ok
t/stringify-headers.t ........... ok
All tests successful.
Files=13, Tests=56, 13 wallclock secs ( 0.06 usr  0.01 sys +  8.32 cusr  0.48 csys =  8.87 CPU)
Result: PASS

Testing modules/json with /home/coke/sandbox/rakudo-star-daily/star-MoarVM/rakudo-star-daily/install/bin/perl6-m...
t/01-parse.t ...... ok
t/02-structure.t .. ok
t/03-unicode.t .... ok
t/04-roundtrip.t .. ok
t/05-utf16.t ...... ok
All tests successful.
Files=5, Tests=122,  3 wallclock secs ( 0.05 usr  0.01 sys +  2.39 cusr  0.12 csys =  2.57 CPU)
Result: PASS

Testing modules/perl6-digest-md5 with /home/coke/sandbox/rakudo-star-daily/star-MoarVM/rakudo-star-daily/install/bin/perl6-m...
t/0-load-module.t .. ok
t/1-readme.t ....... ok
t/perl5-compat.t ... ok
All tests successful.
Files=3, Tests=28,  2 wallclock secs ( 0.04 usr  0.00 sys +  2.12 cusr  0.13 csys =  2.29 CPU)
Result: PASS

Testing modules/perl6-http-status with /home/coke/sandbox/rakudo-star-daily/star-MoarVM/rakudo-star-daily/install/bin/perl6-m...
t/01-basic.t ..... ok
t/02-is-tests.t .. ok
All tests successful.
Files=2, Tests=46,  1 wallclock secs ( 0.03 usr  0.00 sys +  0.73 cusr  0.09 csys =  0.85 CPU)
Result: PASS

Testing modules/p6-Template-Mustache with /home/coke/sandbox/rakudo-star-daily/star-MoarVM/rakudo-star-daily/install/bin/perl6-m...
t/01-basic.t ....... ok
t/02-file.t ........ ok
t/03-cascade.t ..... ok
t/04-lambda.t ...... ok
t/10-objects.t ..... ok
t/50-readme.t ...... ok
t/91-specs.t ....... ok
t/92-specs-file.t .. ok
All tests successful.
Files=8, Tests=27,  5 wallclock secs ( 0.05 usr  0.01 sys +  4.64 cusr  0.20 csys =  4.90 CPU)
Result: PASS

Testing modules/PSGI with /home/coke/sandbox/rakudo-star-daily/star-MoarVM/rakudo-star-daily/install/bin/perl6-m...
t/encode-psgi-response.t .. ok
t/populate-psgi-env.t ..... ok
All tests successful.
Files=2, Tests=28,  3 wallclock secs ( 0.03 usr  0.00 sys +  3.26 cusr  0.24 csys =  3.53 CPU)
Result: PASS

Testing modules/perl6-http-easy with /home/coke/sandbox/rakudo-star-daily/star-MoarVM/rakudo-star-daily/install/bin/perl6-m...
t/01-load.t .. ok
All tests successful.
Files=1, Tests=2,  4 wallclock secs ( 0.02 usr  0.00 sys +  4.51 cusr  0.19 csys =  4.72 CPU)
Result: PASS

Testing modules/Template-Mojo with /home/coke/sandbox/rakudo-star-daily/star-MoarVM/rakudo-star-daily/install/bin/perl6-m...
WARNINGS for /home/coke/sandbox/rakudo-star-daily/star-MoarVM/rakudo-star-daily/modules/Template-Mojo/EVAL_7:
Useless use of constant string "blarg" in sink context (line 1)
WARNINGS for /home/coke/sandbox/rakudo-star-daily/star-MoarVM/rakudo-star-daily/modules/Template-Mojo/EVAL_13:
Useless use of constant integer 0 in sink context (line 1)
t/00-basic.t ..... ok
t/01-template.t .. ok
t/02-complex.t ... ok
t/03-capture.t ... ok
All tests successful.
Files=4, Tests=22,  2 wallclock secs ( 0.03 usr  0.00 sys +  1.90 cusr  0.11 csys =  2.04 CPU)
Result: PASS

Testing modules/Bailador with /home/coke/sandbox/rakudo-star-daily/star-MoarVM/rakudo-star-daily/install/bin/perl6-m...
t/01-route-existance.t ..... ok
t/03-response-content.t .... ok
t/04-templates-mustache.t .. ok
t/04-templates.t ........... ok
t/05-post-content.t ........ ok
t/06-cookies.t ............. ok
t/07-errors.t .............. ok
All tests successful.
Files=7, Tests=551, 14 wallclock secs ( 0.15 usr  0.00 sys + 14.02 cusr  0.51 csys = 14.68 CPU)
Result: PASS

Testing modules/DBIish with /home/coke/sandbox/rakudo-star-daily/star-MoarVM/rakudo-star-daily/install/bin/perl6-m...
t/01-Basic.t .............. ok
t/05-mock.t ............... ok
# Connect failed with error DBDish::mysql: Can't connect: Can't connect to local MySQL server through socket '/var/run/mysqld/mysqld.sock' (2)
t/10-mysql.t .............. ok
# DBDish::mysql: Can't connect: Can't connect to local MySQL server through socket '/var/run/mysqld/mysqld.sock' (2)
# Can't continue.
t/25-mysql-common.t ....... ok
t/26-mysql-blob.t ......... ok
t/30-pg.t ................. ok
# DBDish::Pg: Can't connect: FATAL:  Peer authentication failed for user "postgres"
#  (1)
# Can't continue.
t/35-pg-common.t .......... ok
t/36-pg-array.t ........... ok
t/36-pg-blob.t ............ ok
t/36-pg-native.t .......... ok
t/40-sqlite-common.t ...... ok
# DBDish::SQLite: Error: UNIQUE constraint failed: with_unique.a, with_unique.b (19)
t/41-sqlite-exec-error.t .. ok
t/42-sqlite-blob.t ........ ok
# DBIish: DBDish::Oracle needs 'libclntsh.so.12.1', not found
# Can't continue.
t/45-oracle-common.t ...... ok
All tests successful.
Files=14, Tests=656, 55 wallclock secs ( 0.12 usr  0.03 sys + 52.29 cusr  2.37 csys = 54.81 CPU)
Result: PASS

Testing modules/jsonrpc with /home/coke/sandbox/rakudo-star-daily/star-MoarVM/rakudo-star-daily/install/bin/perl6-m...
t/client.t .. ok
t/server.t .. ok
All tests successful.
Files=2, Tests=68, 21 wallclock secs ( 0.03 usr  0.01 sys + 19.66 cusr  1.08 csys = 20.78 CPU)
Result: PASS

Testing modules/Pod-To-HTML with /home/coke/sandbox/rakudo-star-daily/star-MoarVM/rakudo-star-daily/install/bin/perl6-m...
t/01-basic.t ............. ok
t/02-code.t .............. ok
t/03-comment.t ........... ok
t/04-lists.t ............. ok
t/05-zero-width-index.t .. ok
All tests successful.
Files=5, Tests=10,  3 wallclock secs ( 0.03 usr  0.01 sys +  2.64 cusr  0.16 csys =  2.84 CPU)
Result: PASS

Testing modules/p6-file-directory-tree with /home/coke/sandbox/rakudo-star-daily/star-MoarVM/rakudo-star-daily/install/bin/perl6-m...
t/basic.t .. ok
All tests successful.
Files=1, Tests=7,  1 wallclock secs ( 0.02 usr  0.00 sys +  0.53 cusr  0.05 csys =  0.60 CPU)
Result: PASS

Testing modules/p6-File-Temp with /home/coke/sandbox/rakudo-star-daily/star-MoarVM/rakudo-star-daily/install/bin/perl6-m...
t/01-load.t ....... ok
t/02-stress_gc.t .. ok
t/03-tempfile.t ... ok
All tests successful.
Files=3, Tests=18,  6 wallclock secs ( 0.03 usr  0.01 sys +  5.61 cusr  0.23 csys =  5.88 CPU)
Result: PASS

Testing modules/doc with /home/coke/sandbox/rakudo-star-daily/star-MoarVM/rakudo-star-daily/install/bin/perl6-m...
t/pod-convenience.t .. ok
t/pod-htmlify.t ...... ok
t/typegraph.t ........ ok
All tests successful.
Files=3, Tests=22,  4 wallclock secs ( 0.03 usr  0.00 sys +  3.97 cusr  0.11 csys =  4.11 CPU)
Result: PASS

Testing modules/debugger-ui-commandline with /home/coke/sandbox/rakudo-star-daily/star-MoarVM/rakudo-star-daily/install/bin/perl6-m...
...no t/ directory found.

Testing modules/library-make with /home/coke/sandbox/rakudo-star-daily/star-MoarVM/rakudo-star-daily/install/bin/perl6-m...
t/01-basic.t .. ok
All tests successful.
Files=1, Tests=7,  1 wallclock secs ( 0.03 usr  0.00 sys +  1.35 cusr  0.05 csys =  1.43 CPU)
Result: PASS

Testing modules/Linenoise with /home/coke/sandbox/rakudo-star-daily/star-MoarVM/rakudo-star-daily/install/bin/perl6-m...
...no t/ directory found.

