/usr/bin/perl tools/build/modules-test.pl /home/coke/sandbox/rakudo-star-daily/star-parrot/rakudo-star-daily /home/coke/sandbox/rakudo-star-daily/star-parrot/rakudo-star-daily/install/bin/perl6-p modules/MODULES.txt
Testing modules/zavolaj with /home/coke/sandbox/rakudo-star-daily/star-parrot/rakudo-star-daily/install/bin/perl6-p...
t/01-argless.t ......... ok
t/02-simple-args.t ..... ok
t/03-simple-returns.t .. ok
t/04-pointers.t ........ ok
t/05-arrays.t .......... ok
t/06-struct.t .......... ok
t/07-writebarrier.t .... ok
Code object coerced to string (please use .gist or .perl to do that)  in any  at gen/parrot/BOOTSTRAP.nqp:87

Code object coerced to string (please use .gist or .perl to do that)  in any  at gen/parrot/BOOTSTRAP.nqp:87

Code object coerced to string (please use .gist or .perl to do that)  in any  at gen/parrot/BOOTSTRAP.nqp:87

Code object coerced to string (please use .gist or .perl to do that)  in any  at gen/parrot/BOOTSTRAP.nqp:87

Code object coerced to string (please use .gist or .perl to do that)  in any  at gen/parrot/BOOTSTRAP.nqp:87

Code object coerced to string (please use .gist or .perl to do that)  in any  at gen/parrot/BOOTSTRAP.nqp:87

Code object coerced to string (please use .gist or .perl to do that)  in any  at gen/parrot/BOOTSTRAP.nqp:87

Code object coerced to string (please use .gist or .perl to do that)  in any  at gen/parrot/BOOTSTRAP.nqp:87

Code object coerced to string (please use .gist or .perl to do that)  in any  at gen/parrot/BOOTSTRAP.nqp:87

Code object coerced to string (please use .gist or .perl to do that)  in any  at gen/parrot/BOOTSTRAP.nqp:87

Code object coerced to string (please use .gist or .perl to do that)  in any  at gen/parrot/BOOTSTRAP.nqp:87

Code object coerced to string (please use .gist or .perl to do that)  in any  at gen/parrot/BOOTSTRAP.nqp:87

Code object coerced to string (please use .gist or .perl to do that)  in any  at gen/parrot/BOOTSTRAP.nqp:87

Code object coerced to string (please use .gist or .perl to do that)  in any  at gen/parrot/BOOTSTRAP.nqp:87

t/08-callbacks.t ....... ok
t/09-nativecast.t ...... ok
All tests successful.
Files=9, Tests=92, 28 wallclock secs ( 0.06 usr  0.02 sys + 24.54 cusr  3.21 csys = 27.83 CPU)
Result: PASS

Testing modules/xml-writer with /home/coke/sandbox/rakudo-star-daily/star-parrot/rakudo-star-daily/install/bin/perl6-p...
t/escaping.t ... ok
t/structure.t .. ok
All tests successful.
Files=2, Tests=11,  3 wallclock secs ( 0.02 usr  0.01 sys +  2.64 cusr  0.50 csys =  3.17 CPU)
Result: PASS

Testing modules/svg with /home/coke/sandbox/rakudo-star-daily/star-parrot/rakudo-star-daily/install/bin/perl6-p...
t/basics.t .. ok
All tests successful.
Files=1, Tests=3,  2 wallclock secs ( 0.02 usr  0.00 sys +  1.27 cusr  0.23 csys =  1.52 CPU)
Result: PASS

Testing modules/svg-plot with /home/coke/sandbox/rakudo-star-daily/star-parrot/rakudo-star-daily/install/bin/perl6-p...
t/series.t .. ok
t/ticks.t ... ok
All tests successful.
Files=2, Tests=10,  4 wallclock secs ( 0.02 usr  0.01 sys +  3.12 cusr  0.49 csys =  3.64 CPU)
Result: PASS

Testing modules/Math-RungeKutta with /home/coke/sandbox/rakudo-star-daily/star-parrot/rakudo-star-daily/install/bin/perl6-p...
# took 1 seconds
# took 5 seconds
# took 2 seconds
t/01-rk-integrate.t .. ok
All tests successful.
Files=1, Tests=6, 10 wallclock secs ( 0.02 usr  0.00 sys +  9.48 cusr  0.32 csys =  9.82 CPU)
Result: PASS

Testing modules/Math-Model with /home/coke/sandbox/rakudo-star-daily/star-parrot/rakudo-star-daily/install/bin/perl6-p...
# result: ("b" => [0, 0.3, 0.6, 0.9, 1.2, 1.5, 1.8, 2.1, 2.4, 2.7, 3.0, 3.3, 3.6, 3.9, 4.2, 4.5, 4.8, 5.1, 5.4, 5.7, 6.0], "time" => [0, 0.15, 0.3, 0.45, 0.6, 0.75, 0.9, 1.05, 1.2, 1.35, 1.5, 1.65, 1.8, 1.95, 2.1, 2.25, 2.4, 2.55, 2.7, 2.85, 3.0]).hash
t/basic.t .. ok
All tests successful.
Files=1, Tests=6, 13 wallclock secs ( 0.02 usr  0.01 sys + 13.03 cusr  0.35 csys = 13.41 CPU)
Result: PASS

Testing modules/perl6-Term-ANSIColor with /home/coke/sandbox/rakudo-star-daily/star-parrot/rakudo-star-daily/install/bin/perl6-p...
t/00-load.t .. ok
All tests successful.
Files=1, Tests=1,  1 wallclock secs ( 0.02 usr  0.00 sys +  0.94 cusr  0.26 csys =  1.22 CPU)
Result: PASS

Testing modules/test-mock with /home/coke/sandbox/rakudo-star-daily/star-parrot/rakudo-star-daily/install/bin/perl6-p...
t/returning.t .. ok
t/synopsis.t ... ok
t/with.t ....... ok
All tests successful.
Files=3, Tests=13,  5 wallclock secs ( 0.04 usr  0.02 sys +  4.02 cusr  0.90 csys =  4.98 CPU)
Result: PASS

Testing modules/Grammar-Profiler-Simple with /home/coke/sandbox/rakudo-star-daily/star-parrot/rakudo-star-daily/install/bin/perl6-p...
t/csv.t .. ok
All tests successful.
Files=1, Tests=15,  3 wallclock secs ( 0.02 usr  0.01 sys +  2.67 cusr  0.23 csys =  2.93 CPU)
Result: PASS

Testing modules/grammar-debugger with /home/coke/sandbox/rakudo-star-daily/star-parrot/rakudo-star-daily/install/bin/perl6-p...
t/debugger.t .. ok
t/tracer.t .... ok
All tests successful.
Files=2, Tests=2,  3 wallclock secs ( 0.02 usr  0.01 sys +  2.78 cusr  0.53 csys =  3.34 CPU)
Result: PASS

Testing modules/Perl6-MIME-Base64 with /home/coke/sandbox/rakudo-star-daily/star-parrot/rakudo-star-daily/install/bin/perl6-p...
t/basic.t ................. ok
t/binary-and-long-line.t .. ok
t/rfc4648-test-vector.t ... ok
All tests successful.
Files=3, Tests=45, 11 wallclock secs ( 0.03 usr  0.02 sys +  9.59 cusr  0.83 csys = 10.47 CPU)
Result: PASS

Testing modules/uri with /home/coke/sandbox/rakudo-star-daily/star-parrot/rakudo-star-daily/install/bin/perl6-p...
t/01.t ................... ok
t/escape.t ............... ok
t/november-urlencoded.t .. ok
t/rfc-3986-examples.t .... ok
All tests successful.
Files=4, Tests=91, 12 wallclock secs ( 0.04 usr  0.01 sys + 10.98 cusr  1.32 csys = 12.35 CPU)
Result: PASS

Testing modules/perl6-lwp-simple with /home/coke/sandbox/rakudo-star-daily/star-parrot/rakudo-star-daily/install/bin/perl6-p...
t/000-load-module.t ............. ok
t/basic-auth.t .................. ok
t/custom-headers-and-content.t .. ok
t/get-binary-camelia.t .......... ok
t/get-chunked-6guts.t ........... ok
t/get-perl6-org.t ............... ok
t/get-unsized.t ................. ok
t/get-w3-latin1-utf8.t .......... ok
t/get-w3-redirect.t ............. ok
t/getstore.t .................... ok
t/parse-url.t ................... ok
t/socket-sanity.t ............... ok
t/stringify-headers.t ........... ok
All tests successful.
Files=13, Tests=55, 53 wallclock secs ( 0.07 usr  0.02 sys + 44.54 cusr  4.29 csys = 48.92 CPU)
Result: PASS

Testing modules/json with /home/coke/sandbox/rakudo-star-daily/star-parrot/rakudo-star-daily/install/bin/perl6-p...
t/01-parse.t ...... ok
t/02-structure.t .. ok
t/03-unicode.t .... ok
t/04-roundtrip.t .. ok
All tests successful.
Files=4, Tests=119, 11 wallclock secs ( 0.08 usr  0.02 sys + 10.16 cusr  1.28 csys = 11.54 CPU)
Result: PASS

Testing modules/perl6-digest-md5 with /home/coke/sandbox/rakudo-star-daily/star-parrot/rakudo-star-daily/install/bin/perl6-p...
t/0-load-module.t .. ok
Cannot call 'postcircumfix:<[ ]>'; none of these signatures match:
:(Any \SELF, int $pos)
:(Any \SELF, int $pos, \assignee)
:(Any \SELF, int $pos, :BIND($BIND)!)
:(Any \SELF, int $pos, Any :SINK($SINK)!, *%other)
:(Any \SELF, int $pos, Any :delete($delete)!, *%other)
:(Any \SELF, int $pos, Any :exists($exists)!, *%other)
:(Any \SELF, int $pos, Any :kv($kv)!, *%other)
:(Any \SELF, int $pos, Any :p($p)!, *%other)
:(Any \SELF, int $pos, Any :k($k)!, *%other)
:(Any \SELF, int $pos, Any :v($v)!, *%other)
:(Any \SELF, Any \pos)
:(Any \SELF, Any \pos, \assignee)
:(Any \SELF, Any \pos, :BIND($BIND)!)
:(Any \SELF, Any \pos, Any :SINK($SINK)!, *%other)
:(Any \SELF, Any \pos, Any :delete($delete)!, *%other)
:(Any \SELF, Any \pos, Any :exists($exists)!, *%other)
:(Any \SELF, Any \pos, Any :kv($kv)!, *%other)
:(Any \SELF, Any \pos, Any :p($p)!, *%other)
:(Any \SELF, Any \pos, Any :k($k)!, *%other)
:(Any \SELF, Any \pos, Any :v($v)!, *%other)
:(Any \SELF, Positional \pos)
:(Any \SELF, Positional \pos, \assignee)
:(Any \SELF, Positional \pos, Any :BIND($BIND)!)
:(Any \SELF, Positional \pos, Any :SINK($SINK)!, *%other)
:(Any \SELF, Positional \pos, Any :delete($delete)!, *%other)
:(Any \SELF, Positional \pos, Any :exists($exists)!, *%other)
:(Any \SELF, Positional \pos, Any :kv($kv)!, *%other)
:(Any \SELF, Positional \pos, Any :p($p)!, *%other)
:(Any \SELF, Positional \pos, Any :k($k)!, *%other)
:(Any \SELF, Positional \pos, Any :v($v)!, *%other)
:(Any \SELF, $block)
:(Any \SELF, $block, \assignee)
:(Any \SELF, $block, Any :BIND($BIND)!)
:(Any \SELF, $block, Any :SINK($SINK)!, *%other)
:(Any \SELF, $block, Any :delete($delete)!, *%other)
:(Any \SELF, $block, Any :exists($exists)!, *%other)
:(Any \SELF, $block, Any :kv($kv)!, *%other)
:(Any \SELF, $block, Any :p($p)!, *%other)
:(Any \SELF, $block, Any :k($k)!, *%other)
:(Any \SELF, $block, Any :v($v)!, *%other)
:(Any \SELF, Whatever)
:(Any \SELF, Whatever, \assignee)
:(Any \SELF, Whatever, Any :BIND($BIND)!)
:(Any \SELF, Whatever, Any :SINK($SINK)!, *%other)
:(Any \SELF, Whatever, Any :delete($delete)!, *%other)
:(Any \SELF, Whatever, Any :exists($exists)!, *%other)
:(Any \SELF, Whatever, Any :kv($kv)!, *%other)
:(Any \SELF, Whatever, Any :p($p)!, *%other)
:(Any \SELF, Whatever, Any :k($k)!, *%other)
:(Any \SELF, Whatever, Any :v($v)!, *%other)
:(Any \SELF, HyperWhatever, *%adv)
:(Any \SELF, HyperWhatever, \assignee, *%adv)
:(Any \SELF)
:(Any \SELF, Any :BIND($BIND)!)
:(Any \SELF, Any :SINK($SINK)!, *%other)
:(Any \SELF, Any :delete($delete)!, *%other)
:(Any \SELF, Any :exists($exists)!, *%other)
:(Any \SELF, Any :kv($kv)!, *%other)
:(Any \SELF, Any :p($p)!, *%other)
:(Any \SELF, Any :k($k)!, *%other)
:(Any \SELF, Any :v($v)!, *%other)
:(Any \SELF is rw, LoL \keys, *%adv)
:(Any \SELF is rw, LoL \keys, \assignee, *%adv)
  in any  at gen/parrot/BOOTSTRAP.nqp:1223
  in sub postcircumfix:<[ ]> at gen/parrot/CORE.setting:2614
  in sub md5-block at /home/coke/sandbox/rakudo-star-daily/star-parrot/rakudo-star-daily/install/lib/6.7.0-devel/languages/perl6/lib/Digest/MD5.pm:40
  in sub md5 at /home/coke/sandbox/rakudo-star-daily/star-parrot/rakudo-star-daily/install/lib/6.7.0-devel/languages/perl6/lib/Digest/MD5.pm:48
  in method md5_hex at /home/coke/sandbox/rakudo-star-daily/star-parrot/rakudo-star-daily/install/lib/6.7.0-devel/languages/perl6/lib/Digest/MD5.pm:53
  in method AUTOGEN at gen/parrot/CORE.setting:589
  in block <unit> at t/perl5-compat.t:18

Method 'close' not found for invocant of class 'Any'
current instr.: 'print_exception' pc 143701 (src/gen/p-CORE.setting.pir:62121) (gen/parrot/CORE.setting:12083)
called from Sub 'throw' pc 441452 (src/gen/p-CORE.setting.pir:185510) (gen/parrot/CORE.setting:11933)
called from Sub '' pc 146042 (src/gen/p-CORE.setting.pir:63065) (gen/parrot/CORE.setting:13402)
called from Sub '' pc 22421 (src/gen/perl6-bootstrap.pir:7390) (gen/parrot/BOOTSTRAP.nqp:1223)
called from Sub 'postcircumfix:<[ ]>' pc 69687 (src/gen/p-CORE.setting.pir:29098) (gen/parrot/CORE.setting:2614)
called from Sub '' pc 2554 (/home/coke/sandbox/rakudo-star-daily/star-parrot/rakudo-star-daily/install/lib/6.7.0-devel/languages/perl6/lib/Digest/MD5.pm.pir:858) (/home/coke/sandbox/rakudo-star-daily/star-parrot/rakudo-star-daily/install/lib/6.7.0-devel/languages/perl6/lib/Digest/MD5.pm:40)
called from Sub 'md5-block' pc 2274 (/home/coke/sandbox/rakudo-star-daily/star-parrot/rakudo-star-daily/install/lib/6.7.0-devel/languages/perl6/lib/Digest/MD5.pm.pir:787) (/home/coke/sandbox/rakudo-star-daily/star-parrot/rakudo-star-daily/install/lib/6.7.0-devel/languages/perl6/lib/Digest/MD5.pm:37)
called from Sub '' pc 2895 (/home/coke/sandbox/rakudo-star-daily/star-parrot/rakudo-star-daily/install/lib/6.7.0-devel/languages/perl6/lib/Digest/MD5.pm.pir:944) (/home/coke/sandbox/rakudo-star-daily/star-parrot/rakudo-star-daily/install/lib/6.7.0-devel/languages/perl6/lib/Digest/MD5.pm:48)
called from Sub '' pc 360369 (src/gen/p-CORE.setting.pir:152021) (gen/parrot/CORE.setting:8121)
called from Sub 'reify' pc 359311 (src/gen/p-CORE.setting.pir:151637) (gen/parrot/CORE.setting:8066)
called from Sub '' pc 357753 (src/gen/p-CORE.setting.pir:150925) (gen/parrot/CORE.setting:7983)
called from Sub 'reify' pc 356886 (src/gen/p-CORE.setting.pir:150589) (gen/parrot/CORE.setting:7950)
called from Sub 'gimme' pc 365426 (src/gen/p-CORE.setting.pir:154296) (gen/parrot/CORE.setting:8452)
called from Sub 'sink' pc 378413 (src/gen/p-CORE.setting.pir:159417) (gen/parrot/CORE.setting:8921)
called from Sub 'md5' pc 2777 (/home/coke/sandbox/rakudo-star-daily/star-parrot/rakudo-star-daily/install/lib/6.7.0-devel/languages/perl6/lib/Digest/MD5.pm.pir:913) (/home/coke/sandbox/rakudo-star-daily/star-parrot/rakudo-star-daily/install/lib/6.7.0-devel/languages/perl6/lib/Digest/MD5.pm:48)
called from Sub 'md5_hex' pc 2943 (/home/coke/sandbox/rakudo-star-daily/star-parrot/rakudo-star-daily/install/lib/6.7.0-devel/languages/perl6/lib/Digest/MD5.pm.pir:971) (/home/coke/sandbox/rakudo-star-daily/star-parrot/rakudo-star-daily/install/lib/6.7.0-devel/languages/perl6/lib/Digest/MD5.pm:53)
called from Sub 'AUTOGEN' pc 39056 (src/gen/p-CORE.setting.pir:16270) (gen/parrot/CORE.setting:589)
called from Sub '' pc 241 ((file unknown):141) (t/perl5-compat.t:18)
called from Sub '' pc 360369 (src/gen/p-CORE.setting.pir:152021) (gen/parrot/CORE.setting:8121)
called from Sub 'reify' pc 359311 (src/gen/p-CORE.setting.pir:151637) (gen/parrot/CORE.setting:8066)
called from Sub '' pc 357753 (src/gen/p-CORE.setting.pir:150925) (gen/parrot/CORE.setting:7983)
called from Sub 'reify' pc 356886 (src/gen/p-CORE.setting.pir:150589) (gen/parrot/CORE.setting:7950)
called from Sub 'gimme' pc 365426 (src/gen/p-CORE.setting.pir:154296) (gen/parrot/CORE.setting:8452)
called from Sub 'sink' pc 378413 (src/gen/p-CORE.setting.pir:159417) (gen/parrot/CORE.setting:8921)
called from Sub '<unit>' pc 204 ((file unknown):120) (t/perl5-compat.t:16)
called from Sub '<unit-outer>' pc 17 ((file unknown):21) (t/perl5-compat.t:1)
called from Sub 'eval' pc 27839 (gen/parrot/stage2/NQPHLL.pir:10706) (gen/parrot/stage2/NQPHLL.nqp:1173)
called from Sub 'evalfiles' pc 30722 (gen/parrot/stage2/NQPHLL.pir:11905) (gen/parrot/stage2/NQPHLL.nqp:1367)
called from Sub 'command_eval' pc 29772 (gen/parrot/stage2/NQPHLL.pir:11524) (gen/parrot/stage2/NQPHLL.nqp:1304)
called from Sub 'command_eval' pc 355 (src/gen/perl6-compiler.pir:186) (src/Perl6/Compiler.nqp:17)
called from Sub 'command_line' pc 28603 (gen/parrot/stage2/NQPHLL.pir:11066) (gen/parrot/stage2/NQPHLL.nqp:1245)
called from Sub 'MAIN' pc 350 (src/gen/perl6.pir:129) (gen/parrot/main.nqp:39)
called from Sub '<mainline>' pc 317 (src/gen/perl6.pir:111) (gen/parrot/main.nqp:31)
called from Sub '' pc 1222 (src/gen/perl6.pir:438) (gen/parrot/main.nqp:55)

thrown from:
current instr.: '' pc 15284 (/home/coke/sandbox/rakudo-star-daily/star-parrot/rakudo-star-daily/install/lib/6.7.0-devel/languages/perl6/lib/Test.pm.pir:5676) (lib/Test.pm:464)
called from Sub '' pc 360369 (src/gen/p-CORE.setting.pir:152021) (gen/parrot/CORE.setting:8121)
called from Sub 'reify' pc 359311 (src/gen/p-CORE.setting.pir:151637) (gen/parrot/CORE.setting:8066)
called from Sub '' pc 357753 (src/gen/p-CORE.setting.pir:150925) (gen/parrot/CORE.setting:7983)
called from Sub 'reify' pc 356886 (src/gen/p-CORE.setting.pir:150589) (gen/parrot/CORE.setting:7950)
called from Sub 'gimme' pc 365426 (src/gen/p-CORE.setting.pir:154296) (gen/parrot/CORE.setting:8452)
called from Sub 'sink' pc 378413 (src/gen/p-CORE.setting.pir:159417) (gen/parrot/CORE.setting:8921)
called from Sub '' pc 14969 (/home/coke/sandbox/rakudo-star-daily/star-parrot/rakudo-star-daily/install/lib/6.7.0-devel/languages/perl6/lib/Test.pm.pir:5585) (lib/Test.pm:461)
called from Sub '' pc 42829 (src/gen/p-CORE.setting.pir:17987) (gen/parrot/CORE.setting:794)
called from Sub 'THE_END' pc 42770 (src/gen/p-CORE.setting.pir:17956) (gen/parrot/CORE.setting:794)
called from Sub '' pc 143978 (src/gen/p-CORE.setting.pir:62212) (gen/parrot/CORE.setting:12080)
called from Sub 'print_exception' pc 143701 (src/gen/p-CORE.setting.pir:62121) (gen/parrot/CORE.setting:12083)
called from Sub 'throw' pc 441452 (src/gen/p-CORE.setting.pir:185510) (gen/parrot/CORE.setting:11933)
called from Sub '' pc 146042 (src/gen/p-CORE.setting.pir:63065) (gen/parrot/CORE.setting:13402)
called from Sub '' pc 22421 (src/gen/perl6-bootstrap.pir:7390) (gen/parrot/BOOTSTRAP.nqp:1223)
called from Sub 'postcircumfix:<[ ]>' pc 69687 (src/gen/p-CORE.setting.pir:29098) (gen/parrot/CORE.setting:2614)
called from Sub '' pc 2554 (/home/coke/sandbox/rakudo-star-daily/star-parrot/rakudo-star-daily/install/lib/6.7.0-devel/languages/perl6/lib/Digest/MD5.pm.pir:858) (/home/coke/sandbox/rakudo-star-daily/star-parrot/rakudo-star-daily/install/lib/6.7.0-devel/languages/perl6/lib/Digest/MD5.pm:40)
called from Sub 'md5-block' pc 2274 (/home/coke/sandbox/rakudo-star-daily/star-parrot/rakudo-star-daily/install/lib/6.7.0-devel/languages/perl6/lib/Digest/MD5.pm.pir:787) (/home/coke/sandbox/rakudo-star-daily/star-parrot/rakudo-star-daily/install/lib/6.7.0-devel/languages/perl6/lib/Digest/MD5.pm:37)
called from Sub '' pc 2895 (/home/coke/sandbox/rakudo-star-daily/star-parrot/rakudo-star-daily/install/lib/6.7.0-devel/languages/perl6/lib/Digest/MD5.pm.pir:944) (/home/coke/sandbox/rakudo-star-daily/star-parrot/rakudo-star-daily/install/lib/6.7.0-devel/languages/perl6/lib/Digest/MD5.pm:48)
called from Sub '' pc 360369 (src/gen/p-CORE.setting.pir:152021) (gen/parrot/CORE.setting:8121)
called from Sub 'reify' pc 359311 (src/gen/p-CORE.setting.pir:151637) (gen/parrot/CORE.setting:8066)
called from Sub '' pc 357753 (src/gen/p-CORE.setting.pir:150925) (gen/parrot/CORE.setting:7983)
called from Sub 'reify' pc 356886 (src/gen/p-CORE.setting.pir:150589) (gen/parrot/CORE.setting:7950)
called from Sub 'gimme' pc 365426 (src/gen/p-CORE.setting.pir:154296) (gen/parrot/CORE.setting:8452)
called from Sub 'sink' pc 378413 (src/gen/p-CORE.setting.pir:159417) (gen/parrot/CORE.setting:8921)
called from Sub 'md5' pc 2777 (/home/coke/sandbox/rakudo-star-daily/star-parrot/rakudo-star-daily/install/lib/6.7.0-devel/languages/perl6/lib/Digest/MD5.pm.pir:913) (/home/coke/sandbox/rakudo-star-daily/star-parrot/rakudo-star-daily/install/lib/6.7.0-devel/languages/perl6/lib/Digest/MD5.pm:48)
called from Sub 'md5_hex' pc 2943 (/home/coke/sandbox/rakudo-star-daily/star-parrot/rakudo-star-daily/install/lib/6.7.0-devel/languages/perl6/lib/Digest/MD5.pm.pir:971) (/home/coke/sandbox/rakudo-star-daily/star-parrot/rakudo-star-daily/install/lib/6.7.0-devel/languages/perl6/lib/Digest/MD5.pm:53)
called from Sub 'AUTOGEN' pc 39056 (src/gen/p-CORE.setting.pir:16270) (gen/parrot/CORE.setting:589)
called from Sub '' pc 241 ((file unknown):141) (t/perl5-compat.t:18)
called from Sub '' pc 360369 (src/gen/p-CORE.setting.pir:152021) (gen/parrot/CORE.setting:8121)
called from Sub 'reify' pc 359311 (src/gen/p-CORE.setting.pir:151637) (gen/parrot/CORE.setting:8066)
called from Sub '' pc 357753 (src/gen/p-CORE.setting.pir:150925) (gen/parrot/CORE.setting:7983)
called from Sub 'reify' pc 356886 (src/gen/p-CORE.setting.pir:150589) (gen/parrot/CORE.setting:7950)
called from Sub 'gimme' pc 365426 (src/gen/p-CORE.setting.pir:154296) (gen/parrot/CORE.setting:8452)
called from Sub 'sink' pc 378413 (src/gen/p-CORE.setting.pir:159417) (gen/parrot/CORE.setting:8921)
called from Sub '<unit>' pc 204 ((file unknown):120) (t/perl5-compat.t:16)
called from Sub '<unit-outer>' pc 17 ((file unknown):21) (t/perl5-compat.t:1)
called from Sub 'eval' pc 27839 (gen/parrot/stage2/NQPHLL.pir:10706) (gen/parrot/stage2/NQPHLL.nqp:1173)
called from Sub 'evalfiles' pc 30722 (gen/parrot/stage2/NQPHLL.pir:11905) (gen/parrot/stage2/NQPHLL.nqp:1367)
called from Sub 'command_eval' pc 29772 (gen/parrot/stage2/NQPHLL.pir:11524) (gen/parrot/stage2/NQPHLL.nqp:1304)
called from Sub 'command_eval' pc 355 (src/gen/perl6-compiler.pir:186) (src/Perl6/Compiler.nqp:17)
called from Sub 'command_line' pc 28603 (gen/parrot/stage2/NQPHLL.pir:11066) (gen/parrot/stage2/NQPHLL.nqp:1245)
called from Sub 'MAIN' pc 350 (src/gen/perl6.pir:129) (gen/parrot/main.nqp:39)
called from Sub '<mainline>' pc 317 (src/gen/perl6.pir:111) (gen/parrot/main.nqp:31)
called from Sub '' pc 1222 (src/gen/perl6.pir:438) (gen/parrot/main.nqp:55)
t/perl5-compat.t ... 
Dubious, test returned 1 (wstat 256, 0x100)
No subtests run 

Test Summary Report
-------------------
t/perl5-compat.t (Wstat: 256 Tests: 0 Failed: 0)
  Non-zero exit status: 1
  Parse errors: No plan found in TAP output
Files=2, Tests=1, 55 wallclock secs ( 0.02 usr  0.01 sys + 54.80 cusr  0.52 csys = 55.35 CPU)
Result: FAIL

Testing modules/file-find with /home/coke/sandbox/rakudo-star-daily/star-parrot/rakudo-star-daily/install/bin/perl6-p...
t/01-file-find.t .. ok
All tests successful.
Files=1, Tests=10,  5 wallclock secs ( 0.03 usr  0.00 sys +  4.91 cusr  0.35 csys =  5.29 CPU)
Result: PASS

Testing modules/shell-command with /home/coke/sandbox/rakudo-star-daily/star-parrot/rakudo-star-daily/install/bin/perl6-p...
t/02-shell-command.t .. ok
All tests successful.
Files=1, Tests=12,  5 wallclock secs ( 0.02 usr  0.01 sys +  3.90 cusr  0.23 csys =  4.16 CPU)
Result: PASS

Testing modules/panda with /home/coke/sandbox/rakudo-star-daily/star-parrot/rakudo-star-daily/install/bin/perl6-p...
t/builder.t .... ok
t/common.t ..... ok
use of uninitialized value $state of type Any in string context  in block  at /home/coke/sandbox/rakudo-star-daily/star-parrot/rakudo-star-daily/install/lib/6.7.0-devel/languages/perl6/lib/Panda/Ecosystem.pm:28

use of uninitialized value of type Any in string context  in any  at gen/parrot/BOOTSTRAP.nqp:87

No such method 'chars' for invocant of type 'Any'
  in method parse at gen/parrot/CORE.setting:13806
  in sub from-json at /home/coke/sandbox/rakudo-star-daily/star-parrot/rakudo-star-daily/install/lib/6.7.0-devel/languages/perl6/lib/JSON/Tiny.pm:50
  in block  at /home/coke/sandbox/rakudo-star-daily/star-parrot/rakudo-star-daily/install/lib/6.7.0-devel/languages/perl6/lib/Panda/Ecosystem.pm:29
  in submethod BUILD at /home/coke/sandbox/rakudo-star-daily/star-parrot/rakudo-star-daily/install/lib/6.7.0-devel/languages/perl6/lib/Panda/Ecosystem.pm:24
  in method BUILDALL at gen/parrot/CORE.setting:950
  in method bless at gen/parrot/CORE.setting:933
  in method new at gen/parrot/CORE.setting:918
  in method new at gen/parrot/CORE.setting:916
  in block <unit> at t/ecosystem.t:11

t/ecosystem.t .. 
Dubious, test returned 255 (wstat 65280, 0xff00)
Failed 14/14 subtests 
Copying blib/lib/bar.pod to /home/coke/sandbox/rakudo-star-daily/star-parrot/rakudo-star-daily/modules/panda/removeme/lib/bar.pod
Copying blib/lib/baz.js to /home/coke/sandbox/rakudo-star-daily/star-parrot/rakudo-star-daily/modules/panda/removeme/lib/baz.js
Copying blib/lib/foo.pm to /home/coke/sandbox/rakudo-star-daily/star-parrot/rakudo-star-daily/modules/panda/removeme/lib/foo.pm
Copying blib/lib/foo.jar to /home/coke/sandbox/rakudo-star-daily/star-parrot/rakudo-star-daily/modules/panda/removeme/lib/foo.jar
Copying blib/lib/foo.moarvm to /home/coke/sandbox/rakudo-star-daily/star-parrot/rakudo-star-daily/modules/panda/removeme/lib/foo.moarvm
Copying blib/lib/foo.pir to /home/coke/sandbox/rakudo-star-daily/star-parrot/rakudo-star-daily/modules/panda/removeme/lib/foo.pir
Copying bin/bar to /home/coke/sandbox/rakudo-star-daily/star-parrot/rakudo-star-daily/modules/panda/removeme/bin/bar
t/installer.t .. ok

# Failed test at t/fail.t line 1
# Looks like you failed 1 tests of 1
t/tester.t ..... ok

Test Summary Report
-------------------
t/ecosystem.t (Wstat: 65280 Tests: 0 Failed: 0)
  Non-zero exit status: 255
  Parse errors: Bad plan.  You planned 14 tests but ran 0.
Files=5, Tests=19, 16 wallclock secs ( 0.04 usr  0.01 sys + 14.30 cusr  2.10 csys = 16.45 CPU)
Result: FAIL

Testing modules/perl6-http-status with /home/coke/sandbox/rakudo-star-daily/star-parrot/rakudo-star-daily/install/bin/perl6-p...
t/01-basic.t .. ok
All tests successful.
Files=1, Tests=4,  1 wallclock secs ( 0.02 usr  0.01 sys +  0.91 cusr  0.23 csys =  1.17 CPU)
Result: PASS

Testing modules/PSGI with /home/coke/sandbox/rakudo-star-daily/star-parrot/rakudo-star-daily/install/bin/perl6-p...
t/encode-psgi-response.t .. ok
All tests successful.
Files=1, Tests=24,  3 wallclock secs ( 0.03 usr  0.00 sys +  1.96 cusr  0.26 csys =  2.25 CPU)
Result: PASS

Testing modules/perl6-http-easy with /home/coke/sandbox/rakudo-star-daily/star-parrot/rakudo-star-daily/install/bin/perl6-p...
...no t/ directory found.

Testing modules/Template-Mojo with /home/coke/sandbox/rakudo-star-daily/star-parrot/rakudo-star-daily/install/bin/perl6-p...

# Failed test 'not enough arguments'
# at t/00-basic.t line 50

# Failed test 'too many arguments'
# at t/00-basic.t line 59
# Looks like you failed 2 tests of 17
t/00-basic.t ..... 
Dubious, test returned 2 (wstat 512, 0x200)
Failed 2/17 subtests 
t/01-template.t .. ok
t/02-complex.t ... ok

Test Summary Report
-------------------
t/00-basic.t   (Wstat: 512 Tests: 17 Failed: 2)
  Failed tests:  16-17
  Non-zero exit status: 2
Files=3, Tests=21,  7 wallclock secs ( 0.03 usr  0.01 sys +  6.08 cusr  0.76 csys =  6.88 CPU)
Result: FAIL

Testing modules/Bailador with /home/coke/sandbox/rakudo-star-daily/star-parrot/rakudo-star-daily/install/bin/perl6-p...
t/01-route-existance.t ... ok
t/02-response-status.t ... ok
t/03-response-content.t .. ok
t/04-templates.t ......... ok
t/05-post-content.t ...... ok
All tests successful.
Files=5, Tests=19, 15 wallclock secs ( 0.04 usr  0.01 sys + 13.59 cusr  1.60 csys = 15.24 CPU)
Result: PASS

Testing modules/DBIish with /home/coke/sandbox/rakudo-star-daily/star-parrot/rakudo-star-daily/install/bin/perl6-p...
t/05-mock.t ........... ok
# Connect failed with error Cannot locate native library 'libmysqlclient.so'
t/10-mysql.t .......... ok
# Connect failed with error Cannot locate native library 'libmysqlclient.so'
t/25-mysql-common.t ... ok
t/30-Pg.t ............. ok
# Connect failed with error Cannot locate native library 'libpq.so'
t/35-Pg-common.t ...... ok
Code object coerced to string (please use .gist or .perl to do that)  in block <unit> at EVAL_0:121

Code object coerced to string (please use .gist or .perl to do that)  in block <unit> at EVAL_0:121

Code object coerced to string (please use .gist or .perl to do that)  in block <unit> at EVAL_0:121

Code object coerced to string (please use .gist or .perl to do that)  in block <unit> at EVAL_0:121

Code object coerced to string (please use .gist or .perl to do that)  in block <unit> at EVAL_0:121

Code object coerced to string (please use .gist or .perl to do that)  in block <unit> at EVAL_0:121

Code object coerced to string (please use .gist or .perl to do that)  in block <unit> at EVAL_0:121

Code object coerced to string (please use .gist or .perl to do that)  in block <unit> at EVAL_0:121

Code object coerced to string (please use .gist or .perl to do that)  in block <unit> at EVAL_0:121

Code object coerced to string (please use .gist or .perl to do that)  in block <unit> at EVAL_0:121

Code object coerced to string (please use .gist or .perl to do that)  in block <unit> at EVAL_0:121

Code object coerced to string (please use .gist or .perl to do that)  in block <unit> at EVAL_0:121

Code object coerced to string (please use .gist or .perl to do that)  in block <unit> at EVAL_0:121

Code object coerced to string (please use .gist or .perl to do that)  in block <unit> at EVAL_0:121

Code object coerced to string (please use .gist or .perl to do that)  in block <unit> at EVAL_0:121

Code object coerced to string (please use .gist or .perl to do that)  in block <unit> at EVAL_0:121

Code object coerced to string (please use .gist or .perl to do that)  in block <unit> at EVAL_0:121

Code object coerced to string (please use .gist or .perl to do that)  in block <unit> at EVAL_0:121

Code object coerced to string (please use .gist or .perl to do that)  in block <unit> at EVAL_0:121

Code object coerced to string (please use .gist or .perl to do that)  in block <unit> at EVAL_0:121

Code object coerced to string (please use .gist or .perl to do that)  in block <unit> at EVAL_0:177

Code object coerced to string (please use .gist or .perl to do that)  in block <unit> at EVAL_0:177

Code object coerced to string (please use .gist or .perl to do that)  in block <unit> at EVAL_0:177

Code object coerced to string (please use .gist or .perl to do that)  in block <unit> at EVAL_0:177

Code object coerced to string (please use .gist or .perl to do that)  in block <unit> at EVAL_0:177

Code object coerced to string (please use .gist or .perl to do that)  in block <unit> at EVAL_0:177

Code object coerced to string (please use .gist or .perl to do that)  in block <unit> at EVAL_0:177

Code object coerced to string (please use .gist or .perl to do that)  in block <unit> at EVAL_0:177

Code object coerced to string (please use .gist or .perl to do that)  in block <unit> at EVAL_0:177

Code object coerced to string (please use .gist or .perl to do that)  in block <unit> at EVAL_0:177

Code object coerced to string (please use .gist or .perl to do that)  in block <unit> at EVAL_0:177

Code object coerced to string (please use .gist or .perl to do that)  in block <unit> at EVAL_0:177

Code object coerced to string (please use .gist or .perl to do that)  in block <unit> at EVAL_0:177

Code object coerced to string (please use .gist or .perl to do that)  in block <unit> at EVAL_0:177

Code object coerced to string (please use .gist or .perl to do that)  in block <unit> at EVAL_0:177

Code object coerced to string (please use .gist or .perl to do that)  in block <unit> at EVAL_0:177

Code object coerced to string (please use .gist or .perl to do that)  in block <unit> at EVAL_0:177

Code object coerced to string (please use .gist or .perl to do that)  in block <unit> at EVAL_0:177

Code object coerced to string (please use .gist or .perl to do that)  in block <unit> at EVAL_0:177

Code object coerced to string (please use .gist or .perl to do that)  in block <unit> at EVAL_0:177

Code object coerced to string (please use .gist or .perl to do that)  in block <unit> at EVAL_0:186

Code object coerced to string (please use .gist or .perl to do that)  in block <unit> at EVAL_0:186

Code object coerced to string (please use .gist or .perl to do that)  in block <unit> at EVAL_0:186

Code object coerced to string (please use .gist or .perl to do that)  in block <unit> at EVAL_0:186

Code object coerced to string (please use .gist or .perl to do that)  in block <unit> at EVAL_0:186

Code object coerced to string (please use .gist or .perl to do that)  in block <unit> at EVAL_0:186

Code object coerced to string (please use .gist or .perl to do that)  in block <unit> at EVAL_0:186

Code object coerced to string (please use .gist or .perl to do that)  in block <unit> at EVAL_0:186

Code object coerced to string (please use .gist or .perl to do that)  in block <unit> at EVAL_0:186

Code object coerced to string (please use .gist or .perl to do that)  in block <unit> at EVAL_0:186

Code object coerced to string (please use .gist or .perl to do that)  in block <unit> at EVAL_0:186

Code object coerced to string (please use .gist or .perl to do that)  in block <unit> at EVAL_0:186

Code object coerced to string (please use .gist or .perl to do that)  in block <unit> at EVAL_0:186

Code object coerced to string (please use .gist or .perl to do that)  in block <unit> at EVAL_0:186

Code object coerced to string (please use .gist or .perl to do that)  in block <unit> at EVAL_0:186

Code object coerced to string (please use .gist or .perl to do that)  in block <unit> at EVAL_0:186

Code object coerced to string (please use .gist or .perl to do that)  in block <unit> at EVAL_0:186

Code object coerced to string (please use .gist or .perl to do that)  in block <unit> at EVAL_0:186

Code object coerced to string (please use .gist or .perl to do that)  in block <unit> at EVAL_0:186

Code object coerced to string (please use .gist or .perl to do that)  in block <unit> at EVAL_0:186

t/40-sqlite-common.t .. ok
All tests successful.
Files=6, Tests=218, 41 wallclock secs ( 0.06 usr  0.02 sys + 38.67 cusr  2.06 csys = 40.81 CPU)
Result: PASS

Testing modules/jsonrpc with /home/coke/sandbox/rakudo-star-daily/star-parrot/rakudo-star-daily/install/bin/perl6-p...
t/client.t .. ok

# Failed test 'notification was processed'
# at t/server.t line 239
# expected: '7'
#      got: '0'
# Looks like you failed 1 tests of 29
t/server.t .. 
Dubious, test returned 1 (wstat 256, 0x100)
Failed 1/29 subtests 

Test Summary Report
-------------------
t/server.t (Wstat: 256 Tests: 29 Failed: 1)
  Failed test:  29
  Non-zero exit status: 1
Files=2, Tests=68, 40 wallclock secs ( 0.05 usr  0.01 sys + 39.43 cusr  0.86 csys = 40.35 CPU)
Result: FAIL

Testing modules/Pod-To-HTML with /home/coke/sandbox/rakudo-star-daily/star-parrot/rakudo-star-daily/install/bin/perl6-p...
t/01-basic.t .... ok
t/02-code.t ..... ok
t/03-comment.t .. ok
t/04-lists.t .... ok
All tests successful.
Files=4, Tests=8, 11 wallclock secs ( 0.02 usr  0.01 sys +  9.10 cusr  1.24 csys = 10.37 CPU)
Result: PASS

Testing modules/doc with /home/coke/sandbox/rakudo-star-daily/star-parrot/rakudo-star-daily/install/bin/perl6-p...
t/typegraph.t .. 
No subtests run 

Test Summary Report
-------------------
t/typegraph.t (Wstat: 139 Tests: 0 Failed: 0)
  Non-zero wait status: 139
  Parse errors: No plan found in TAP output
Files=1, Tests=0,  8 wallclock secs ( 0.02 usr  0.00 sys +  7.00 cusr  0.37 csys =  7.39 CPU)
Result: FAIL

Testing modules/rakudo-debugger with /home/coke/sandbox/rakudo-star-daily/star-parrot/rakudo-star-daily/install/bin/perl6-p...
...no t/ directory found.

