/usr/bin/perl tools/build/modules-test.pl /home/coke/sandbox/rakudo-star-daily/star/rakudo-star-daily /home/coke/sandbox/rakudo-star-daily/star/rakudo-star-daily/install/bin/perl6-p modules/MODULES.txt
Testing modules/zavolaj...
t/01-argless.t ......... ok
t/02-simple-args.c: In function ‘TakeInt’:
t/02-simple-args.c:12:9: warning: too many arguments for format [-Wformat-extra-args]
         printf("ok 1 - got passed int 42\n", x);
         ^
t/02-simple-args.c:14:9: warning: too many arguments for format [-Wformat-extra-args]
         printf("not ok 1 - got passed int 42\n", x);
         ^
t/02-simple-args.c: In function ‘TakeTwoShorts’:
t/02-simple-args.c:21:9: warning: too many arguments for format [-Wformat-extra-args]
         printf("ok 2 - got passed short 10\n", x);
         ^
t/02-simple-args.c:23:9: warning: too many arguments for format [-Wformat-extra-args]
         printf("not ok 2 - got passed short 10\n", x);
         ^
t/02-simple-args.c:25:9: warning: too many arguments for format [-Wformat-extra-args]
         printf("ok 3 - got passed short 20\n", x);
         ^
t/02-simple-args.c:27:9: warning: too many arguments for format [-Wformat-extra-args]
         printf("not ok 3 - got passed short 20\n", x);
         ^
t/02-simple-args.c: In function ‘AssortedIntArgs’:
t/02-simple-args.c:34:9: warning: too many arguments for format [-Wformat-extra-args]
         printf("ok 4 - got passed int 101\n", x);
         ^
t/02-simple-args.c:36:9: warning: too many arguments for format [-Wformat-extra-args]
         printf("not ok 4 - got passed int 101\n", x);
         ^
t/02-simple-args.c:38:9: warning: too many arguments for format [-Wformat-extra-args]
         printf("ok 5 - got passed short 102\n", x);
         ^
t/02-simple-args.c:40:9: warning: too many arguments for format [-Wformat-extra-args]
         printf("not ok 5 - got passed short 102\n", x);
         ^
t/02-simple-args.c:42:9: warning: too many arguments for format [-Wformat-extra-args]
         printf("ok 6 - got passed char 103\n", x);
         ^
t/02-simple-args.c:44:9: warning: too many arguments for format [-Wformat-extra-args]
         printf("not ok 6 - got passed char 103\n", x);
         ^
t/02-simple-args.c: In function ‘TakeADouble’:
t/02-simple-args.c:51:9: warning: too many arguments for format [-Wformat-extra-args]
         printf("ok 7 - got passed double -6.9\n", x);
         ^
t/02-simple-args.c:53:9: warning: too many arguments for format [-Wformat-extra-args]
         printf("not ok 7 - got passed double -6.9\n", x);
         ^
t/02-simple-args.c: In function ‘TakeAFloat’:
t/02-simple-args.c:60:9: warning: too many arguments for format [-Wformat-extra-args]
         printf("ok 8 - got passed float 4.2\n", x);
         ^
t/02-simple-args.c:62:9: warning: too many arguments for format [-Wformat-extra-args]
         printf("not ok 8 - got passed float 4.2\n", x);
         ^
t/02-simple-args.t ..... ok
t/03-simple-returns.t .. ok
t/04-pointers.t ........ ok
t/05-arrays.t .......... ok
t/06-struct.t .......... ok
t/07-writebarrier.t .... ok
t/08-callbacks.t ....... ok
All tests successful.
Files=8, Tests=94, 22 wallclock secs ( 0.06 usr  0.02 sys + 20.01 cusr  2.12 csys = 22.21 CPU)
Result: PASS

Testing modules/xml-writer...
t/escaping.t ... ok
t/structure.t .. ok
All tests successful.
Files=2, Tests=11,  4 wallclock secs ( 0.03 usr  0.00 sys +  2.71 cusr  0.37 csys =  3.11 CPU)
Result: PASS

Testing modules/svg...
t/basics.t .. ok
All tests successful.
Files=1, Tests=3,  1 wallclock secs ( 0.04 usr  0.01 sys +  1.16 cusr  0.25 csys =  1.46 CPU)
Result: PASS

Testing modules/svg-plot...
t/series.t .. ok
t/ticks.t ... ok
All tests successful.
Files=2, Tests=10,  4 wallclock secs ( 0.03 usr  0.00 sys +  3.19 cusr  0.40 csys =  3.62 CPU)
Result: PASS

Testing modules/Math-RungeKutta...
t/01-rk-integrate.t .. ok
All tests successful.
Files=1, Tests=6, 11 wallclock secs ( 0.02 usr  0.01 sys + 10.30 cusr  0.25 csys = 10.58 CPU)
Result: PASS

Testing modules/Math-Model...
t/basic.t .. ok
All tests successful.
Files=1, Tests=6, 15 wallclock secs ( 0.01 usr  0.02 sys + 14.69 cusr  0.30 csys = 15.02 CPU)
Result: PASS

Testing modules/perl6-Term-ANSIColor...
t/00-load.t .. ok
All tests successful.
Files=1, Tests=1,  1 wallclock secs ( 0.02 usr  0.00 sys +  0.77 cusr  0.22 csys =  1.01 CPU)
Result: PASS

Testing modules/test-mock...
t/returning.t .. ok
t/synopsis.t ... ok
t/with.t ....... ok
All tests successful.
Files=3, Tests=13,  4 wallclock secs ( 0.02 usr  0.01 sys +  3.79 cusr  0.72 csys =  4.54 CPU)
Result: PASS

Testing modules/Grammar-Profiler-Simple...
t/csv.t .. ok
All tests successful.
Files=1, Tests=15,  4 wallclock secs ( 0.02 usr  0.00 sys +  2.72 cusr  0.30 csys =  3.04 CPU)
Result: PASS

Testing modules/grammar-debugger...
t/tracer.t .. ok
All tests successful.
Files=1, Tests=1,  3 wallclock secs ( 0.02 usr  0.01 sys +  2.75 cusr  0.28 csys =  3.06 CPU)
Result: PASS

Testing modules/Perl6-MIME-Base64...
[31m===[0mSORRY![31m===[0m
Found a version control conflict marker
at /home/coke/sandbox/rakudo-star-daily/star/rakudo-star-daily/modules/Perl6-MIME-Base64/lib/MIME/Base64.pm6:3
------> [32m<<<<<<<[33m⏏[31m HEAD[0m
  from t/basic.t:7
Found a version control conflict marker
at /home/coke/sandbox/rakudo-star-daily/star/rakudo-star-daily/modules/Perl6-MIME-Base64/lib/MIME/Base64.pm6:13
------> [32m<<<<<<<[33m⏏[31m HEAD[0m
  from t/basic.t:7

t/basic.t ................. 
Dubious, test returned 1 (wstat 256, 0x100)
No subtests run 
[31m===[0mSORRY![31m===[0m
Found a version control conflict marker
at /home/coke/sandbox/rakudo-star-daily/star/rakudo-star-daily/modules/Perl6-MIME-Base64/lib/MIME/Base64.pm6:3
------> [32m<<<<<<<[33m⏏[31m HEAD[0m
  from t/binary-and-long-line.t:7
Found a version control conflict marker
at /home/coke/sandbox/rakudo-star-daily/star/rakudo-star-daily/modules/Perl6-MIME-Base64/lib/MIME/Base64.pm6:13
------> [32m<<<<<<<[33m⏏[31m HEAD[0m
  from t/binary-and-long-line.t:7

t/binary-and-long-line.t .. 
Dubious, test returned 1 (wstat 256, 0x100)
No subtests run 
[31m===[0mSORRY![31m===[0m
Found a version control conflict marker
at /home/coke/sandbox/rakudo-star-daily/star/rakudo-star-daily/modules/Perl6-MIME-Base64/lib/MIME/Base64.pm6:3
------> [32m<<<<<<<[33m⏏[31m HEAD[0m
  from t/rfc4648-test-vector.t:9
Found a version control conflict marker
at /home/coke/sandbox/rakudo-star-daily/star/rakudo-star-daily/modules/Perl6-MIME-Base64/lib/MIME/Base64.pm6:13
------> [32m<<<<<<<[33m⏏[31m HEAD[0m
  from t/rfc4648-test-vector.t:9

t/rfc4648-test-vector.t ... 
Dubious, test returned 1 (wstat 256, 0x100)
No subtests run 

Test Summary Report
-------------------
t/basic.t               (Wstat: 256 Tests: 0 Failed: 0)
  Non-zero exit status: 1
  Parse errors: No plan found in TAP output
t/binary-and-long-line.t (Wstat: 256 Tests: 0 Failed: 0)
  Non-zero exit status: 1
  Parse errors: No plan found in TAP output
t/rfc4648-test-vector.t (Wstat: 256 Tests: 0 Failed: 0)
  Non-zero exit status: 1
  Parse errors: No plan found in TAP output
Files=3, Tests=0, 11 wallclock secs ( 0.03 usr  0.00 sys + 10.40 cusr  0.77 csys = 11.20 CPU)
Result: FAIL

Testing modules/uri...
t/01.t ................... ok
t/escape.t ............... ok
t/november-urlencoded.t .. ok
t/rfc-3986-examples.t .... ok
All tests successful.
Files=4, Tests=91, 13 wallclock secs ( 0.04 usr  0.02 sys + 12.19 cusr  1.10 csys = 13.35 CPU)
Result: PASS

Testing modules/perl6-lwp-simple...
[31m===[0mSORRY![31m===[0m
Found a version control conflict marker
at /home/coke/sandbox/rakudo-star-daily/star/rakudo-star-daily/install/lib/parrot/5.9.0/languages/perl6/lib/MIME/Base64.pm6:3
------> [32m<<<<<<<[33m⏏[31m HEAD[0m
  from module LWP::Simple (/home/coke/sandbox/rakudo-star-daily/star/rakudo-star-daily/install/lib/parrot/5.9.0/languages/perl6/lib/LWP/Simple.pm:5)
  from t/000-load-module.t:4
Found a version control conflict marker
at /home/coke/sandbox/rakudo-star-daily/star/rakudo-star-daily/install/lib/parrot/5.9.0/languages/perl6/lib/MIME/Base64.pm6:13
------> [32m<<<<<<<[33m⏏[31m HEAD[0m
  from module LWP::Simple (/home/coke/sandbox/rakudo-star-daily/star/rakudo-star-daily/install/lib/parrot/5.9.0/languages/perl6/lib/LWP/Simple.pm:5)
  from t/000-load-module.t:4

t/000-load-module.t ............. 
Dubious, test returned 1 (wstat 256, 0x100)
No subtests run 
[31m===[0mSORRY![31m===[0m
Found a version control conflict marker
at /home/coke/sandbox/rakudo-star-daily/star/rakudo-star-daily/install/lib/parrot/5.9.0/languages/perl6/lib/MIME/Base64.pm6:3
------> [32m<<<<<<<[33m⏏[31m HEAD[0m
  from module LWP::Simple (/home/coke/sandbox/rakudo-star-daily/star/rakudo-star-daily/install/lib/parrot/5.9.0/languages/perl6/lib/LWP/Simple.pm:5)
  from t/basic-auth.t:8
Found a version control conflict marker
at /home/coke/sandbox/rakudo-star-daily/star/rakudo-star-daily/install/lib/parrot/5.9.0/languages/perl6/lib/MIME/Base64.pm6:13
------> [32m<<<<<<<[33m⏏[31m HEAD[0m
  from module LWP::Simple (/home/coke/sandbox/rakudo-star-daily/star/rakudo-star-daily/install/lib/parrot/5.9.0/languages/perl6/lib/LWP/Simple.pm:5)
  from t/basic-auth.t:8

t/basic-auth.t .................. 
Dubious, test returned 1 (wstat 256, 0x100)
No subtests run 
[31m===[0mSORRY![31m===[0m
Found a version control conflict marker
at /home/coke/sandbox/rakudo-star-daily/star/rakudo-star-daily/install/lib/parrot/5.9.0/languages/perl6/lib/MIME/Base64.pm6:3
------> [32m<<<<<<<[33m⏏[31m HEAD[0m
  from module LWP::Simple (/home/coke/sandbox/rakudo-star-daily/star/rakudo-star-daily/install/lib/parrot/5.9.0/languages/perl6/lib/LWP/Simple.pm:5)
  from t/custom-headers-and-content.t:4
Found a version control conflict marker
at /home/coke/sandbox/rakudo-star-daily/star/rakudo-star-daily/install/lib/parrot/5.9.0/languages/perl6/lib/MIME/Base64.pm6:13
------> [32m<<<<<<<[33m⏏[31m HEAD[0m
  from module LWP::Simple (/home/coke/sandbox/rakudo-star-daily/star/rakudo-star-daily/install/lib/parrot/5.9.0/languages/perl6/lib/LWP/Simple.pm:5)
  from t/custom-headers-and-content.t:4

t/custom-headers-and-content.t .. 
Dubious, test returned 1 (wstat 256, 0x100)
No subtests run 
[31m===[0mSORRY![31m===[0m
Found a version control conflict marker
at /home/coke/sandbox/rakudo-star-daily/star/rakudo-star-daily/install/lib/parrot/5.9.0/languages/perl6/lib/MIME/Base64.pm6:3
------> [32m<<<<<<<[33m⏏[31m HEAD[0m
  from module LWP::Simple (/home/coke/sandbox/rakudo-star-daily/star/rakudo-star-daily/install/lib/parrot/5.9.0/languages/perl6/lib/LWP/Simple.pm:5)
  from t/get-binary-camelia.t:4
Found a version control conflict marker
at /home/coke/sandbox/rakudo-star-daily/star/rakudo-star-daily/install/lib/parrot/5.9.0/languages/perl6/lib/MIME/Base64.pm6:13
------> [32m<<<<<<<[33m⏏[31m HEAD[0m
  from module LWP::Simple (/home/coke/sandbox/rakudo-star-daily/star/rakudo-star-daily/install/lib/parrot/5.9.0/languages/perl6/lib/LWP/Simple.pm:5)
  from t/get-binary-camelia.t:4

t/get-binary-camelia.t .......... 
Dubious, test returned 1 (wstat 256, 0x100)
No subtests run 
[31m===[0mSORRY![31m===[0m
Found a version control conflict marker
at /home/coke/sandbox/rakudo-star-daily/star/rakudo-star-daily/install/lib/parrot/5.9.0/languages/perl6/lib/MIME/Base64.pm6:3
------> [32m<<<<<<<[33m⏏[31m HEAD[0m
  from module LWP::Simple (/home/coke/sandbox/rakudo-star-daily/star/rakudo-star-daily/install/lib/parrot/5.9.0/languages/perl6/lib/LWP/Simple.pm:5)
  from t/get-chunked-6guts.t:4
Found a version control conflict marker
at /home/coke/sandbox/rakudo-star-daily/star/rakudo-star-daily/install/lib/parrot/5.9.0/languages/perl6/lib/MIME/Base64.pm6:13
------> [32m<<<<<<<[33m⏏[31m HEAD[0m
  from module LWP::Simple (/home/coke/sandbox/rakudo-star-daily/star/rakudo-star-daily/install/lib/parrot/5.9.0/languages/perl6/lib/LWP/Simple.pm:5)
  from t/get-chunked-6guts.t:4

t/get-chunked-6guts.t ........... 
Dubious, test returned 1 (wstat 256, 0x100)
No subtests run 
[31m===[0mSORRY![31m===[0m
Found a version control conflict marker
at /home/coke/sandbox/rakudo-star-daily/star/rakudo-star-daily/install/lib/parrot/5.9.0/languages/perl6/lib/MIME/Base64.pm6:3
------> [32m<<<<<<<[33m⏏[31m HEAD[0m
  from module LWP::Simple (/home/coke/sandbox/rakudo-star-daily/star/rakudo-star-daily/install/lib/parrot/5.9.0/languages/perl6/lib/LWP/Simple.pm:5)
  from t/get-perl6-org.t:4
Found a version control conflict marker
at /home/coke/sandbox/rakudo-star-daily/star/rakudo-star-daily/install/lib/parrot/5.9.0/languages/perl6/lib/MIME/Base64.pm6:13
------> [32m<<<<<<<[33m⏏[31m HEAD[0m
  from module LWP::Simple (/home/coke/sandbox/rakudo-star-daily/star/rakudo-star-daily/install/lib/parrot/5.9.0/languages/perl6/lib/LWP/Simple.pm:5)
  from t/get-perl6-org.t:4

t/get-perl6-org.t ............... 
Dubious, test returned 1 (wstat 256, 0x100)
No subtests run 
[31m===[0mSORRY![31m===[0m
Found a version control conflict marker
at /home/coke/sandbox/rakudo-star-daily/star/rakudo-star-daily/install/lib/parrot/5.9.0/languages/perl6/lib/MIME/Base64.pm6:3
------> [32m<<<<<<<[33m⏏[31m HEAD[0m
  from module LWP::Simple (/home/coke/sandbox/rakudo-star-daily/star/rakudo-star-daily/install/lib/parrot/5.9.0/languages/perl6/lib/LWP/Simple.pm:5)
  from t/get-unsized.t:4
Found a version control conflict marker
at /home/coke/sandbox/rakudo-star-daily/star/rakudo-star-daily/install/lib/parrot/5.9.0/languages/perl6/lib/MIME/Base64.pm6:13
------> [32m<<<<<<<[33m⏏[31m HEAD[0m
  from module LWP::Simple (/home/coke/sandbox/rakudo-star-daily/star/rakudo-star-daily/install/lib/parrot/5.9.0/languages/perl6/lib/LWP/Simple.pm:5)
  from t/get-unsized.t:4

t/get-unsized.t ................. 
Dubious, test returned 1 (wstat 256, 0x100)
No subtests run 
[31m===[0mSORRY![31m===[0m
Found a version control conflict marker
at /home/coke/sandbox/rakudo-star-daily/star/rakudo-star-daily/install/lib/parrot/5.9.0/languages/perl6/lib/MIME/Base64.pm6:3
------> [32m<<<<<<<[33m⏏[31m HEAD[0m
  from module LWP::Simple (/home/coke/sandbox/rakudo-star-daily/star/rakudo-star-daily/install/lib/parrot/5.9.0/languages/perl6/lib/LWP/Simple.pm:5)
  from t/get-w3-latin1-utf8.t:4
Found a version control conflict marker
at /home/coke/sandbox/rakudo-star-daily/star/rakudo-star-daily/install/lib/parrot/5.9.0/languages/perl6/lib/MIME/Base64.pm6:13
------> [32m<<<<<<<[33m⏏[31m HEAD[0m
  from module LWP::Simple (/home/coke/sandbox/rakudo-star-daily/star/rakudo-star-daily/install/lib/parrot/5.9.0/languages/perl6/lib/LWP/Simple.pm:5)
  from t/get-w3-latin1-utf8.t:4

t/get-w3-latin1-utf8.t .......... 
Dubious, test returned 1 (wstat 256, 0x100)
No subtests run 
[31m===[0mSORRY![31m===[0m
Found a version control conflict marker
at /home/coke/sandbox/rakudo-star-daily/star/rakudo-star-daily/install/lib/parrot/5.9.0/languages/perl6/lib/MIME/Base64.pm6:3
------> [32m<<<<<<<[33m⏏[31m HEAD[0m
  from module LWP::Simple (/home/coke/sandbox/rakudo-star-daily/star/rakudo-star-daily/install/lib/parrot/5.9.0/languages/perl6/lib/LWP/Simple.pm:5)
  from t/get-w3-redirect.t:4
Found a version control conflict marker
at /home/coke/sandbox/rakudo-star-daily/star/rakudo-star-daily/install/lib/parrot/5.9.0/languages/perl6/lib/MIME/Base64.pm6:13
------> [32m<<<<<<<[33m⏏[31m HEAD[0m
  from module LWP::Simple (/home/coke/sandbox/rakudo-star-daily/star/rakudo-star-daily/install/lib/parrot/5.9.0/languages/perl6/lib/LWP/Simple.pm:5)
  from t/get-w3-redirect.t:4

t/get-w3-redirect.t ............. 
Dubious, test returned 1 (wstat 256, 0x100)
No subtests run 
[31m===[0mSORRY![31m===[0m
Found a version control conflict marker
at /home/coke/sandbox/rakudo-star-daily/star/rakudo-star-daily/install/lib/parrot/5.9.0/languages/perl6/lib/MIME/Base64.pm6:3
------> [32m<<<<<<<[33m⏏[31m HEAD[0m
  from module LWP::Simple (/home/coke/sandbox/rakudo-star-daily/star/rakudo-star-daily/install/lib/parrot/5.9.0/languages/perl6/lib/LWP/Simple.pm:5)
  from t/getstore.t:4
Found a version control conflict marker
at /home/coke/sandbox/rakudo-star-daily/star/rakudo-star-daily/install/lib/parrot/5.9.0/languages/perl6/lib/MIME/Base64.pm6:13
------> [32m<<<<<<<[33m⏏[31m HEAD[0m
  from module LWP::Simple (/home/coke/sandbox/rakudo-star-daily/star/rakudo-star-daily/install/lib/parrot/5.9.0/languages/perl6/lib/LWP/Simple.pm:5)
  from t/getstore.t:4

t/getstore.t .................... 
Dubious, test returned 1 (wstat 256, 0x100)
No subtests run 
[31m===[0mSORRY![31m===[0m
Found a version control conflict marker
at /home/coke/sandbox/rakudo-star-daily/star/rakudo-star-daily/install/lib/parrot/5.9.0/languages/perl6/lib/MIME/Base64.pm6:3
------> [32m<<<<<<<[33m⏏[31m HEAD[0m
  from module LWP::Simple (/home/coke/sandbox/rakudo-star-daily/star/rakudo-star-daily/install/lib/parrot/5.9.0/languages/perl6/lib/LWP/Simple.pm:5)
  from t/parse-url.t:8
Found a version control conflict marker
at /home/coke/sandbox/rakudo-star-daily/star/rakudo-star-daily/install/lib/parrot/5.9.0/languages/perl6/lib/MIME/Base64.pm6:13
------> [32m<<<<<<<[33m⏏[31m HEAD[0m
  from module LWP::Simple (/home/coke/sandbox/rakudo-star-daily/star/rakudo-star-daily/install/lib/parrot/5.9.0/languages/perl6/lib/LWP/Simple.pm:5)
  from t/parse-url.t:8

t/parse-url.t ................... 
Dubious, test returned 1 (wstat 256, 0x100)
No subtests run 
t/socket-sanity.t ............... ok
[31m===[0mSORRY![31m===[0m
Found a version control conflict marker
at /home/coke/sandbox/rakudo-star-daily/star/rakudo-star-daily/install/lib/parrot/5.9.0/languages/perl6/lib/MIME/Base64.pm6:3
------> [32m<<<<<<<[33m⏏[31m HEAD[0m
  from module LWP::Simple (/home/coke/sandbox/rakudo-star-daily/star/rakudo-star-daily/install/lib/parrot/5.9.0/languages/perl6/lib/LWP/Simple.pm:5)
  from t/stringify-headers.t:8
Found a version control conflict marker
at /home/coke/sandbox/rakudo-star-daily/star/rakudo-star-daily/install/lib/parrot/5.9.0/languages/perl6/lib/MIME/Base64.pm6:13
------> [32m<<<<<<<[33m⏏[31m HEAD[0m
  from module LWP::Simple (/home/coke/sandbox/rakudo-star-daily/star/rakudo-star-daily/install/lib/parrot/5.9.0/languages/perl6/lib/LWP/Simple.pm:5)
  from t/stringify-headers.t:8

t/stringify-headers.t ........... 
Dubious, test returned 1 (wstat 256, 0x100)
No subtests run 

Test Summary Report
-------------------
t/000-load-module.t           (Wstat: 256 Tests: 0 Failed: 0)
  Non-zero exit status: 1
  Parse errors: No plan found in TAP output
t/basic-auth.t                (Wstat: 256 Tests: 0 Failed: 0)
  Non-zero exit status: 1
  Parse errors: No plan found in TAP output
t/custom-headers-and-content.t (Wstat: 256 Tests: 0 Failed: 0)
  Non-zero exit status: 1
  Parse errors: No plan found in TAP output
t/get-binary-camelia.t        (Wstat: 256 Tests: 0 Failed: 0)
  Non-zero exit status: 1
  Parse errors: No plan found in TAP output
t/get-chunked-6guts.t         (Wstat: 256 Tests: 0 Failed: 0)
  Non-zero exit status: 1
  Parse errors: No plan found in TAP output
t/get-perl6-org.t             (Wstat: 256 Tests: 0 Failed: 0)
  Non-zero exit status: 1
  Parse errors: No plan found in TAP output
t/get-unsized.t               (Wstat: 256 Tests: 0 Failed: 0)
  Non-zero exit status: 1
  Parse errors: No plan found in TAP output
t/get-w3-latin1-utf8.t        (Wstat: 256 Tests: 0 Failed: 0)
  Non-zero exit status: 1
  Parse errors: No plan found in TAP output
t/get-w3-redirect.t           (Wstat: 256 Tests: 0 Failed: 0)
  Non-zero exit status: 1
  Parse errors: No plan found in TAP output
t/getstore.t                  (Wstat: 256 Tests: 0 Failed: 0)
  Non-zero exit status: 1
  Parse errors: No plan found in TAP output
t/parse-url.t                 (Wstat: 256 Tests: 0 Failed: 0)
  Non-zero exit status: 1
  Parse errors: No plan found in TAP output
t/stringify-headers.t         (Wstat: 256 Tests: 0 Failed: 0)
  Non-zero exit status: 1
  Parse errors: No plan found in TAP output
Files=13, Tests=2, 27 wallclock secs ( 0.06 usr  0.01 sys + 23.91 cusr  3.17 csys = 27.15 CPU)
Result: FAIL

Testing modules/json...
t/01-parse.t ...... ok
t/02-structure.t .. ok
t/03-unicode.t .... ok
t/04-roundtrip.t .. ok
All tests successful.
Files=4, Tests=119, 12 wallclock secs ( 0.06 usr  0.01 sys + 10.94 cusr  1.24 csys = 12.25 CPU)
Result: PASS

Testing modules/perl6-digest-md5...
t/0-load-module.t .. ok
t/perl5-compat.t ... ok
All tests successful.
Files=2, Tests=7,  3 wallclock secs ( 0.02 usr  0.01 sys +  1.93 cusr  0.44 csys =  2.40 CPU)
Result: PASS

Testing modules/file-find...
t/01-file-find.t .. ok
All tests successful.
Files=1, Tests=10,  6 wallclock secs ( 0.02 usr  0.01 sys +  6.08 cusr  0.28 csys =  6.39 CPU)
Result: PASS

Testing modules/shell-command...
===SORRY!===
!cursor_start_cur cannot restart a cursor
t/02-shell-command.t .. 
Dubious, test returned 1 (wstat 256, 0x100)
No subtests run 

Test Summary Report
-------------------
t/02-shell-command.t (Wstat: 256 Tests: 0 Failed: 0)
  Non-zero exit status: 1
  Parse errors: No plan found in TAP output
Files=1, Tests=0,  2 wallclock secs ( 0.02 usr  0.01 sys +  1.44 cusr  0.25 csys =  1.72 CPU)
Result: FAIL

Testing modules/panda...
===SORRY!===
!cursor_start_cur cannot restart a cursor
t/builder.t .... 
Dubious, test returned 1 (wstat 256, 0x100)
No subtests run 
===SORRY!===
!cursor_start_cur cannot restart a cursor
t/common.t ..... 
Dubious, test returned 1 (wstat 256, 0x100)
No subtests run 
===SORRY!===
!cursor_start_cur cannot restart a cursor
t/ecosystem.t .. 
Dubious, test returned 1 (wstat 256, 0x100)
No subtests run 
===SORRY!===
!cursor_start_cur cannot restart a cursor
t/installer.t .. 
Dubious, test returned 1 (wstat 256, 0x100)
No subtests run 
===SORRY!===
!cursor_start_cur cannot restart a cursor
t/tester.t ..... 
Dubious, test returned 1 (wstat 256, 0x100)
No subtests run 

Test Summary Report
-------------------
t/builder.t  (Wstat: 256 Tests: 0 Failed: 0)
  Non-zero exit status: 1
  Parse errors: No plan found in TAP output
t/common.t   (Wstat: 256 Tests: 0 Failed: 0)
  Non-zero exit status: 1
  Parse errors: No plan found in TAP output
t/ecosystem.t (Wstat: 256 Tests: 0 Failed: 0)
  Non-zero exit status: 1
  Parse errors: No plan found in TAP output
t/installer.t (Wstat: 256 Tests: 0 Failed: 0)
  Non-zero exit status: 1
  Parse errors: No plan found in TAP output
t/tester.t   (Wstat: 256 Tests: 0 Failed: 0)
  Non-zero exit status: 1
  Parse errors: No plan found in TAP output
Files=5, Tests=0,  9 wallclock secs ( 0.05 usr  0.02 sys +  7.89 cusr  1.18 csys =  9.14 CPU)
Result: FAIL

Testing modules/perl6-http-status...
t/01-basic.t .. ok
All tests successful.
Files=1, Tests=4,  2 wallclock secs ( 0.02 usr  0.00 sys +  0.94 cusr  0.21 csys =  1.17 CPU)
Result: PASS

Testing modules/PSGI...
t/encode-psgi-response.t .. ok
All tests successful.
Files=1, Tests=24,  2 wallclock secs ( 0.02 usr  0.00 sys +  2.09 cusr  0.28 csys =  2.39 CPU)
Result: PASS

Testing modules/perl6-http-easy...
...no t/ directory found.

Testing modules/Template-Mojo...
t/00-basic.t ..... ok
t/01-template.t .. ok
t/02-complex.t ... ok
All tests successful.
Files=3, Tests=21,  8 wallclock secs ( 0.04 usr  0.02 sys +  7.20 cusr  0.76 csys =  8.02 CPU)
Result: PASS

Testing modules/Bailador...
t/01-route-existance.t ... ok
t/02-response-status.t ... ok
t/03-response-content.t .. ok
t/04-templates.t ......... ok
t/05-post-content.t ...... ok
All tests successful.
Files=5, Tests=19, 17 wallclock secs ( 0.02 usr  0.02 sys + 15.85 cusr  1.25 csys = 17.14 CPU)
Result: PASS

Testing modules/DBIish...
t/05-mock.t ........... ok
t/10-mysql.t .......... ok
t/25-mysql-common.t ... ok
t/30-Pg.t ............. ok
t/35-Pg-common.t ...... ok
t/40-sqlite-common.t .. ok
All tests successful.
Files=6, Tests=218, 42 wallclock secs ( 0.06 usr  0.01 sys + 40.28 cusr  1.73 csys = 42.08 CPU)
Result: PASS

Testing modules/jsonrpc...
[31m===[0mSORRY![31m===[0m
Found a version control conflict marker
at /home/coke/sandbox/rakudo-star-daily/star/rakudo-star-daily/install/lib/parrot/5.9.0/languages/perl6/lib/MIME/Base64.pm6:3
------> [32m<<<<<<<[33m⏏[31m HEAD[0m
  from module LWP::Simple (/home/coke/sandbox/rakudo-star-daily/star/rakudo-star-daily/install/lib/parrot/5.9.0/languages/perl6/lib/LWP/Simple.pm:5)
  from module JSON::RPC::Client (/home/coke/sandbox/rakudo-star-daily/star/rakudo-star-daily/modules/jsonrpc/lib/JSON/RPC/Client.pm:2)
  from t/client.t:5
Found a version control conflict marker
at /home/coke/sandbox/rakudo-star-daily/star/rakudo-star-daily/install/lib/parrot/5.9.0/languages/perl6/lib/MIME/Base64.pm6:13
------> [32m<<<<<<<[33m⏏[31m HEAD[0m
  from module LWP::Simple (/home/coke/sandbox/rakudo-star-daily/star/rakudo-star-daily/install/lib/parrot/5.9.0/languages/perl6/lib/LWP/Simple.pm:5)
  from module JSON::RPC::Client (/home/coke/sandbox/rakudo-star-daily/star/rakudo-star-daily/modules/jsonrpc/lib/JSON/RPC/Client.pm:2)
  from t/client.t:5

t/client.t .. 
Dubious, test returned 1 (wstat 256, 0x100)
No subtests run 
t/server.t .. 
Failed 2/29 subtests 

Test Summary Report
-------------------
t/client.t (Wstat: 256 Tests: 0 Failed: 0)
  Non-zero exit status: 1
  Parse errors: No plan found in TAP output
t/server.t (Wstat: 0 Tests: 29 Failed: 2)
  Failed tests:  19-20
Files=2, Tests=29, 22 wallclock secs ( 0.03 usr  0.01 sys + 21.23 cusr  0.61 csys = 21.88 CPU)
Result: FAIL

Testing modules/Pod-To-HTML...
t/01-basic.t .... ok
t/02-code.t ..... ok
t/03-comment.t .. ok
t/04-lists.t .... ok
All tests successful.
Files=4, Tests=8,  9 wallclock secs ( 0.03 usr  0.00 sys +  8.55 cusr  1.01 csys =  9.59 CPU)
Result: PASS

Testing modules/doc...
t/typegraph.t .. ok
All tests successful.
Files=1, Tests=8, 10 wallclock secs ( 0.02 usr  0.00 sys +  9.06 cusr  0.30 csys =  9.38 CPU)
Result: PASS

Testing modules/rakudo-debugger...
...no t/ directory found.

