cd rakudo && make test
make[1]: Entering directory `/home/coke/sandbox/rakudo-star-daily/star/rakudo-star-daily/rakudo'
/usr/bin/perl t/harness t/00-parrot t/01-sanity
t/00-parrot/09-pir.t ............... ok
t/01-sanity/01-literals.t .......... ok
t/01-sanity/02-op-math.t ........... ok
t/01-sanity/03-op-logic.t .......... ok
t/01-sanity/04-op-cmp.t ............ ok
t/01-sanity/05-var.t ............... ok
t/01-sanity/06-op-inplace.t ........ ok
t/01-sanity/07-op-string.t ......... ok
t/01-sanity/08-var-array.t ......... ok
t/01-sanity/09-end-blocks.t ........ ok
t/01-sanity/10-regex.t ............. ok
t/01-sanity/11-tap.t ............... ok
t/01-sanity/12-counter.t ........... ok
t/01-sanity/13-equal.t ............. ok
t/01-sanity/14-if.t ................ ok
t/01-sanity/15-sub.t ............... ok
t/01-sanity/16-eqv.t ............... ok
t/01-sanity/17-isa.t ............... ok
t/01-sanity/18-simple-multisubs.t .. ok
t/01-sanity/19-say.t ............... ok
t/01-sanity/20-defined.t ........... ok
t/01-sanity/21-try.t ............... ok
t/01-sanity/99-test-basic.t ........ ok
All tests successful.
Files=23, Tests=274, 31 wallclock secs ( 0.12 usr  0.02 sys + 25.36 cusr  5.86 csys = 31.36 CPU)
Result: PASS
make[1]: Leaving directory `/home/coke/sandbox/rakudo-star-daily/star/rakudo-star-daily/rakudo'
